[0.530s] Invoking command in '/mnt/c/Users/nanda/Downloads/ros2_ws/build/robot_description': CMAKE_PREFIX_PATH=${CMAKE_PREFIX_PATH}:/opt/ros/jazzy /usr/bin/cmake --build /mnt/c/Users/nanda/Downloads/ros2_ws/build/robot_description -- -j12 -l12
[1.718s] Invoked command in '/mnt/c/Users/nanda/Downloads/ros2_ws/build/robot_description' returned '0': CMAKE_PREFIX_PATH=${CMAKE_PREFIX_PATH}:/opt/ros/jazzy /usr/bin/cmake --build /mnt/c/Users/nanda/Downloads/ros2_ws/build/robot_description -- -j12 -l12
[2.000s] Invoking command in '/mnt/c/Users/nanda/Downloads/ros2_ws/build/robot_description': CMAKE_PREFIX_PATH=${CMAKE_PREFIX_PATH}:/opt/ros/jazzy /usr/bin/cmake --install /mnt/c/Users/nanda/Downloads/ros2_ws/build/robot_description
[2.125s] -- Install configuration: ""
[2.273s] -- Execute custom install script
[2.755s] -- Up-to-date symlink: /mnt/c/Users/nanda/Downloads/ros2_ws/install/robot_description/share/robot_description/launch/robot_gazebo.launch.py
[3.245s] -- Up-to-date symlink: /mnt/c/Users/nanda/Downloads/ros2_ws/install/robot_description/share/robot_description/urdf/robot.xacro
[3.770s] -- Up-to-date symlink: /mnt/c/Users/nanda/Downloads/ros2_ws/install/robot_description/share/robot_description/config/gz_bridge.yaml
[4.110s] -- Up-to-date symlink: /mnt/c/Users/nanda/Downloads/ros2_ws/install/robot_description/share/robot_description/config/robot.rviz
[4.471s] -- Up-to-date symlink: /mnt/c/Users/nanda/Downloads/ros2_ws/install/robot_description/share/robot_description/config/slam.rviz
[5.068s] -- Up-to-date symlink: /mnt/c/Users/nanda/Downloads/ros2_ws/install/robot_description/share/ament_index/resource_index/package_run_dependencies/robot_description
[5.561s] -- Up-to-date symlink: /mnt/c/Users/nanda/Downloads/ros2_ws/install/robot_description/share/ament_index/resource_index/parent_prefix_path/robot_description
[5.722s] -- Up-to-date symlink: /mnt/c/Users/nanda/Downloads/ros2_ws/install/robot_description/share/robot_description/environment/ament_prefix_path.sh
[5.956s] -- Up-to-date symlink: /mnt/c/Users/nanda/Downloads/ros2_ws/install/robot_description/share/robot_description/environment/ament_prefix_path.dsv
[6.176s] -- Up-to-date symlink: /mnt/c/Users/nanda/Downloads/ros2_ws/install/robot_description/share/robot_description/environment/path.sh
[6.400s] -- Up-to-date symlink: /mnt/c/Users/nanda/Downloads/ros2_ws/install/robot_description/share/robot_description/environment/path.dsv
[6.579s] -- Up-to-date symlink: /mnt/c/Users/nanda/Downloads/ros2_ws/install/robot_description/share/robot_description/local_setup.bash
[6.790s] -- Up-to-date symlink: /mnt/c/Users/nanda/Downloads/ros2_ws/install/robot_description/share/robot_description/local_setup.sh
[7.033s] -- Up-to-date symlink: /mnt/c/Users/nanda/Downloads/ros2_ws/install/robot_description/share/robot_description/local_setup.zsh
[7.212s] -- Up-to-date symlink: /mnt/c/Users/nanda/Downloads/ros2_ws/install/robot_description/share/robot_description/local_setup.dsv
[7.309s] -- Symlinking: /mnt/c/Users/nanda/Downloads/ros2_ws/install/robot_description/share/robot_description/package.dsv
[8.037s] -- Up-to-date symlink: /mnt/c/Users/nanda/Downloads/ros2_ws/install/robot_description/share/ament_index/resource_index/packages/robot_description
[8.383s] -- Up-to-date symlink: /mnt/c/Users/nanda/Downloads/ros2_ws/install/robot_description/share/robot_description/cmake/robot_descriptionConfig.cmake
[8.549s] -- Up-to-date symlink: /mnt/c/Users/nanda/Downloads/ros2_ws/install/robot_description/share/robot_description/cmake/robot_descriptionConfig-version.cmake
[8.694s] -- Up-to-date symlink: /mnt/c/Users/nanda/Downloads/ros2_ws/install/robot_description/share/robot_description/package.xml
[8.717s] Invoked command in '/mnt/c/Users/nanda/Downloads/ros2_ws/build/robot_description' returned '0': CMAKE_PREFIX_PATH=${CMAKE_PREFIX_PATH}:/opt/ros/jazzy /usr/bin/cmake --install /mnt/c/Users/nanda/Downloads/ros2_ws/build/robot_description
