[0.500s] DEBUG:colcon:Command line arguments: ['/usr/bin/colcon', 'build', '--symlink-install']
[0.501s] DEBUG:colcon:Parsed command line arguments: Namespace(log_base=None, log_level=None, verb_name='build', build_base='build', install_base='install', merge_install=False, symlink_install=True, test_result_base=None, continue_on_error=False, executor='parallel', parallel_workers=12, event_handlers=None, ignore_user_meta=False, metas=['./colcon.meta'], base_paths=['.'], packages_ignore=None, packages_ignore_regex=None, paths=None, packages_up_to=None, packages_up_to_regex=None, packages_above=None, packages_above_and_dependencies=None, packages_above_depth=None, packages_select_by_dep=None, packages_skip_by_dep=None, packages_skip_up_to=None, packages_select_build_failed=False, packages_skip_build_finished=False, packages_select_test_failures=False, packages_skip_test_passed=False, packages_select=None, packages_skip=None, packages_select_regex=None, packages_skip_regex=None, packages_start=None, packages_end=None, allow_overriding=[], cmake_args=None, cmake_target=None, cmake_target_skip_unavailable=False, cmake_clean_cache=False, cmake_clean_first=False, cmake_force_configure=False, ament_cmake_args=None, catkin_cmake_args=None, catkin_skip_building_tests=False, mixin_files=None, mixin=None, verb_parser=<colcon_mixin.mixin.mixin_argument.MixinArgumentDecorator object at 0x7430e83869c0>, verb_extension=<colcon_core.verb.build.BuildVerb object at 0x7430e84b6a50>, main=<bound method BuildVerb.main of <colcon_core.verb.build.BuildVerb object at 0x7430e84b6a50>>, mixin_verb=('build',))
[0.585s] Level 1:colcon.colcon_core.package_discovery:discover_packages(colcon_meta) check parameters
[0.586s] Level 1:colcon.colcon_core.package_discovery:discover_packages(recursive) check parameters
[0.586s] Level 1:colcon.colcon_core.package_discovery:discover_packages(ignore) check parameters
[0.587s] Level 1:colcon.colcon_core.package_discovery:discover_packages(path) check parameters
[0.587s] Level 1:colcon.colcon_core.package_discovery:discover_packages(colcon_meta) discover
[0.587s] Level 1:colcon.colcon_core.package_discovery:discover_packages(recursive) discover
[0.588s] INFO:colcon.colcon_core.package_discovery:Crawling recursively for packages in '/mnt/c/Users/nanda/Downloads/ros2_ws'
[0.593s] Level 1:colcon.colcon_core.package_identification:_identify(.) by extensions ['ignore', 'ignore_ament_install']
[0.593s] Level 1:colcon.colcon_core.package_identification:_identify(.) by extension 'ignore'
[0.594s] Level 1:colcon.colcon_core.package_identification:_identify(.) by extension 'ignore_ament_install'
[0.596s] Level 1:colcon.colcon_core.package_identification:_identify(.) by extensions ['colcon_pkg']
[0.597s] Level 1:colcon.colcon_core.package_identification:_identify(.) by extension 'colcon_pkg'
[0.598s] Level 1:colcon.colcon_core.package_identification:_identify(.) by extensions ['colcon_meta']
[0.598s] Level 1:colcon.colcon_core.package_identification:_identify(.) by extension 'colcon_meta'
[0.599s] Level 1:colcon.colcon_core.package_identification:_identify(.) by extensions ['ros']
[0.599s] Level 1:colcon.colcon_core.package_identification:_identify(.) by extension 'ros'
[0.629s] Level 1:colcon.colcon_core.package_identification:_identify(.) by extensions ['cmake', 'python']
[0.629s] Level 1:colcon.colcon_core.package_identification:_identify(.) by extension 'cmake'
[0.630s] Level 1:colcon.colcon_core.package_identification:_identify(.) by extension 'python'
[0.631s] Level 1:colcon.colcon_core.package_identification:_identify(.) by extensions ['python_setup_py']
[0.632s] Level 1:colcon.colcon_core.package_identification:_identify(.) by extension 'python_setup_py'
[0.638s] Level 1:colcon.colcon_core.package_identification:_identify(build) by extensions ['ignore', 'ignore_ament_install']
[0.639s] Level 1:colcon.colcon_core.package_identification:_identify(build) by extension 'ignore'
[0.642s] Level 1:colcon.colcon_core.package_identification:_identify(build) ignored
[0.648s] Level 1:colcon.colcon_core.package_identification:_identify(install) by extensions ['ignore', 'ignore_ament_install']
[0.648s] Level 1:colcon.colcon_core.package_identification:_identify(install) by extension 'ignore'
[0.652s] Level 1:colcon.colcon_core.package_identification:_identify(install) ignored
[0.662s] Level 1:colcon.colcon_core.package_identification:_identify(log) by extensions ['ignore', 'ignore_ament_install']
[0.663s] Level 1:colcon.colcon_core.package_identification:_identify(log) by extension 'ignore'
[0.665s] Level 1:colcon.colcon_core.package_identification:_identify(log) ignored
[0.670s] Level 1:colcon.colcon_core.package_identification:_identify(src) by extensions ['ignore', 'ignore_ament_install']
[0.671s] Level 1:colcon.colcon_core.package_identification:_identify(src) by extension 'ignore'
[0.673s] Level 1:colcon.colcon_core.package_identification:_identify(src) by extension 'ignore_ament_install'
[0.676s] Level 1:colcon.colcon_core.package_identification:_identify(src) by extensions ['colcon_pkg']
[0.677s] Level 1:colcon.colcon_core.package_identification:_identify(src) by extension 'colcon_pkg'
[0.678s] Level 1:colcon.colcon_core.package_identification:_identify(src) by extensions ['colcon_meta']
[0.678s] Level 1:colcon.colcon_core.package_identification:_identify(src) by extension 'colcon_meta'
[0.680s] Level 1:colcon.colcon_core.package_identification:_identify(src) by extensions ['ros']
[0.680s] Level 1:colcon.colcon_core.package_identification:_identify(src) by extension 'ros'
[0.688s] Level 1:colcon.colcon_core.package_identification:_identify(src) by extensions ['cmake', 'python']
[0.689s] Level 1:colcon.colcon_core.package_identification:_identify(src) by extension 'cmake'
[0.691s] Level 1:colcon.colcon_core.package_identification:_identify(src) by extension 'python'
[0.693s] Level 1:colcon.colcon_core.package_identification:_identify(src) by extensions ['python_setup_py']
[0.693s] Level 1:colcon.colcon_core.package_identification:_identify(src) by extension 'python_setup_py'
[0.704s] Level 1:colcon.colcon_core.package_identification:_identify(src/robot_bringup) by extensions ['ignore', 'ignore_ament_install']
[0.705s] Level 1:colcon.colcon_core.package_identification:_identify(src/robot_bringup) by extension 'ignore'
[0.709s] Level 1:colcon.colcon_core.package_identification:_identify(src/robot_bringup) by extension 'ignore_ament_install'
[0.715s] Level 1:colcon.colcon_core.package_identification:_identify(src/robot_bringup) by extensions ['colcon_pkg']
[0.716s] Level 1:colcon.colcon_core.package_identification:_identify(src/robot_bringup) by extension 'colcon_pkg'
[0.720s] Level 1:colcon.colcon_core.package_identification:_identify(src/robot_bringup) by extensions ['colcon_meta']
[0.720s] Level 1:colcon.colcon_core.package_identification:_identify(src/robot_bringup) by extension 'colcon_meta'
[0.725s] Level 1:colcon.colcon_core.package_identification:_identify(src/robot_bringup) by extensions ['ros']
[0.726s] Level 1:colcon.colcon_core.package_identification:_identify(src/robot_bringup) by extension 'ros'
[0.778s] DEBUG:colcon.colcon_core.package_identification:Package 'src/robot_bringup' with type 'ros.ament_cmake' and name 'robot_bringup'
[0.789s] Level 1:colcon.colcon_core.package_identification:_identify(src/robot_description) by extensions ['ignore', 'ignore_ament_install']
[0.790s] Level 1:colcon.colcon_core.package_identification:_identify(src/robot_description) by extension 'ignore'
[0.794s] Level 1:colcon.colcon_core.package_identification:_identify(src/robot_description) by extension 'ignore_ament_install'
[0.801s] Level 1:colcon.colcon_core.package_identification:_identify(src/robot_description) by extensions ['colcon_pkg']
[0.802s] Level 1:colcon.colcon_core.package_identification:_identify(src/robot_description) by extension 'colcon_pkg'
[0.805s] Level 1:colcon.colcon_core.package_identification:_identify(src/robot_description) by extensions ['colcon_meta']
[0.806s] Level 1:colcon.colcon_core.package_identification:_identify(src/robot_description) by extension 'colcon_meta'
[0.811s] Level 1:colcon.colcon_core.package_identification:_identify(src/robot_description) by extensions ['ros']
[0.812s] Level 1:colcon.colcon_core.package_identification:_identify(src/robot_description) by extension 'ros'
[0.844s] DEBUG:colcon.colcon_core.package_identification:Package 'src/robot_description' with type 'ros.ament_cmake' and name 'robot_description'
[0.853s] Level 1:colcon.colcon_core.package_identification:_identify(src/robot_navigation) by extensions ['ignore', 'ignore_ament_install']
[0.854s] Level 1:colcon.colcon_core.package_identification:_identify(src/robot_navigation) by extension 'ignore'
[0.857s] Level 1:colcon.colcon_core.package_identification:_identify(src/robot_navigation) by extension 'ignore_ament_install'
[0.862s] Level 1:colcon.colcon_core.package_identification:_identify(src/robot_navigation) by extensions ['colcon_pkg']
[0.862s] Level 1:colcon.colcon_core.package_identification:_identify(src/robot_navigation) by extension 'colcon_pkg'
[0.865s] Level 1:colcon.colcon_core.package_identification:_identify(src/robot_navigation) by extensions ['colcon_meta']
[0.865s] Level 1:colcon.colcon_core.package_identification:_identify(src/robot_navigation) by extension 'colcon_meta'
[0.870s] Level 1:colcon.colcon_core.package_identification:_identify(src/robot_navigation) by extensions ['ros']
[0.871s] Level 1:colcon.colcon_core.package_identification:_identify(src/robot_navigation) by extension 'ros'
[0.899s] DEBUG:colcon.colcon_core.package_identification:Package 'src/robot_navigation' with type 'ros.ament_cmake' and name 'robot_navigation'
[0.905s] Level 1:colcon.colcon_core.package_identification:_identify(worlds) by extensions ['ignore', 'ignore_ament_install']
[0.906s] Level 1:colcon.colcon_core.package_identification:_identify(worlds) by extension 'ignore'
[0.907s] Level 1:colcon.colcon_core.package_identification:_identify(worlds) by extension 'ignore_ament_install'
[0.910s] Level 1:colcon.colcon_core.package_identification:_identify(worlds) by extensions ['colcon_pkg']
[0.911s] Level 1:colcon.colcon_core.package_identification:_identify(worlds) by extension 'colcon_pkg'
[0.912s] Level 1:colcon.colcon_core.package_identification:_identify(worlds) by extensions ['colcon_meta']
[0.913s] Level 1:colcon.colcon_core.package_identification:_identify(worlds) by extension 'colcon_meta'
[0.914s] Level 1:colcon.colcon_core.package_identification:_identify(worlds) by extensions ['ros']
[0.915s] Level 1:colcon.colcon_core.package_identification:_identify(worlds) by extension 'ros'
[0.921s] Level 1:colcon.colcon_core.package_identification:_identify(worlds) by extensions ['cmake', 'python']
[0.921s] Level 1:colcon.colcon_core.package_identification:_identify(worlds) by extension 'cmake'
[0.923s] Level 1:colcon.colcon_core.package_identification:_identify(worlds) by extension 'python'
[0.925s] Level 1:colcon.colcon_core.package_identification:_identify(worlds) by extensions ['python_setup_py']
[0.925s] Level 1:colcon.colcon_core.package_identification:_identify(worlds) by extension 'python_setup_py'
[0.927s] Level 1:colcon.colcon_core.package_discovery:discover_packages(recursive) using defaults
[0.927s] Level 1:colcon.colcon_core.package_discovery:discover_packages(ignore) discover
[0.928s] Level 1:colcon.colcon_core.package_discovery:discover_packages(ignore) using defaults
[0.928s] Level 1:colcon.colcon_core.package_discovery:discover_packages(path) discover
[0.928s] Level 1:colcon.colcon_core.package_discovery:discover_packages(path) using defaults
[0.961s] Level 1:colcon.colcon_core.package_discovery:discover_packages(prefix_path) check parameters
[0.962s] Level 1:colcon.colcon_core.package_discovery:discover_packages(prefix_path) discover
[1.141s] DEBUG:colcon.colcon_installed_package_information.package_discovery:Found 3 installed packages in /mnt/c/Users/nanda/Downloads/ros2_ws/install
[1.144s] DEBUG:colcon.colcon_installed_package_information.package_discovery:Found 390 installed packages in /opt/ros/jazzy
[1.148s] Level 1:colcon.colcon_core.package_discovery:discover_packages(prefix_path) using defaults
[1.413s] Level 5:colcon.colcon_core.verb:set package 'robot_description' build argument 'cmake_args' from command line to 'None'
[1.413s] Level 5:colcon.colcon_core.verb:set package 'robot_description' build argument 'cmake_target' from command line to 'None'
[1.414s] Level 5:colcon.colcon_core.verb:set package 'robot_description' build argument 'cmake_target_skip_unavailable' from command line to 'False'
[1.415s] Level 5:colcon.colcon_core.verb:set package 'robot_description' build argument 'cmake_clean_cache' from command line to 'False'
[1.416s] Level 5:colcon.colcon_core.verb:set package 'robot_description' build argument 'cmake_clean_first' from command line to 'False'
[1.416s] Level 5:colcon.colcon_core.verb:set package 'robot_description' build argument 'cmake_force_configure' from command line to 'False'
[1.417s] Level 5:colcon.colcon_core.verb:set package 'robot_description' build argument 'ament_cmake_args' from command line to 'None'
[1.418s] Level 5:colcon.colcon_core.verb:set package 'robot_description' build argument 'catkin_cmake_args' from command line to 'None'
[1.419s] Level 5:colcon.colcon_core.verb:set package 'robot_description' build argument 'catkin_skip_building_tests' from command line to 'False'
[1.420s] DEBUG:colcon.colcon_core.verb:Building package 'robot_description' with the following arguments: {'ament_cmake_args': None, 'build_base': '/mnt/c/Users/nanda/Downloads/ros2_ws/build/robot_description', 'catkin_cmake_args': None, 'catkin_skip_building_tests': False, 'cmake_args': None, 'cmake_clean_cache': False, 'cmake_clean_first': False, 'cmake_force_configure': False, 'cmake_target': None, 'cmake_target_skip_unavailable': False, 'install_base': '/mnt/c/Users/nanda/Downloads/ros2_ws/install/robot_description', 'merge_install': False, 'path': '/mnt/c/Users/nanda/Downloads/ros2_ws/src/robot_description', 'symlink_install': True, 'test_result_base': None}
[1.421s] Level 5:colcon.colcon_core.verb:set package 'robot_navigation' build argument 'cmake_args' from command line to 'None'
[1.421s] Level 5:colcon.colcon_core.verb:set package 'robot_navigation' build argument 'cmake_target' from command line to 'None'
[1.422s] Level 5:colcon.colcon_core.verb:set package 'robot_navigation' build argument 'cmake_target_skip_unavailable' from command line to 'False'
[1.423s] Level 5:colcon.colcon_core.verb:set package 'robot_navigation' build argument 'cmake_clean_cache' from command line to 'False'
[1.423s] Level 5:colcon.colcon_core.verb:set package 'robot_navigation' build argument 'cmake_clean_first' from command line to 'False'
[1.424s] Level 5:colcon.colcon_core.verb:set package 'robot_navigation' build argument 'cmake_force_configure' from command line to 'False'
[1.425s] Level 5:colcon.colcon_core.verb:set package 'robot_navigation' build argument 'ament_cmake_args' from command line to 'None'
[1.425s] Level 5:colcon.colcon_core.verb:set package 'robot_navigation' build argument 'catkin_cmake_args' from command line to 'None'
[1.426s] Level 5:colcon.colcon_core.verb:set package 'robot_navigation' build argument 'catkin_skip_building_tests' from command line to 'False'
[1.427s] DEBUG:colcon.colcon_core.verb:Building package 'robot_navigation' with the following arguments: {'ament_cmake_args': None, 'build_base': '/mnt/c/Users/nanda/Downloads/ros2_ws/build/robot_navigation', 'catkin_cmake_args': None, 'catkin_skip_building_tests': False, 'cmake_args': None, 'cmake_clean_cache': False, 'cmake_clean_first': False, 'cmake_force_configure': False, 'cmake_target': None, 'cmake_target_skip_unavailable': False, 'install_base': '/mnt/c/Users/nanda/Downloads/ros2_ws/install/robot_navigation', 'merge_install': False, 'path': '/mnt/c/Users/nanda/Downloads/ros2_ws/src/robot_navigation', 'symlink_install': True, 'test_result_base': None}
[1.428s] Level 5:colcon.colcon_core.verb:set package 'robot_bringup' build argument 'cmake_args' from command line to 'None'
[1.428s] Level 5:colcon.colcon_core.verb:set package 'robot_bringup' build argument 'cmake_target' from command line to 'None'
[1.429s] Level 5:colcon.colcon_core.verb:set package 'robot_bringup' build argument 'cmake_target_skip_unavailable' from command line to 'False'
[1.430s] Level 5:colcon.colcon_core.verb:set package 'robot_bringup' build argument 'cmake_clean_cache' from command line to 'False'
[1.430s] Level 5:colcon.colcon_core.verb:set package 'robot_bringup' build argument 'cmake_clean_first' from command line to 'False'
[1.431s] Level 5:colcon.colcon_core.verb:set package 'robot_bringup' build argument 'cmake_force_configure' from command line to 'False'
[1.432s] Level 5:colcon.colcon_core.verb:set package 'robot_bringup' build argument 'ament_cmake_args' from command line to 'None'
[1.432s] Level 5:colcon.colcon_core.verb:set package 'robot_bringup' build argument 'catkin_cmake_args' from command line to 'None'
[1.433s] Level 5:colcon.colcon_core.verb:set package 'robot_bringup' build argument 'catkin_skip_building_tests' from command line to 'False'
[1.434s] DEBUG:colcon.colcon_core.verb:Building package 'robot_bringup' with the following arguments: {'ament_cmake_args': None, 'build_base': '/mnt/c/Users/nanda/Downloads/ros2_ws/build/robot_bringup', 'catkin_cmake_args': None, 'catkin_skip_building_tests': False, 'cmake_args': None, 'cmake_clean_cache': False, 'cmake_clean_first': False, 'cmake_force_configure': False, 'cmake_target': None, 'cmake_target_skip_unavailable': False, 'install_base': '/mnt/c/Users/nanda/Downloads/ros2_ws/install/robot_bringup', 'merge_install': False, 'path': '/mnt/c/Users/nanda/Downloads/ros2_ws/src/robot_bringup', 'symlink_install': True, 'test_result_base': None}
[1.434s] INFO:colcon.colcon_core.executor:Executing jobs using 'parallel' executor
[1.436s] DEBUG:colcon.colcon_parallel_executor.executor.parallel:run_until_complete
[1.437s] INFO:colcon.colcon_ros.task.ament_cmake.build:Building ROS package in '/mnt/c/Users/nanda/Downloads/ros2_ws/src/robot_description' with build type 'ament_cmake'
[1.437s] INFO:colcon.colcon_cmake.task.cmake.build:Building CMake package in '/mnt/c/Users/nanda/Downloads/ros2_ws/src/robot_description'
[1.439s] INFO:colcon.colcon_core.plugin_system:Skipping extension 'colcon_core.shell.bat': Not used on non-Windows systems
[1.440s] INFO:colcon.colcon_core.shell:Skip shell extension 'powershell' for command environment: Not usable outside of PowerShell
[1.441s] DEBUG:colcon.colcon_core.shell:Skip shell extension 'dsv' for command environment
[1.694s] INFO:colcon.colcon_ros.task.ament_cmake.build:Building ROS package in '/mnt/c/Users/nanda/Downloads/ros2_ws/src/robot_navigation' with build type 'ament_cmake'
[1.695s] INFO:colcon.colcon_cmake.task.cmake.build:Building CMake package in '/mnt/c/Users/nanda/Downloads/ros2_ws/src/robot_navigation'
[1.696s] INFO:colcon.colcon_core.shell:Skip shell extension 'powershell' for command environment: Not usable outside of PowerShell
[1.696s] DEBUG:colcon.colcon_core.shell:Skip shell extension 'dsv' for command environment
[2.064s] DEBUG:colcon.colcon_core.event_handler.log_command:Invoking command in '/mnt/c/Users/nanda/Downloads/ros2_ws/build/robot_description': CMAKE_PREFIX_PATH=${CMAKE_PREFIX_PATH}:/opt/ros/jazzy /usr/bin/cmake --build /mnt/c/Users/nanda/Downloads/ros2_ws/build/robot_description -- -j12 -l12
[2.133s] DEBUG:colcon.colcon_core.event_handler.log_command:Invoking command in '/mnt/c/Users/nanda/Downloads/ros2_ws/build/robot_navigation': CMAKE_PREFIX_PATH=${CMAKE_PREFIX_PATH}:/opt/ros/jazzy /usr/bin/cmake --build /mnt/c/Users/nanda/Downloads/ros2_ws/build/robot_navigation -- -j12 -l12
[2.298s] DEBUG:colcon.colcon_core.event_handler.log_command:Invoked command in '/mnt/c/Users/nanda/Downloads/ros2_ws/build/robot_description' returned '0': CMAKE_PREFIX_PATH=${CMAKE_PREFIX_PATH}:/opt/ros/jazzy /usr/bin/cmake --build /mnt/c/Users/nanda/Downloads/ros2_ws/build/robot_description -- -j12 -l12
[2.355s] DEBUG:colcon.colcon_core.event_handler.log_command:Invoking command in '/mnt/c/Users/nanda/Downloads/ros2_ws/build/robot_description': CMAKE_PREFIX_PATH=${CMAKE_PREFIX_PATH}:/opt/ros/jazzy /usr/bin/cmake --install /mnt/c/Users/nanda/Downloads/ros2_ws/build/robot_description
[2.371s] DEBUG:colcon.colcon_core.event_handler.log_command:Invoked command in '/mnt/c/Users/nanda/Downloads/ros2_ws/build/robot_navigation' returned '0': CMAKE_PREFIX_PATH=${CMAKE_PREFIX_PATH}:/opt/ros/jazzy /usr/bin/cmake --build /mnt/c/Users/nanda/Downloads/ros2_ws/build/robot_navigation -- -j12 -l12
[2.415s] DEBUG:colcon.colcon_core.event_handler.log_command:Invoking command in '/mnt/c/Users/nanda/Downloads/ros2_ws/build/robot_navigation': CMAKE_PREFIX_PATH=${CMAKE_PREFIX_PATH}:/opt/ros/jazzy /usr/bin/cmake --install /mnt/c/Users/nanda/Downloads/ros2_ws/build/robot_navigation
[3.931s] Level 1:colcon.colcon_core.environment:create_environment_scripts_only(robot_description)
[3.933s] DEBUG:colcon.colcon_core.event_handler.log_command:Invoked command in '/mnt/c/Users/nanda/Downloads/ros2_ws/build/robot_description' returned '0': CMAKE_PREFIX_PATH=${CMAKE_PREFIX_PATH}:/opt/ros/jazzy /usr/bin/cmake --install /mnt/c/Users/nanda/Downloads/ros2_ws/build/robot_description
[3.934s] Level 1:colcon.colcon_core.environment:checking '/mnt/c/Users/nanda/Downloads/ros2_ws/install/robot_description' for CMake module files
[4.220s] Level 1:colcon.colcon_core.environment:checking '/mnt/c/Users/nanda/Downloads/ros2_ws/install/robot_description' for CMake config files
[4.570s] Level 1:colcon.colcon_core.shell:create_environment_hook('robot_description', 'cmake_prefix_path')
[4.571s] INFO:colcon.colcon_core.shell:Creating environment hook '/mnt/c/Users/nanda/Downloads/ros2_ws/install/robot_description/share/robot_description/hook/cmake_prefix_path.ps1'
[4.610s] INFO:colcon.colcon_core.shell:Creating environment descriptor '/mnt/c/Users/nanda/Downloads/ros2_ws/install/robot_description/share/robot_description/hook/cmake_prefix_path.dsv'
[4.655s] INFO:colcon.colcon_core.shell:Creating environment hook '/mnt/c/Users/nanda/Downloads/ros2_ws/install/robot_description/share/robot_description/hook/cmake_prefix_path.sh'
[4.736s] Level 1:colcon.colcon_core.environment:checking '/mnt/c/Users/nanda/Downloads/ros2_ws/install/robot_description/bin'
[4.743s] Level 1:colcon.colcon_core.environment:checking '/mnt/c/Users/nanda/Downloads/ros2_ws/install/robot_description/lib/pkgconfig/robot_description.pc'
[4.749s] Level 1:colcon.colcon_core.environment:checking '/mnt/c/Users/nanda/Downloads/ros2_ws/install/robot_description/lib/python3.12/site-packages'
[4.754s] Level 1:colcon.colcon_core.environment:checking '/mnt/c/Users/nanda/Downloads/ros2_ws/install/robot_description/bin'
[4.761s] INFO:colcon.colcon_core.shell:Creating package script '/mnt/c/Users/nanda/Downloads/ros2_ws/install/robot_description/share/robot_description/package.ps1'
[4.815s] INFO:colcon.colcon_core.shell:Creating package descriptor '/mnt/c/Users/nanda/Downloads/ros2_ws/install/robot_description/share/robot_description/package.dsv'
[4.866s] INFO:colcon.colcon_core.shell:Creating package script '/mnt/c/Users/nanda/Downloads/ros2_ws/install/robot_description/share/robot_description/package.sh'
[4.911s] INFO:colcon.colcon_core.shell:Creating package script '/mnt/c/Users/nanda/Downloads/ros2_ws/install/robot_description/share/robot_description/package.bash'
[4.959s] INFO:colcon.colcon_core.shell:Creating package script '/mnt/c/Users/nanda/Downloads/ros2_ws/install/robot_description/share/robot_description/package.zsh'
[5.001s] Level 1:colcon.colcon_core.environment:create_file_with_runtime_dependencies(/mnt/c/Users/nanda/Downloads/ros2_ws/install/robot_description/share/colcon-core/packages/robot_description)
[5.100s] Level 1:colcon.colcon_core.environment:create_environment_scripts_only(robot_description)
[5.101s] Level 1:colcon.colcon_core.environment:checking '/mnt/c/Users/nanda/Downloads/ros2_ws/install/robot_description' for CMake module files
[5.423s] Level 1:colcon.colcon_core.environment:checking '/mnt/c/Users/nanda/Downloads/ros2_ws/install/robot_description' for CMake config files
[5.703s] Level 1:colcon.colcon_core.shell:create_environment_hook('robot_description', 'cmake_prefix_path')
[5.703s] INFO:colcon.colcon_core.shell:Creating environment hook '/mnt/c/Users/nanda/Downloads/ros2_ws/install/robot_description/share/robot_description/hook/cmake_prefix_path.ps1'
[5.744s] INFO:colcon.colcon_core.shell:Creating environment descriptor '/mnt/c/Users/nanda/Downloads/ros2_ws/install/robot_description/share/robot_description/hook/cmake_prefix_path.dsv'
[5.776s] INFO:colcon.colcon_core.shell:Creating environment hook '/mnt/c/Users/nanda/Downloads/ros2_ws/install/robot_description/share/robot_description/hook/cmake_prefix_path.sh'
[5.824s] Level 1:colcon.colcon_core.environment:checking '/mnt/c/Users/nanda/Downloads/ros2_ws/install/robot_description/bin'
[5.829s] Level 1:colcon.colcon_core.environment:checking '/mnt/c/Users/nanda/Downloads/ros2_ws/install/robot_description/lib/pkgconfig/robot_description.pc'
[5.834s] Level 1:colcon.colcon_core.environment:checking '/mnt/c/Users/nanda/Downloads/ros2_ws/install/robot_description/lib/python3.12/site-packages'
[5.838s] Level 1:colcon.colcon_core.environment:checking '/mnt/c/Users/nanda/Downloads/ros2_ws/install/robot_description/bin'
[5.843s] INFO:colcon.colcon_core.shell:Creating package script '/mnt/c/Users/nanda/Downloads/ros2_ws/install/robot_description/share/robot_description/package.ps1'
[5.887s] INFO:colcon.colcon_core.shell:Creating package descriptor '/mnt/c/Users/nanda/Downloads/ros2_ws/install/robot_description/share/robot_description/package.dsv'
[5.915s] INFO:colcon.colcon_core.shell:Creating package script '/mnt/c/Users/nanda/Downloads/ros2_ws/install/robot_description/share/robot_description/package.sh'
[5.952s] INFO:colcon.colcon_core.shell:Creating package script '/mnt/c/Users/nanda/Downloads/ros2_ws/install/robot_description/share/robot_description/package.bash'
[5.983s] INFO:colcon.colcon_core.shell:Creating package script '/mnt/c/Users/nanda/Downloads/ros2_ws/install/robot_description/share/robot_description/package.zsh'
[6.018s] Level 1:colcon.colcon_core.environment:create_file_with_runtime_dependencies(/mnt/c/Users/nanda/Downloads/ros2_ws/install/robot_description/share/colcon-core/packages/robot_description)
[6.045s] Level 1:colcon.colcon_core.environment:create_environment_scripts_only(robot_navigation)
[6.046s] Level 1:colcon.colcon_core.environment:checking '/mnt/c/Users/nanda/Downloads/ros2_ws/install/robot_navigation' for CMake module files
[6.060s] DEBUG:colcon.colcon_core.event_handler.log_command:Invoked command in '/mnt/c/Users/nanda/Downloads/ros2_ws/build/robot_navigation' returned '0': CMAKE_PREFIX_PATH=${CMAKE_PREFIX_PATH}:/opt/ros/jazzy /usr/bin/cmake --install /mnt/c/Users/nanda/Downloads/ros2_ws/build/robot_navigation
[6.422s] Level 1:colcon.colcon_core.environment:checking '/mnt/c/Users/nanda/Downloads/ros2_ws/install/robot_navigation' for CMake config files
[6.735s] Level 1:colcon.colcon_core.shell:create_environment_hook('robot_navigation', 'cmake_prefix_path')
[6.736s] INFO:colcon.colcon_core.shell:Creating environment hook '/mnt/c/Users/nanda/Downloads/ros2_ws/install/robot_navigation/share/robot_navigation/hook/cmake_prefix_path.ps1'
[6.780s] INFO:colcon.colcon_core.shell:Creating environment descriptor '/mnt/c/Users/nanda/Downloads/ros2_ws/install/robot_navigation/share/robot_navigation/hook/cmake_prefix_path.dsv'
[6.819s] INFO:colcon.colcon_core.shell:Creating environment hook '/mnt/c/Users/nanda/Downloads/ros2_ws/install/robot_navigation/share/robot_navigation/hook/cmake_prefix_path.sh'
[6.861s] Level 1:colcon.colcon_core.environment:checking '/mnt/c/Users/nanda/Downloads/ros2_ws/install/robot_navigation/bin'
[6.864s] Level 1:colcon.colcon_core.environment:checking '/mnt/c/Users/nanda/Downloads/ros2_ws/install/robot_navigation/lib/pkgconfig/robot_navigation.pc'
[6.868s] Level 1:colcon.colcon_core.environment:checking '/mnt/c/Users/nanda/Downloads/ros2_ws/install/robot_navigation/lib/python3.12/site-packages'
[6.872s] Level 1:colcon.colcon_core.environment:checking '/mnt/c/Users/nanda/Downloads/ros2_ws/install/robot_navigation/bin'
[6.875s] INFO:colcon.colcon_core.shell:Creating package script '/mnt/c/Users/nanda/Downloads/ros2_ws/install/robot_navigation/share/robot_navigation/package.ps1'
[6.902s] INFO:colcon.colcon_core.shell:Creating package descriptor '/mnt/c/Users/nanda/Downloads/ros2_ws/install/robot_navigation/share/robot_navigation/package.dsv'
[6.934s] INFO:colcon.colcon_core.shell:Creating package script '/mnt/c/Users/nanda/Downloads/ros2_ws/install/robot_navigation/share/robot_navigation/package.sh'
[6.960s] INFO:colcon.colcon_core.shell:Creating package script '/mnt/c/Users/nanda/Downloads/ros2_ws/install/robot_navigation/share/robot_navigation/package.bash'
[6.985s] INFO:colcon.colcon_core.shell:Creating package script '/mnt/c/Users/nanda/Downloads/ros2_ws/install/robot_navigation/share/robot_navigation/package.zsh'
[7.008s] Level 1:colcon.colcon_core.environment:create_file_with_runtime_dependencies(/mnt/c/Users/nanda/Downloads/ros2_ws/install/robot_navigation/share/colcon-core/packages/robot_navigation)
[7.058s] Level 1:colcon.colcon_core.environment:create_environment_scripts_only(robot_navigation)
[7.058s] Level 1:colcon.colcon_core.environment:checking '/mnt/c/Users/nanda/Downloads/ros2_ws/install/robot_navigation' for CMake module files
[7.286s] Level 1:colcon.colcon_core.environment:checking '/mnt/c/Users/nanda/Downloads/ros2_ws/install/robot_navigation' for CMake config files
[7.591s] Level 1:colcon.colcon_core.shell:create_environment_hook('robot_navigation', 'cmake_prefix_path')
[7.592s] INFO:colcon.colcon_core.shell:Creating environment hook '/mnt/c/Users/nanda/Downloads/ros2_ws/install/robot_navigation/share/robot_navigation/hook/cmake_prefix_path.ps1'
[7.646s] INFO:colcon.colcon_core.shell:Creating environment descriptor '/mnt/c/Users/nanda/Downloads/ros2_ws/install/robot_navigation/share/robot_navigation/hook/cmake_prefix_path.dsv'
[7.695s] INFO:colcon.colcon_core.shell:Creating environment hook '/mnt/c/Users/nanda/Downloads/ros2_ws/install/robot_navigation/share/robot_navigation/hook/cmake_prefix_path.sh'
[7.754s] Level 1:colcon.colcon_core.environment:checking '/mnt/c/Users/nanda/Downloads/ros2_ws/install/robot_navigation/bin'
[7.759s] Level 1:colcon.colcon_core.environment:checking '/mnt/c/Users/nanda/Downloads/ros2_ws/install/robot_navigation/lib/pkgconfig/robot_navigation.pc'
[7.765s] Level 1:colcon.colcon_core.environment:checking '/mnt/c/Users/nanda/Downloads/ros2_ws/install/robot_navigation/lib/python3.12/site-packages'
[7.769s] Level 1:colcon.colcon_core.environment:checking '/mnt/c/Users/nanda/Downloads/ros2_ws/install/robot_navigation/bin'
[7.775s] INFO:colcon.colcon_core.shell:Creating package script '/mnt/c/Users/nanda/Downloads/ros2_ws/install/robot_navigation/share/robot_navigation/package.ps1'
[7.816s] INFO:colcon.colcon_core.shell:Creating package descriptor '/mnt/c/Users/nanda/Downloads/ros2_ws/install/robot_navigation/share/robot_navigation/package.dsv'
[7.859s] INFO:colcon.colcon_core.shell:Creating package script '/mnt/c/Users/nanda/Downloads/ros2_ws/install/robot_navigation/share/robot_navigation/package.sh'
[7.905s] INFO:colcon.colcon_core.shell:Creating package script '/mnt/c/Users/nanda/Downloads/ros2_ws/install/robot_navigation/share/robot_navigation/package.bash'
[7.947s] INFO:colcon.colcon_core.shell:Creating package script '/mnt/c/Users/nanda/Downloads/ros2_ws/install/robot_navigation/share/robot_navigation/package.zsh'
[7.990s] Level 1:colcon.colcon_core.environment:create_file_with_runtime_dependencies(/mnt/c/Users/nanda/Downloads/ros2_ws/install/robot_navigation/share/colcon-core/packages/robot_navigation)
[8.022s] INFO:colcon.colcon_ros.task.ament_cmake.build:Building ROS package in '/mnt/c/Users/nanda/Downloads/ros2_ws/src/robot_bringup' with build type 'ament_cmake'
[8.022s] INFO:colcon.colcon_cmake.task.cmake.build:Building CMake package in '/mnt/c/Users/nanda/Downloads/ros2_ws/src/robot_bringup'
[8.023s] INFO:colcon.colcon_core.shell:Skip shell extension 'powershell' for command environment: Not usable outside of PowerShell
[8.024s] DEBUG:colcon.colcon_core.shell:Skip shell extension 'dsv' for command environment
[8.550s] DEBUG:colcon.colcon_core.event_handler.log_command:Invoking command in '/mnt/c/Users/nanda/Downloads/ros2_ws/build/robot_bringup': CMAKE_PREFIX_PATH=/mnt/c/Users/nanda/Downloads/ros2_ws/install/robot_navigation:/mnt/c/Users/nanda/Downloads/ros2_ws/install/robot_description:/mnt/c/Users/nanda/Downloads/ros2_ws/install/robot_bringup:/opt/ros/jazzy/opt/gz_sim_vendor:/opt/ros/jazzy/opt/gz_sensors_vendor:/opt/ros/jazzy/opt/gz_physics_vendor:/opt/ros/jazzy/opt/sdformat_vendor:/opt/ros/jazzy/opt/gz_gui_vendor:/opt/ros/jazzy/opt/gz_transport_vendor:/opt/ros/jazzy/opt/gz_rendering_vendor:/opt/ros/jazzy/opt/gz_plugin_vendor:/opt/ros/jazzy/opt/gz_fuel_tools_vendor:/opt/ros/jazzy/opt/gz_msgs_vendor:/opt/ros/jazzy/opt/gz_common_vendor:/opt/ros/jazzy/opt/gz_math_vendor:/opt/ros/jazzy/opt/gz_utils_vendor:/opt/ros/jazzy/opt/gz_tools_vendor:/opt/ros/jazzy/opt/gz_ogre_next_vendor:/opt/ros/jazzy/opt/gz_dartsim_vendor:/opt/ros/jazzy/opt/gz_cmake_vendor:/opt/ros/jazzy /usr/bin/cmake --build /mnt/c/Users/nanda/Downloads/ros2_ws/build/robot_bringup -- -j12 -l12
[8.829s] DEBUG:colcon.colcon_core.event_handler.log_command:Invoked command in '/mnt/c/Users/nanda/Downloads/ros2_ws/build/robot_bringup' returned '0': CMAKE_PREFIX_PATH=/mnt/c/Users/nanda/Downloads/ros2_ws/install/robot_navigation:/mnt/c/Users/nanda/Downloads/ros2_ws/install/robot_description:/mnt/c/Users/nanda/Downloads/ros2_ws/install/robot_bringup:/opt/ros/jazzy/opt/gz_sim_vendor:/opt/ros/jazzy/opt/gz_sensors_vendor:/opt/ros/jazzy/opt/gz_physics_vendor:/opt/ros/jazzy/opt/sdformat_vendor:/opt/ros/jazzy/opt/gz_gui_vendor:/opt/ros/jazzy/opt/gz_transport_vendor:/opt/ros/jazzy/opt/gz_rendering_vendor:/opt/ros/jazzy/opt/gz_plugin_vendor:/opt/ros/jazzy/opt/gz_fuel_tools_vendor:/opt/ros/jazzy/opt/gz_msgs_vendor:/opt/ros/jazzy/opt/gz_common_vendor:/opt/ros/jazzy/opt/gz_math_vendor:/opt/ros/jazzy/opt/gz_utils_vendor:/opt/ros/jazzy/opt/gz_tools_vendor:/opt/ros/jazzy/opt/gz_ogre_next_vendor:/opt/ros/jazzy/opt/gz_dartsim_vendor:/opt/ros/jazzy/opt/gz_cmake_vendor:/opt/ros/jazzy /usr/bin/cmake --build /mnt/c/Users/nanda/Downloads/ros2_ws/build/robot_bringup -- -j12 -l12
[8.873s] DEBUG:colcon.colcon_core.event_handler.log_command:Invoking command in '/mnt/c/Users/nanda/Downloads/ros2_ws/build/robot_bringup': CMAKE_PREFIX_PATH=/mnt/c/Users/nanda/Downloads/ros2_ws/install/robot_navigation:/mnt/c/Users/nanda/Downloads/ros2_ws/install/robot_description:/mnt/c/Users/nanda/Downloads/ros2_ws/install/robot_bringup:/opt/ros/jazzy/opt/gz_sim_vendor:/opt/ros/jazzy/opt/gz_sensors_vendor:/opt/ros/jazzy/opt/gz_physics_vendor:/opt/ros/jazzy/opt/sdformat_vendor:/opt/ros/jazzy/opt/gz_gui_vendor:/opt/ros/jazzy/opt/gz_transport_vendor:/opt/ros/jazzy/opt/gz_rendering_vendor:/opt/ros/jazzy/opt/gz_plugin_vendor:/opt/ros/jazzy/opt/gz_fuel_tools_vendor:/opt/ros/jazzy/opt/gz_msgs_vendor:/opt/ros/jazzy/opt/gz_common_vendor:/opt/ros/jazzy/opt/gz_math_vendor:/opt/ros/jazzy/opt/gz_utils_vendor:/opt/ros/jazzy/opt/gz_tools_vendor:/opt/ros/jazzy/opt/gz_ogre_next_vendor:/opt/ros/jazzy/opt/gz_dartsim_vendor:/opt/ros/jazzy/opt/gz_cmake_vendor:/opt/ros/jazzy /usr/bin/cmake --install /mnt/c/Users/nanda/Downloads/ros2_ws/build/robot_bringup
[10.470s] Level 1:colcon.colcon_core.environment:create_environment_scripts_only(robot_bringup)
[10.470s] Level 1:colcon.colcon_core.environment:checking '/mnt/c/Users/nanda/Downloads/ros2_ws/install/robot_bringup' for CMake module files
[10.472s] DEBUG:colcon.colcon_core.event_handler.log_command:Invoked command in '/mnt/c/Users/nanda/Downloads/ros2_ws/build/robot_bringup' returned '0': CMAKE_PREFIX_PATH=/mnt/c/Users/nanda/Downloads/ros2_ws/install/robot_navigation:/mnt/c/Users/nanda/Downloads/ros2_ws/install/robot_description:/mnt/c/Users/nanda/Downloads/ros2_ws/install/robot_bringup:/opt/ros/jazzy/opt/gz_sim_vendor:/opt/ros/jazzy/opt/gz_sensors_vendor:/opt/ros/jazzy/opt/gz_physics_vendor:/opt/ros/jazzy/opt/sdformat_vendor:/opt/ros/jazzy/opt/gz_gui_vendor:/opt/ros/jazzy/opt/gz_transport_vendor:/opt/ros/jazzy/opt/gz_rendering_vendor:/opt/ros/jazzy/opt/gz_plugin_vendor:/opt/ros/jazzy/opt/gz_fuel_tools_vendor:/opt/ros/jazzy/opt/gz_msgs_vendor:/opt/ros/jazzy/opt/gz_common_vendor:/opt/ros/jazzy/opt/gz_math_vendor:/opt/ros/jazzy/opt/gz_utils_vendor:/opt/ros/jazzy/opt/gz_tools_vendor:/opt/ros/jazzy/opt/gz_ogre_next_vendor:/opt/ros/jazzy/opt/gz_dartsim_vendor:/opt/ros/jazzy/opt/gz_cmake_vendor:/opt/ros/jazzy /usr/bin/cmake --install /mnt/c/Users/nanda/Downloads/ros2_ws/build/robot_bringup
[10.754s] Level 1:colcon.colcon_core.environment:checking '/mnt/c/Users/nanda/Downloads/ros2_ws/install/robot_bringup' for CMake config files
[11.119s] Level 1:colcon.colcon_core.shell:create_environment_hook('robot_bringup', 'cmake_prefix_path')
[11.120s] INFO:colcon.colcon_core.shell:Creating environment hook '/mnt/c/Users/nanda/Downloads/ros2_ws/install/robot_bringup/share/robot_bringup/hook/cmake_prefix_path.ps1'
[11.155s] INFO:colcon.colcon_core.shell:Creating environment descriptor '/mnt/c/Users/nanda/Downloads/ros2_ws/install/robot_bringup/share/robot_bringup/hook/cmake_prefix_path.dsv'
[11.195s] INFO:colcon.colcon_core.shell:Creating environment hook '/mnt/c/Users/nanda/Downloads/ros2_ws/install/robot_bringup/share/robot_bringup/hook/cmake_prefix_path.sh'
[11.237s] Level 1:colcon.colcon_core.environment:checking '/mnt/c/Users/nanda/Downloads/ros2_ws/install/robot_bringup/lib'
[11.248s] Level 1:colcon.colcon_core.environment:checking '/mnt/c/Users/nanda/Downloads/ros2_ws/install/robot_bringup/bin'
[11.251s] Level 1:colcon.colcon_core.environment:checking '/mnt/c/Users/nanda/Downloads/ros2_ws/install/robot_bringup/lib/pkgconfig/robot_bringup.pc'
[11.256s] Level 1:colcon.colcon_core.environment:checking '/mnt/c/Users/nanda/Downloads/ros2_ws/install/robot_bringup/lib/python3.12/site-packages'
[11.260s] Level 1:colcon.colcon_core.environment:checking '/mnt/c/Users/nanda/Downloads/ros2_ws/install/robot_bringup/bin'
[11.264s] INFO:colcon.colcon_core.shell:Creating package script '/mnt/c/Users/nanda/Downloads/ros2_ws/install/robot_bringup/share/robot_bringup/package.ps1'
[11.300s] INFO:colcon.colcon_core.shell:Creating package descriptor '/mnt/c/Users/nanda/Downloads/ros2_ws/install/robot_bringup/share/robot_bringup/package.dsv'
[11.339s] INFO:colcon.colcon_core.shell:Creating package script '/mnt/c/Users/nanda/Downloads/ros2_ws/install/robot_bringup/share/robot_bringup/package.sh'
[11.366s] INFO:colcon.colcon_core.shell:Creating package script '/mnt/c/Users/nanda/Downloads/ros2_ws/install/robot_bringup/share/robot_bringup/package.bash'
[11.391s] INFO:colcon.colcon_core.shell:Creating package script '/mnt/c/Users/nanda/Downloads/ros2_ws/install/robot_bringup/share/robot_bringup/package.zsh'
[11.417s] Level 1:colcon.colcon_core.environment:create_file_with_runtime_dependencies(/mnt/c/Users/nanda/Downloads/ros2_ws/install/robot_bringup/share/colcon-core/packages/robot_bringup)
[11.489s] Level 1:colcon.colcon_core.environment:create_environment_scripts_only(robot_bringup)
[11.490s] Level 1:colcon.colcon_core.environment:checking '/mnt/c/Users/nanda/Downloads/ros2_ws/install/robot_bringup' for CMake module files
[11.970s] Level 1:colcon.colcon_core.environment:checking '/mnt/c/Users/nanda/Downloads/ros2_ws/install/robot_bringup' for CMake config files
[12.358s] Level 1:colcon.colcon_core.shell:create_environment_hook('robot_bringup', 'cmake_prefix_path')
[12.358s] INFO:colcon.colcon_core.shell:Creating environment hook '/mnt/c/Users/nanda/Downloads/ros2_ws/install/robot_bringup/share/robot_bringup/hook/cmake_prefix_path.ps1'
[12.395s] INFO:colcon.colcon_core.shell:Creating environment descriptor '/mnt/c/Users/nanda/Downloads/ros2_ws/install/robot_bringup/share/robot_bringup/hook/cmake_prefix_path.dsv'
[12.439s] INFO:colcon.colcon_core.shell:Creating environment hook '/mnt/c/Users/nanda/Downloads/ros2_ws/install/robot_bringup/share/robot_bringup/hook/cmake_prefix_path.sh'
[12.485s] Level 1:colcon.colcon_core.environment:checking '/mnt/c/Users/nanda/Downloads/ros2_ws/install/robot_bringup/lib'
[12.496s] Level 1:colcon.colcon_core.environment:checking '/mnt/c/Users/nanda/Downloads/ros2_ws/install/robot_bringup/bin'
[12.499s] Level 1:colcon.colcon_core.environment:checking '/mnt/c/Users/nanda/Downloads/ros2_ws/install/robot_bringup/lib/pkgconfig/robot_bringup.pc'
[12.504s] Level 1:colcon.colcon_core.environment:checking '/mnt/c/Users/nanda/Downloads/ros2_ws/install/robot_bringup/lib/python3.12/site-packages'
[12.509s] Level 1:colcon.colcon_core.environment:checking '/mnt/c/Users/nanda/Downloads/ros2_ws/install/robot_bringup/bin'
[12.512s] INFO:colcon.colcon_core.shell:Creating package script '/mnt/c/Users/nanda/Downloads/ros2_ws/install/robot_bringup/share/robot_bringup/package.ps1'
[12.541s] INFO:colcon.colcon_core.shell:Creating package descriptor '/mnt/c/Users/nanda/Downloads/ros2_ws/install/robot_bringup/share/robot_bringup/package.dsv'
[12.570s] INFO:colcon.colcon_core.shell:Creating package script '/mnt/c/Users/nanda/Downloads/ros2_ws/install/robot_bringup/share/robot_bringup/package.sh'
[12.611s] INFO:colcon.colcon_core.shell:Creating package script '/mnt/c/Users/nanda/Downloads/ros2_ws/install/robot_bringup/share/robot_bringup/package.bash'
[12.652s] INFO:colcon.colcon_core.shell:Creating package script '/mnt/c/Users/nanda/Downloads/ros2_ws/install/robot_bringup/share/robot_bringup/package.zsh'
[12.691s] Level 1:colcon.colcon_core.environment:create_file_with_runtime_dependencies(/mnt/c/Users/nanda/Downloads/ros2_ws/install/robot_bringup/share/colcon-core/packages/robot_bringup)
[12.717s] DEBUG:colcon.colcon_parallel_executor.executor.parallel:closing loop
[12.718s] DEBUG:colcon.colcon_parallel_executor.executor.parallel:loop closed
[12.719s] DEBUG:colcon.colcon_parallel_executor.executor.parallel:run_until_complete finished with '0'
[12.719s] DEBUG:colcon.colcon_core.event_reactor:joining thread
[12.899s] INFO:colcon.colcon_core.plugin_system:Skipping extension 'colcon_notification.desktop_notification.notify_send': Could not find 'notify-send'
[12.900s] INFO:colcon.colcon_core.plugin_system:Skipping extension 'colcon_notification.desktop_notification.terminal_notifier': Not used on non-Darwin systems
[12.901s] INFO:colcon.colcon_core.plugin_system:Skipping extension 'colcon_notification.desktop_notification.win32': Not used on non-Windows systems
[12.901s] INFO:colcon.colcon_notification.desktop_notification:Sending desktop notification using 'notify2'
[12.904s] DEBUG:colcon.colcon_notification.desktop_notification.notify2:Failed to initialize notify2: org.freedesktop.DBus.Error.ServiceUnknown: The name org.freedesktop.Notifications was not provided by any .service files
[12.904s] DEBUG:colcon.colcon_core.event_reactor:joined thread
[12.905s] INFO:colcon.colcon_core.shell:Creating prefix script '/mnt/c/Users/nanda/Downloads/ros2_ws/install/local_setup.ps1'
[12.926s] INFO:colcon.colcon_core.shell:Creating prefix util module '/mnt/c/Users/nanda/Downloads/ros2_ws/install/_local_setup_util_ps1.py'
[12.947s] INFO:colcon.colcon_core.shell:Creating prefix chain script '/mnt/c/Users/nanda/Downloads/ros2_ws/install/setup.ps1'
[13.075s] INFO:colcon.colcon_core.shell:Creating prefix script '/mnt/c/Users/nanda/Downloads/ros2_ws/install/local_setup.sh'
[13.091s] INFO:colcon.colcon_core.shell:Creating prefix util module '/mnt/c/Users/nanda/Downloads/ros2_ws/install/_local_setup_util_sh.py'
[13.108s] INFO:colcon.colcon_core.shell:Creating prefix chain script '/mnt/c/Users/nanda/Downloads/ros2_ws/install/setup.sh'
[13.197s] INFO:colcon.colcon_core.shell:Creating prefix script '/mnt/c/Users/nanda/Downloads/ros2_ws/install/local_setup.bash'
[13.211s] INFO:colcon.colcon_core.shell:Creating prefix chain script '/mnt/c/Users/nanda/Downloads/ros2_ws/install/setup.bash'
[13.252s] INFO:colcon.colcon_core.shell:Creating prefix script '/mnt/c/Users/nanda/Downloads/ros2_ws/install/local_setup.zsh'
[13.260s] INFO:colcon.colcon_core.shell:Creating prefix chain script '/mnt/c/Users/nanda/Downloads/ros2_ws/install/setup.zsh'
