-- The C compiler identification is GNU 13.3.0
-- The CXX compiler identification is GNU 13.3.0
-- Detecting C compiler ABI info
-- Detecting C compiler ABI info - done
-- Check for working C compiler: /usr/bin/cc - skipped
-- Detecting C compile features
-- Detecting C compile features - done
-- Detecting CXX compiler ABI info
-- Detecting CXX compiler ABI info - done
-- Check for working CXX compiler: /usr/bin/c++ - skipped
-- Detecting CXX compile features
-- Detecting CXX compile features - done
-- Found ament_cmake: 2.5.5 (/opt/ros/jazzy/share/ament_cmake/cmake)
-- Found Python3: /usr/bin/python3 (found version "3.12.3") found components: Interpreter 
-- Override CMake install command with custom implementation using symlinks instead of copying resources
-- Found ament_lint_auto: 0.17.4 (/opt/ros/jazzy/share/ament_lint_auto/cmake)
-- Added test 'copyright' to check source files copyright and LICENSE
-- Added test 'flake8' to check Python code syntax and style conventions
-- Configured 'flake8' exclude dirs and/or files: 
-- Added test 'lint_cmake' to check CMake code style
-- Added test 'pep257' to check Python code against some of the docstring style conventions in PEP 257
-- Added test 'xmllint' to check XML markup files
-- Configuring done (41.0s)
-- Generating done (0.8s)
-- Build files have been written to: /mnt/c/Users/nanda/Downloads/ros2_ws/build/robot_bringup
-- Install configuration: ""
-- Execute custom install script
-- Symlinking: /mnt/c/Users/nanda/Downloads/ros2_ws/install/robot_bringup/lib/robot_bringup/send_goal.py
-- Symlinking: /mnt/c/Users/nanda/Downloads/ros2_ws/install/robot_bringup/lib/robot_bringup/waypoint_navigator.py
-- Symlinking: /mnt/c/Users/nanda/Downloads/ros2_ws/install/robot_bringup/share/robot_bringup/launch/nav_bringup.launch.py
-- Symlinking: /mnt/c/Users/nanda/Downloads/ros2_ws/install/robot_bringup/share/robot_bringup/launch/slam_bringup.launch.py
-- Symlinking: /mnt/c/Users/nanda/Downloads/ros2_ws/install/robot_bringup/share/ament_index/resource_index/package_run_dependencies/robot_bringup
-- Symlinking: /mnt/c/Users/nanda/Downloads/ros2_ws/install/robot_bringup/share/ament_index/resource_index/parent_prefix_path/robot_bringup
-- Symlinking: /mnt/c/Users/nanda/Downloads/ros2_ws/install/robot_bringup/share/robot_bringup/environment/ament_prefix_path.sh
-- Symlinking: /mnt/c/Users/nanda/Downloads/ros2_ws/install/robot_bringup/share/robot_bringup/environment/ament_prefix_path.dsv
-- Symlinking: /mnt/c/Users/nanda/Downloads/ros2_ws/install/robot_bringup/share/robot_bringup/environment/path.sh
-- Symlinking: /mnt/c/Users/nanda/Downloads/ros2_ws/install/robot_bringup/share/robot_bringup/environment/path.dsv
-- Symlinking: /mnt/c/Users/nanda/Downloads/ros2_ws/install/robot_bringup/share/robot_bringup/local_setup.bash
-- Symlinking: /mnt/c/Users/nanda/Downloads/ros2_ws/install/robot_bringup/share/robot_bringup/local_setup.sh
-- Symlinking: /mnt/c/Users/nanda/Downloads/ros2_ws/install/robot_bringup/share/robot_bringup/local_setup.zsh
-- Symlinking: /mnt/c/Users/nanda/Downloads/ros2_ws/install/robot_bringup/share/robot_bringup/local_setup.dsv
-- Symlinking: /mnt/c/Users/nanda/Downloads/ros2_ws/install/robot_bringup/share/robot_bringup/package.dsv
-- Symlinking: /mnt/c/Users/nanda/Downloads/ros2_ws/install/robot_bringup/share/ament_index/resource_index/packages/robot_bringup
-- Symlinking: /mnt/c/Users/nanda/Downloads/ros2_ws/install/robot_bringup/share/robot_bringup/cmake/robot_bringupConfig.cmake
-- Symlinking: /mnt/c/Users/nanda/Downloads/ros2_ws/install/robot_bringup/share/robot_bringup/cmake/robot_bringupConfig-version.cmake
-- Symlinking: /mnt/c/Users/nanda/Downloads/ros2_ws/install/robot_bringup/share/robot_bringup/package.xml
