[0.979s] Invoking command in '/mnt/c/Users/nanda/Downloads/ros2_ws/build/robot_bringup': AMENT_PREFIX_PATH=/mnt/c/Users/nanda/Downloads/ros2_ws/install/robot_navigation:/mnt/c/Users/nanda/Downloads/ros2_ws/install/robot_description:${AMENT_PREFIX_PATH} CMAKE_PREFIX_PATH=/mnt/c/Users/nanda/Downloads/ros2_ws/install/robot_navigation:/mnt/c/Users/nanda/Downloads/ros2_ws/install/robot_description:/opt/ros/jazzy/opt/gz_sim_vendor:/opt/ros/jazzy/opt/gz_sensors_vendor:/opt/ros/jazzy/opt/gz_physics_vendor:/opt/ros/jazzy/opt/sdformat_vendor:/opt/ros/jazzy/opt/gz_gui_vendor:/opt/ros/jazzy/opt/gz_transport_vendor:/opt/ros/jazzy/opt/gz_rendering_vendor:/opt/ros/jazzy/opt/gz_plugin_vendor:/opt/ros/jazzy/opt/gz_fuel_tools_vendor:/opt/ros/jazzy/opt/gz_msgs_vendor:/opt/ros/jazzy/opt/gz_common_vendor:/opt/ros/jazzy/opt/gz_math_vendor:/opt/ros/jazzy/opt/gz_utils_vendor:/opt/ros/jazzy/opt/gz_tools_vendor:/opt/ros/jazzy/opt/gz_ogre_next_vendor:/opt/ros/jazzy/opt/gz_dartsim_vendor:/opt/ros/jazzy/opt/gz_cmake_vendor:/opt/ros/jazzy /usr/bin/cmake /mnt/c/Users/nanda/Downloads/ros2_ws/src/robot_bringup -DAMENT_CMAKE_SYMLINK_INSTALL=1 -DCMAKE_INSTALL_PREFIX=/mnt/c/Users/nanda/Downloads/ros2_ws/install/robot_bringup
[2.515s] -- The C compiler identification is GNU 13.3.0
[7.437s] -- The CXX compiler identification is GNU 13.3.0
[11.721s] -- Detecting C compiler ABI info
[15.061s] -- Detecting C compiler ABI info - done
[15.187s] -- Check for working C compiler: /usr/bin/cc - skipped
[15.189s] -- Detecting C compile features
[15.192s] -- Detecting C compile features - done
[15.803s] -- Detecting CXX compiler ABI info
[18.894s] -- Detecting CXX compiler ABI info - done
[18.980s] -- Check for working CXX compiler: /usr/bin/c++ - skipped
[18.985s] -- Detecting CXX compile features
[18.989s] -- Detecting CXX compile features - done
[19.466s] -- Found ament_cmake: 2.5.5 (/opt/ros/jazzy/share/ament_cmake/cmake)
[25.628s] -- Found Python3: /usr/bin/python3 (found version "3.12.3") found components: Interpreter 
[25.887s] -- Override CMake install command with custom implementation using symlinks instead of copying resources
[31.752s] -- Found ament_lint_auto: 0.17.4 (/opt/ros/jazzy/share/ament_lint_auto/cmake)
[36.052s] -- Added test 'copyright' to check source files copyright and LICENSE
[39.459s] -- Added test 'flake8' to check Python code syntax and style conventions
[39.463s] -- Configured 'flake8' exclude dirs and/or files: 
[39.891s] -- Added test 'lint_cmake' to check CMake code style
[40.103s] -- Added test 'pep257' to check Python code against some of the docstring style conventions in PEP 257
[41.572s] -- Added test 'xmllint' to check XML markup files
[42.054s] -- Configuring done (41.0s)
[43.002s] -- Generating done (0.8s)
[43.561s] -- Build files have been written to: /mnt/c/Users/nanda/Downloads/ros2_ws/build/robot_bringup
[43.569s] Invoked command in '/mnt/c/Users/nanda/Downloads/ros2_ws/build/robot_bringup' returned '0': AMENT_PREFIX_PATH=/mnt/c/Users/nanda/Downloads/ros2_ws/install/robot_navigation:/mnt/c/Users/nanda/Downloads/ros2_ws/install/robot_description:${AMENT_PREFIX_PATH} CMAKE_PREFIX_PATH=/mnt/c/Users/nanda/Downloads/ros2_ws/install/robot_navigation:/mnt/c/Users/nanda/Downloads/ros2_ws/install/robot_description:/opt/ros/jazzy/opt/gz_sim_vendor:/opt/ros/jazzy/opt/gz_sensors_vendor:/opt/ros/jazzy/opt/gz_physics_vendor:/opt/ros/jazzy/opt/sdformat_vendor:/opt/ros/jazzy/opt/gz_gui_vendor:/opt/ros/jazzy/opt/gz_transport_vendor:/opt/ros/jazzy/opt/gz_rendering_vendor:/opt/ros/jazzy/opt/gz_plugin_vendor:/opt/ros/jazzy/opt/gz_fuel_tools_vendor:/opt/ros/jazzy/opt/gz_msgs_vendor:/opt/ros/jazzy/opt/gz_common_vendor:/opt/ros/jazzy/opt/gz_math_vendor:/opt/ros/jazzy/opt/gz_utils_vendor:/opt/ros/jazzy/opt/gz_tools_vendor:/opt/ros/jazzy/opt/gz_ogre_next_vendor:/opt/ros/jazzy/opt/gz_dartsim_vendor:/opt/ros/jazzy/opt/gz_cmake_vendor:/opt/ros/jazzy /usr/bin/cmake /mnt/c/Users/nanda/Downloads/ros2_ws/src/robot_bringup -DAMENT_CMAKE_SYMLINK_INSTALL=1 -DCMAKE_INSTALL_PREFIX=/mnt/c/Users/nanda/Downloads/ros2_ws/install/robot_bringup
[43.600s] Invoking command in '/mnt/c/Users/nanda/Downloads/ros2_ws/build/robot_bringup': AMENT_PREFIX_PATH=/mnt/c/Users/nanda/Downloads/ros2_ws/install/robot_navigation:/mnt/c/Users/nanda/Downloads/ros2_ws/install/robot_description:${AMENT_PREFIX_PATH} CMAKE_PREFIX_PATH=/mnt/c/Users/nanda/Downloads/ros2_ws/install/robot_navigation:/mnt/c/Users/nanda/Downloads/ros2_ws/install/robot_description:/opt/ros/jazzy/opt/gz_sim_vendor:/opt/ros/jazzy/opt/gz_sensors_vendor:/opt/ros/jazzy/opt/gz_physics_vendor:/opt/ros/jazzy/opt/sdformat_vendor:/opt/ros/jazzy/opt/gz_gui_vendor:/opt/ros/jazzy/opt/gz_transport_vendor:/opt/ros/jazzy/opt/gz_rendering_vendor:/opt/ros/jazzy/opt/gz_plugin_vendor:/opt/ros/jazzy/opt/gz_fuel_tools_vendor:/opt/ros/jazzy/opt/gz_msgs_vendor:/opt/ros/jazzy/opt/gz_common_vendor:/opt/ros/jazzy/opt/gz_math_vendor:/opt/ros/jazzy/opt/gz_utils_vendor:/opt/ros/jazzy/opt/gz_tools_vendor:/opt/ros/jazzy/opt/gz_ogre_next_vendor:/opt/ros/jazzy/opt/gz_dartsim_vendor:/opt/ros/jazzy/opt/gz_cmake_vendor:/opt/ros/jazzy /usr/bin/cmake --build /mnt/c/Users/nanda/Downloads/ros2_ws/build/robot_bringup -- -j12 -l12
[44.049s] Invoked command in '/mnt/c/Users/nanda/Downloads/ros2_ws/build/robot_bringup' returned '0': AMENT_PREFIX_PATH=/mnt/c/Users/nanda/Downloads/ros2_ws/install/robot_navigation:/mnt/c/Users/nanda/Downloads/ros2_ws/install/robot_description:${AMENT_PREFIX_PATH} CMAKE_PREFIX_PATH=/mnt/c/Users/nanda/Downloads/ros2_ws/install/robot_navigation:/mnt/c/Users/nanda/Downloads/ros2_ws/install/robot_description:/opt/ros/jazzy/opt/gz_sim_vendor:/opt/ros/jazzy/opt/gz_sensors_vendor:/opt/ros/jazzy/opt/gz_physics_vendor:/opt/ros/jazzy/opt/sdformat_vendor:/opt/ros/jazzy/opt/gz_gui_vendor:/opt/ros/jazzy/opt/gz_transport_vendor:/opt/ros/jazzy/opt/gz_rendering_vendor:/opt/ros/jazzy/opt/gz_plugin_vendor:/opt/ros/jazzy/opt/gz_fuel_tools_vendor:/opt/ros/jazzy/opt/gz_msgs_vendor:/opt/ros/jazzy/opt/gz_common_vendor:/opt/ros/jazzy/opt/gz_math_vendor:/opt/ros/jazzy/opt/gz_utils_vendor:/opt/ros/jazzy/opt/gz_tools_vendor:/opt/ros/jazzy/opt/gz_ogre_next_vendor:/opt/ros/jazzy/opt/gz_dartsim_vendor:/opt/ros/jazzy/opt/gz_cmake_vendor:/opt/ros/jazzy /usr/bin/cmake --build /mnt/c/Users/nanda/Downloads/ros2_ws/build/robot_bringup -- -j12 -l12
[44.162s] Invoking command in '/mnt/c/Users/nanda/Downloads/ros2_ws/build/robot_bringup': AMENT_PREFIX_PATH=/mnt/c/Users/nanda/Downloads/ros2_ws/install/robot_navigation:/mnt/c/Users/nanda/Downloads/ros2_ws/install/robot_description:${AMENT_PREFIX_PATH} CMAKE_PREFIX_PATH=/mnt/c/Users/nanda/Downloads/ros2_ws/install/robot_navigation:/mnt/c/Users/nanda/Downloads/ros2_ws/install/robot_description:/opt/ros/jazzy/opt/gz_sim_vendor:/opt/ros/jazzy/opt/gz_sensors_vendor:/opt/ros/jazzy/opt/gz_physics_vendor:/opt/ros/jazzy/opt/sdformat_vendor:/opt/ros/jazzy/opt/gz_gui_vendor:/opt/ros/jazzy/opt/gz_transport_vendor:/opt/ros/jazzy/opt/gz_rendering_vendor:/opt/ros/jazzy/opt/gz_plugin_vendor:/opt/ros/jazzy/opt/gz_fuel_tools_vendor:/opt/ros/jazzy/opt/gz_msgs_vendor:/opt/ros/jazzy/opt/gz_common_vendor:/opt/ros/jazzy/opt/gz_math_vendor:/opt/ros/jazzy/opt/gz_utils_vendor:/opt/ros/jazzy/opt/gz_tools_vendor:/opt/ros/jazzy/opt/gz_ogre_next_vendor:/opt/ros/jazzy/opt/gz_dartsim_vendor:/opt/ros/jazzy/opt/gz_cmake_vendor:/opt/ros/jazzy /usr/bin/cmake --install /mnt/c/Users/nanda/Downloads/ros2_ws/build/robot_bringup
[44.204s] -- Install configuration: ""
[44.249s] -- Execute custom install script
[44.345s] -- Symlinking: /mnt/c/Users/nanda/Downloads/ros2_ws/install/robot_bringup/lib/robot_bringup/send_goal.py
[44.460s] -- Symlinking: /mnt/c/Users/nanda/Downloads/ros2_ws/install/robot_bringup/lib/robot_bringup/waypoint_navigator.py
[44.789s] -- Symlinking: /mnt/c/Users/nanda/Downloads/ros2_ws/install/robot_bringup/share/robot_bringup/launch/nav_bringup.launch.py
[44.924s] -- Symlinking: /mnt/c/Users/nanda/Downloads/ros2_ws/install/robot_bringup/share/robot_bringup/launch/slam_bringup.launch.py
[45.163s] -- Symlinking: /mnt/c/Users/nanda/Downloads/ros2_ws/install/robot_bringup/share/ament_index/resource_index/package_run_dependencies/robot_bringup
[45.367s] -- Symlinking: /mnt/c/Users/nanda/Downloads/ros2_ws/install/robot_bringup/share/ament_index/resource_index/parent_prefix_path/robot_bringup
[45.534s] -- Symlinking: /mnt/c/Users/nanda/Downloads/ros2_ws/install/robot_bringup/share/robot_bringup/environment/ament_prefix_path.sh
[45.650s] -- Symlinking: /mnt/c/Users/nanda/Downloads/ros2_ws/install/robot_bringup/share/robot_bringup/environment/ament_prefix_path.dsv
[45.779s] -- Symlinking: /mnt/c/Users/nanda/Downloads/ros2_ws/install/robot_bringup/share/robot_bringup/environment/path.sh
[45.916s] -- Symlinking: /mnt/c/Users/nanda/Downloads/ros2_ws/install/robot_bringup/share/robot_bringup/environment/path.dsv
[46.029s] -- Symlinking: /mnt/c/Users/nanda/Downloads/ros2_ws/install/robot_bringup/share/robot_bringup/local_setup.bash
[46.146s] -- Symlinking: /mnt/c/Users/nanda/Downloads/ros2_ws/install/robot_bringup/share/robot_bringup/local_setup.sh
[46.250s] -- Symlinking: /mnt/c/Users/nanda/Downloads/ros2_ws/install/robot_bringup/share/robot_bringup/local_setup.zsh
[46.362s] -- Symlinking: /mnt/c/Users/nanda/Downloads/ros2_ws/install/robot_bringup/share/robot_bringup/local_setup.dsv
[46.464s] -- Symlinking: /mnt/c/Users/nanda/Downloads/ros2_ws/install/robot_bringup/share/robot_bringup/package.dsv
[46.666s] -- Symlinking: /mnt/c/Users/nanda/Downloads/ros2_ws/install/robot_bringup/share/ament_index/resource_index/packages/robot_bringup
[46.895s] -- Symlinking: /mnt/c/Users/nanda/Downloads/ros2_ws/install/robot_bringup/share/robot_bringup/cmake/robot_bringupConfig.cmake
[47.037s] -- Symlinking: /mnt/c/Users/nanda/Downloads/ros2_ws/install/robot_bringup/share/robot_bringup/cmake/robot_bringupConfig-version.cmake
[47.205s] -- Symlinking: /mnt/c/Users/nanda/Downloads/ros2_ws/install/robot_bringup/share/robot_bringup/package.xml
[47.314s] Invoked command in '/mnt/c/Users/nanda/Downloads/ros2_ws/build/robot_bringup' returned '0': AMENT_PREFIX_PATH=/mnt/c/Users/nanda/Downloads/ros2_ws/install/robot_navigation:/mnt/c/Users/nanda/Downloads/ros2_ws/install/robot_description:${AMENT_PREFIX_PATH} CMAKE_PREFIX_PATH=/mnt/c/Users/nanda/Downloads/ros2_ws/install/robot_navigation:/mnt/c/Users/nanda/Downloads/ros2_ws/install/robot_description:/opt/ros/jazzy/opt/gz_sim_vendor:/opt/ros/jazzy/opt/gz_sensors_vendor:/opt/ros/jazzy/opt/gz_physics_vendor:/opt/ros/jazzy/opt/sdformat_vendor:/opt/ros/jazzy/opt/gz_gui_vendor:/opt/ros/jazzy/opt/gz_transport_vendor:/opt/ros/jazzy/opt/gz_rendering_vendor:/opt/ros/jazzy/opt/gz_plugin_vendor:/opt/ros/jazzy/opt/gz_fuel_tools_vendor:/opt/ros/jazzy/opt/gz_msgs_vendor:/opt/ros/jazzy/opt/gz_common_vendor:/opt/ros/jazzy/opt/gz_math_vendor:/opt/ros/jazzy/opt/gz_utils_vendor:/opt/ros/jazzy/opt/gz_tools_vendor:/opt/ros/jazzy/opt/gz_ogre_next_vendor:/opt/ros/jazzy/opt/gz_dartsim_vendor:/opt/ros/jazzy/opt/gz_cmake_vendor:/opt/ros/jazzy /usr/bin/cmake --install /mnt/c/Users/nanda/Downloads/ros2_ws/build/robot_bringup
