[1.665s] DEBUG:colcon:Command line arguments: ['/usr/bin/colcon', 'build', '--symlink-install']
[1.666s] DEBUG:colcon:Parsed command line arguments: Namespace(log_base=None, log_level=None, verb_name='build', build_base='build', install_base='install', merge_install=False, symlink_install=True, test_result_base=None, continue_on_error=False, executor='parallel', parallel_workers=12, event_handlers=None, ignore_user_meta=False, metas=['./colcon.meta'], base_paths=['.'], packages_ignore=None, packages_ignore_regex=None, paths=None, packages_up_to=None, packages_up_to_regex=None, packages_above=None, packages_above_and_dependencies=None, packages_above_depth=None, packages_select_by_dep=None, packages_skip_by_dep=None, packages_skip_up_to=None, packages_select_build_failed=False, packages_skip_build_finished=False, packages_select_test_failures=False, packages_skip_test_passed=False, packages_select=None, packages_skip=None, packages_select_regex=None, packages_skip_regex=None, packages_start=None, packages_end=None, allow_overriding=[], cmake_args=None, cmake_target=None, cmake_target_skip_unavailable=False, cmake_clean_cache=False, cmake_clean_first=False, cmake_force_configure=False, ament_cmake_args=None, catkin_cmake_args=None, catkin_skip_building_tests=False, mixin_files=None, mixin=None, verb_parser=<colcon_mixin.mixin.mixin_argument.MixinArgumentDecorator object at 0x7b84e0c885f0>, verb_extension=<colcon_core.verb.build.BuildVerb object at 0x7b84e0dba8a0>, main=<bound method BuildVerb.main of <colcon_core.verb.build.BuildVerb object at 0x7b84e0dba8a0>>, mixin_verb=('build',))
[1.897s] Level 1:colcon.colcon_core.package_discovery:discover_packages(colcon_meta) check parameters
[1.901s] Level 1:colcon.colcon_core.package_discovery:discover_packages(recursive) check parameters
[1.902s] Level 1:colcon.colcon_core.package_discovery:discover_packages(ignore) check parameters
[1.904s] Level 1:colcon.colcon_core.package_discovery:discover_packages(path) check parameters
[1.907s] Level 1:colcon.colcon_core.package_discovery:discover_packages(colcon_meta) discover
[1.909s] Level 1:colcon.colcon_core.package_discovery:discover_packages(recursive) discover
[1.910s] INFO:colcon.colcon_core.package_discovery:Crawling recursively for packages in '/mnt/c/Users/nanda/Downloads/ros2_ws'
[1.932s] Level 1:colcon.colcon_core.package_identification:_identify(.) by extensions ['ignore', 'ignore_ament_install']
[1.934s] Level 1:colcon.colcon_core.package_identification:_identify(.) by extension 'ignore'
[1.938s] Level 1:colcon.colcon_core.package_identification:_identify(.) by extension 'ignore_ament_install'
[1.944s] Level 1:colcon.colcon_core.package_identification:_identify(.) by extensions ['colcon_pkg']
[1.945s] Level 1:colcon.colcon_core.package_identification:_identify(.) by extension 'colcon_pkg'
[1.952s] Level 1:colcon.colcon_core.package_identification:_identify(.) by extensions ['colcon_meta']
[1.958s] Level 1:colcon.colcon_core.package_identification:_identify(.) by extension 'colcon_meta'
[1.959s] Level 1:colcon.colcon_core.package_identification:_identify(.) by extensions ['ros']
[1.970s] Level 1:colcon.colcon_core.package_identification:_identify(.) by extension 'ros'
[2.064s] Level 1:colcon.colcon_core.package_identification:_identify(.) by extensions ['cmake', 'python']
[2.066s] Level 1:colcon.colcon_core.package_identification:_identify(.) by extension 'cmake'
[2.069s] Level 1:colcon.colcon_core.package_identification:_identify(.) by extension 'python'
[2.071s] Level 1:colcon.colcon_core.package_identification:_identify(.) by extensions ['python_setup_py']
[2.073s] Level 1:colcon.colcon_core.package_identification:_identify(.) by extension 'python_setup_py'
[2.125s] Level 1:colcon.colcon_core.package_identification:_identify(build) by extensions ['ignore', 'ignore_ament_install']
[2.132s] Level 1:colcon.colcon_core.package_identification:_identify(build) by extension 'ignore'
[2.150s] Level 1:colcon.colcon_core.package_identification:_identify(build) ignored
[2.182s] Level 1:colcon.colcon_core.package_identification:_identify(install) by extensions ['ignore', 'ignore_ament_install']
[2.188s] Level 1:colcon.colcon_core.package_identification:_identify(install) by extension 'ignore'
[2.200s] Level 1:colcon.colcon_core.package_identification:_identify(install) ignored
[2.242s] Level 1:colcon.colcon_core.package_identification:_identify(log) by extensions ['ignore', 'ignore_ament_install']
[2.244s] Level 1:colcon.colcon_core.package_identification:_identify(log) by extension 'ignore'
[2.249s] Level 1:colcon.colcon_core.package_identification:_identify(log) ignored
[2.279s] Level 1:colcon.colcon_core.package_identification:_identify(src) by extensions ['ignore', 'ignore_ament_install']
[2.282s] Level 1:colcon.colcon_core.package_identification:_identify(src) by extension 'ignore'
[2.287s] Level 1:colcon.colcon_core.package_identification:_identify(src) by extension 'ignore_ament_install'
[2.295s] Level 1:colcon.colcon_core.package_identification:_identify(src) by extensions ['colcon_pkg']
[2.297s] Level 1:colcon.colcon_core.package_identification:_identify(src) by extension 'colcon_pkg'
[2.309s] Level 1:colcon.colcon_core.package_identification:_identify(src) by extensions ['colcon_meta']
[2.312s] Level 1:colcon.colcon_core.package_identification:_identify(src) by extension 'colcon_meta'
[2.320s] Level 1:colcon.colcon_core.package_identification:_identify(src) by extensions ['ros']
[2.322s] Level 1:colcon.colcon_core.package_identification:_identify(src) by extension 'ros'
[2.350s] Level 1:colcon.colcon_core.package_identification:_identify(src) by extensions ['cmake', 'python']
[2.351s] Level 1:colcon.colcon_core.package_identification:_identify(src) by extension 'cmake'
[2.360s] Level 1:colcon.colcon_core.package_identification:_identify(src) by extension 'python'
[2.368s] Level 1:colcon.colcon_core.package_identification:_identify(src) by extensions ['python_setup_py']
[2.370s] Level 1:colcon.colcon_core.package_identification:_identify(src) by extension 'python_setup_py'
[2.433s] Level 1:colcon.colcon_core.package_identification:_identify(src/robot_bringup) by extensions ['ignore', 'ignore_ament_install']
[2.437s] Level 1:colcon.colcon_core.package_identification:_identify(src/robot_bringup) by extension 'ignore'
[2.455s] Level 1:colcon.colcon_core.package_identification:_identify(src/robot_bringup) by extension 'ignore_ament_install'
[2.480s] Level 1:colcon.colcon_core.package_identification:_identify(src/robot_bringup) by extensions ['colcon_pkg']
[2.481s] Level 1:colcon.colcon_core.package_identification:_identify(src/robot_bringup) by extension 'colcon_pkg'
[2.494s] Level 1:colcon.colcon_core.package_identification:_identify(src/robot_bringup) by extensions ['colcon_meta']
[2.495s] Level 1:colcon.colcon_core.package_identification:_identify(src/robot_bringup) by extension 'colcon_meta'
[2.508s] Level 1:colcon.colcon_core.package_identification:_identify(src/robot_bringup) by extensions ['ros']
[2.510s] Level 1:colcon.colcon_core.package_identification:_identify(src/robot_bringup) by extension 'ros'
[2.689s] DEBUG:colcon.colcon_core.package_identification:Package 'src/robot_bringup' with type 'ros.ament_cmake' and name 'robot_bringup'
[2.739s] Level 1:colcon.colcon_core.package_identification:_identify(src/robot_description) by extensions ['ignore', 'ignore_ament_install']
[2.741s] Level 1:colcon.colcon_core.package_identification:_identify(src/robot_description) by extension 'ignore'
[2.759s] Level 1:colcon.colcon_core.package_identification:_identify(src/robot_description) by extension 'ignore_ament_install'
[2.775s] Level 1:colcon.colcon_core.package_identification:_identify(src/robot_description) by extensions ['colcon_pkg']
[2.776s] Level 1:colcon.colcon_core.package_identification:_identify(src/robot_description) by extension 'colcon_pkg'
[2.786s] Level 1:colcon.colcon_core.package_identification:_identify(src/robot_description) by extensions ['colcon_meta']
[2.787s] Level 1:colcon.colcon_core.package_identification:_identify(src/robot_description) by extension 'colcon_meta'
[2.808s] Level 1:colcon.colcon_core.package_identification:_identify(src/robot_description) by extensions ['ros']
[2.820s] Level 1:colcon.colcon_core.package_identification:_identify(src/robot_description) by extension 'ros'
[2.940s] DEBUG:colcon.colcon_core.package_identification:Package 'src/robot_description' with type 'ros.ament_cmake' and name 'robot_description'
[2.988s] Level 1:colcon.colcon_core.package_identification:_identify(src/robot_navigation) by extensions ['ignore', 'ignore_ament_install']
[2.991s] Level 1:colcon.colcon_core.package_identification:_identify(src/robot_navigation) by extension 'ignore'
[3.008s] Level 1:colcon.colcon_core.package_identification:_identify(src/robot_navigation) by extension 'ignore_ament_install'
[3.026s] Level 1:colcon.colcon_core.package_identification:_identify(src/robot_navigation) by extensions ['colcon_pkg']
[3.030s] Level 1:colcon.colcon_core.package_identification:_identify(src/robot_navigation) by extension 'colcon_pkg'
[3.044s] Level 1:colcon.colcon_core.package_identification:_identify(src/robot_navigation) by extensions ['colcon_meta']
[3.045s] Level 1:colcon.colcon_core.package_identification:_identify(src/robot_navigation) by extension 'colcon_meta'
[3.068s] Level 1:colcon.colcon_core.package_identification:_identify(src/robot_navigation) by extensions ['ros']
[3.070s] Level 1:colcon.colcon_core.package_identification:_identify(src/robot_navigation) by extension 'ros'
[3.193s] DEBUG:colcon.colcon_core.package_identification:Package 'src/robot_navigation' with type 'ros.ament_cmake' and name 'robot_navigation'
[3.215s] Level 1:colcon.colcon_core.package_identification:_identify(worlds) by extensions ['ignore', 'ignore_ament_install']
[3.216s] Level 1:colcon.colcon_core.package_identification:_identify(worlds) by extension 'ignore'
[3.227s] Level 1:colcon.colcon_core.package_identification:_identify(worlds) by extension 'ignore_ament_install'
[3.240s] Level 1:colcon.colcon_core.package_identification:_identify(worlds) by extensions ['colcon_pkg']
[3.242s] Level 1:colcon.colcon_core.package_identification:_identify(worlds) by extension 'colcon_pkg'
[3.248s] Level 1:colcon.colcon_core.package_identification:_identify(worlds) by extensions ['colcon_meta']
[3.249s] Level 1:colcon.colcon_core.package_identification:_identify(worlds) by extension 'colcon_meta'
[3.253s] Level 1:colcon.colcon_core.package_identification:_identify(worlds) by extensions ['ros']
[3.255s] Level 1:colcon.colcon_core.package_identification:_identify(worlds) by extension 'ros'
[3.277s] Level 1:colcon.colcon_core.package_identification:_identify(worlds) by extensions ['cmake', 'python']
[3.283s] Level 1:colcon.colcon_core.package_identification:_identify(worlds) by extension 'cmake'
[3.297s] Level 1:colcon.colcon_core.package_identification:_identify(worlds) by extension 'python'
[3.302s] Level 1:colcon.colcon_core.package_identification:_identify(worlds) by extensions ['python_setup_py']
[3.304s] Level 1:colcon.colcon_core.package_identification:_identify(worlds) by extension 'python_setup_py'
[3.308s] Level 1:colcon.colcon_core.package_discovery:discover_packages(recursive) using defaults
[3.309s] Level 1:colcon.colcon_core.package_discovery:discover_packages(ignore) discover
[3.319s] Level 1:colcon.colcon_core.package_discovery:discover_packages(ignore) using defaults
[3.320s] Level 1:colcon.colcon_core.package_discovery:discover_packages(path) discover
[3.323s] Level 1:colcon.colcon_core.package_discovery:discover_packages(path) using defaults
[3.457s] Level 1:colcon.colcon_core.package_discovery:discover_packages(prefix_path) check parameters
[3.459s] Level 1:colcon.colcon_core.package_discovery:discover_packages(prefix_path) discover
[3.465s] DEBUG:colcon.colcon_installed_package_information.package_discovery:Found 390 installed packages in /opt/ros/jazzy
[3.471s] Level 1:colcon.colcon_core.package_discovery:discover_packages(prefix_path) using defaults
[3.593s] Level 5:colcon.colcon_core.verb:set package 'robot_description' build argument 'cmake_args' from command line to 'None'
[3.594s] Level 5:colcon.colcon_core.verb:set package 'robot_description' build argument 'cmake_target' from command line to 'None'
[3.595s] Level 5:colcon.colcon_core.verb:set package 'robot_description' build argument 'cmake_target_skip_unavailable' from command line to 'False'
[3.595s] Level 5:colcon.colcon_core.verb:set package 'robot_description' build argument 'cmake_clean_cache' from command line to 'False'
[3.596s] Level 5:colcon.colcon_core.verb:set package 'robot_description' build argument 'cmake_clean_first' from command line to 'False'
[3.597s] Level 5:colcon.colcon_core.verb:set package 'robot_description' build argument 'cmake_force_configure' from command line to 'False'
[3.598s] Level 5:colcon.colcon_core.verb:set package 'robot_description' build argument 'ament_cmake_args' from command line to 'None'
[3.598s] Level 5:colcon.colcon_core.verb:set package 'robot_description' build argument 'catkin_cmake_args' from command line to 'None'
[3.601s] Level 5:colcon.colcon_core.verb:set package 'robot_description' build argument 'catkin_skip_building_tests' from command line to 'False'
[3.603s] DEBUG:colcon.colcon_core.verb:Building package 'robot_description' with the following arguments: {'ament_cmake_args': None, 'build_base': '/mnt/c/Users/nanda/Downloads/ros2_ws/build/robot_description', 'catkin_cmake_args': None, 'catkin_skip_building_tests': False, 'cmake_args': None, 'cmake_clean_cache': False, 'cmake_clean_first': False, 'cmake_force_configure': False, 'cmake_target': None, 'cmake_target_skip_unavailable': False, 'install_base': '/mnt/c/Users/nanda/Downloads/ros2_ws/install/robot_description', 'merge_install': False, 'path': '/mnt/c/Users/nanda/Downloads/ros2_ws/src/robot_description', 'symlink_install': True, 'test_result_base': None}
[3.604s] Level 5:colcon.colcon_core.verb:set package 'robot_navigation' build argument 'cmake_args' from command line to 'None'
[3.605s] Level 5:colcon.colcon_core.verb:set package 'robot_navigation' build argument 'cmake_target' from command line to 'None'
[3.605s] Level 5:colcon.colcon_core.verb:set package 'robot_navigation' build argument 'cmake_target_skip_unavailable' from command line to 'False'
[3.606s] Level 5:colcon.colcon_core.verb:set package 'robot_navigation' build argument 'cmake_clean_cache' from command line to 'False'
[3.608s] Level 5:colcon.colcon_core.verb:set package 'robot_navigation' build argument 'cmake_clean_first' from command line to 'False'
[3.609s] Level 5:colcon.colcon_core.verb:set package 'robot_navigation' build argument 'cmake_force_configure' from command line to 'False'
[3.610s] Level 5:colcon.colcon_core.verb:set package 'robot_navigation' build argument 'ament_cmake_args' from command line to 'None'
[3.615s] Level 5:colcon.colcon_core.verb:set package 'robot_navigation' build argument 'catkin_cmake_args' from command line to 'None'
[3.617s] Level 5:colcon.colcon_core.verb:set package 'robot_navigation' build argument 'catkin_skip_building_tests' from command line to 'False'
[3.620s] DEBUG:colcon.colcon_core.verb:Building package 'robot_navigation' with the following arguments: {'ament_cmake_args': None, 'build_base': '/mnt/c/Users/nanda/Downloads/ros2_ws/build/robot_navigation', 'catkin_cmake_args': None, 'catkin_skip_building_tests': False, 'cmake_args': None, 'cmake_clean_cache': False, 'cmake_clean_first': False, 'cmake_force_configure': False, 'cmake_target': None, 'cmake_target_skip_unavailable': False, 'install_base': '/mnt/c/Users/nanda/Downloads/ros2_ws/install/robot_navigation', 'merge_install': False, 'path': '/mnt/c/Users/nanda/Downloads/ros2_ws/src/robot_navigation', 'symlink_install': True, 'test_result_base': None}
[3.623s] Level 5:colcon.colcon_core.verb:set package 'robot_bringup' build argument 'cmake_args' from command line to 'None'
[3.625s] Level 5:colcon.colcon_core.verb:set package 'robot_bringup' build argument 'cmake_target' from command line to 'None'
[3.626s] Level 5:colcon.colcon_core.verb:set package 'robot_bringup' build argument 'cmake_target_skip_unavailable' from command line to 'False'
[3.627s] Level 5:colcon.colcon_core.verb:set package 'robot_bringup' build argument 'cmake_clean_cache' from command line to 'False'
[3.628s] Level 5:colcon.colcon_core.verb:set package 'robot_bringup' build argument 'cmake_clean_first' from command line to 'False'
[3.630s] Level 5:colcon.colcon_core.verb:set package 'robot_bringup' build argument 'cmake_force_configure' from command line to 'False'
[3.631s] Level 5:colcon.colcon_core.verb:set package 'robot_bringup' build argument 'ament_cmake_args' from command line to 'None'
[3.632s] Level 5:colcon.colcon_core.verb:set package 'robot_bringup' build argument 'catkin_cmake_args' from command line to 'None'
[3.633s] Level 5:colcon.colcon_core.verb:set package 'robot_bringup' build argument 'catkin_skip_building_tests' from command line to 'False'
[3.635s] DEBUG:colcon.colcon_core.verb:Building package 'robot_bringup' with the following arguments: {'ament_cmake_args': None, 'build_base': '/mnt/c/Users/nanda/Downloads/ros2_ws/build/robot_bringup', 'catkin_cmake_args': None, 'catkin_skip_building_tests': False, 'cmake_args': None, 'cmake_clean_cache': False, 'cmake_clean_first': False, 'cmake_force_configure': False, 'cmake_target': None, 'cmake_target_skip_unavailable': False, 'install_base': '/mnt/c/Users/nanda/Downloads/ros2_ws/install/robot_bringup', 'merge_install': False, 'path': '/mnt/c/Users/nanda/Downloads/ros2_ws/src/robot_bringup', 'symlink_install': True, 'test_result_base': None}
[3.636s] INFO:colcon.colcon_core.executor:Executing jobs using 'parallel' executor
[3.651s] DEBUG:colcon.colcon_parallel_executor.executor.parallel:run_until_complete
[3.652s] INFO:colcon.colcon_ros.task.ament_cmake.build:Building ROS package in '/mnt/c/Users/nanda/Downloads/ros2_ws/src/robot_description' with build type 'ament_cmake'
[3.654s] INFO:colcon.colcon_cmake.task.cmake.build:Building CMake package in '/mnt/c/Users/nanda/Downloads/ros2_ws/src/robot_description'
[3.660s] INFO:colcon.colcon_core.plugin_system:Skipping extension 'colcon_core.shell.bat': Not used on non-Windows systems
[3.663s] INFO:colcon.colcon_core.shell:Skip shell extension 'powershell' for command environment: Not usable outside of PowerShell
[3.664s] DEBUG:colcon.colcon_core.shell:Skip shell extension 'dsv' for command environment
[3.763s] INFO:colcon.colcon_ros.task.ament_cmake.build:Building ROS package in '/mnt/c/Users/nanda/Downloads/ros2_ws/src/robot_navigation' with build type 'ament_cmake'
[3.767s] INFO:colcon.colcon_cmake.task.cmake.build:Building CMake package in '/mnt/c/Users/nanda/Downloads/ros2_ws/src/robot_navigation'
[3.770s] INFO:colcon.colcon_core.shell:Skip shell extension 'powershell' for command environment: Not usable outside of PowerShell
[3.773s] DEBUG:colcon.colcon_core.shell:Skip shell extension 'dsv' for command environment
[4.215s] DEBUG:colcon.colcon_core.event_handler.log_command:Invoking command in '/mnt/c/Users/nanda/Downloads/ros2_ws/build/robot_description': CMAKE_PREFIX_PATH=${CMAKE_PREFIX_PATH}:/opt/ros/jazzy /usr/bin/cmake --build /mnt/c/Users/nanda/Downloads/ros2_ws/build/robot_description -- -j12 -l12
[4.457s] DEBUG:colcon.colcon_core.event_handler.log_command:Invoking command in '/mnt/c/Users/nanda/Downloads/ros2_ws/build/robot_navigation': CMAKE_PREFIX_PATH=${CMAKE_PREFIX_PATH}:/opt/ros/jazzy /usr/bin/cmake --build /mnt/c/Users/nanda/Downloads/ros2_ws/build/robot_navigation -- -j12 -l12
[5.410s] DEBUG:colcon.colcon_core.event_handler.log_command:Invoked command in '/mnt/c/Users/nanda/Downloads/ros2_ws/build/robot_description' returned '0': CMAKE_PREFIX_PATH=${CMAKE_PREFIX_PATH}:/opt/ros/jazzy /usr/bin/cmake --build /mnt/c/Users/nanda/Downloads/ros2_ws/build/robot_description -- -j12 -l12
[5.691s] DEBUG:colcon.colcon_core.event_handler.log_command:Invoking command in '/mnt/c/Users/nanda/Downloads/ros2_ws/build/robot_description': CMAKE_PREFIX_PATH=${CMAKE_PREFIX_PATH}:/opt/ros/jazzy /usr/bin/cmake --install /mnt/c/Users/nanda/Downloads/ros2_ws/build/robot_description
[5.716s] DEBUG:colcon.colcon_core.event_handler.log_command:Invoked command in '/mnt/c/Users/nanda/Downloads/ros2_ws/build/robot_navigation' returned '0': CMAKE_PREFIX_PATH=${CMAKE_PREFIX_PATH}:/opt/ros/jazzy /usr/bin/cmake --build /mnt/c/Users/nanda/Downloads/ros2_ws/build/robot_navigation -- -j12 -l12
[5.992s] DEBUG:colcon.colcon_core.event_handler.log_command:Invoking command in '/mnt/c/Users/nanda/Downloads/ros2_ws/build/robot_navigation': CMAKE_PREFIX_PATH=${CMAKE_PREFIX_PATH}:/opt/ros/jazzy /usr/bin/cmake --install /mnt/c/Users/nanda/Downloads/ros2_ws/build/robot_navigation
[12.396s] Level 1:colcon.colcon_core.environment:create_environment_scripts_only(robot_description)
[12.402s] DEBUG:colcon.colcon_core.event_handler.log_command:Invoked command in '/mnt/c/Users/nanda/Downloads/ros2_ws/build/robot_description' returned '0': CMAKE_PREFIX_PATH=${CMAKE_PREFIX_PATH}:/opt/ros/jazzy /usr/bin/cmake --install /mnt/c/Users/nanda/Downloads/ros2_ws/build/robot_description
[12.409s] Level 1:colcon.colcon_core.environment:checking '/mnt/c/Users/nanda/Downloads/ros2_ws/install/robot_description' for CMake module files
[13.349s] Level 1:colcon.colcon_core.environment:checking '/mnt/c/Users/nanda/Downloads/ros2_ws/install/robot_description' for CMake config files
[14.636s] Level 1:colcon.colcon_core.shell:create_environment_hook('robot_description', 'cmake_prefix_path')
[14.638s] INFO:colcon.colcon_core.shell:Creating environment hook '/mnt/c/Users/nanda/Downloads/ros2_ws/install/robot_description/share/robot_description/hook/cmake_prefix_path.ps1'
[14.780s] INFO:colcon.colcon_core.shell:Creating environment descriptor '/mnt/c/Users/nanda/Downloads/ros2_ws/install/robot_description/share/robot_description/hook/cmake_prefix_path.dsv'
[14.936s] INFO:colcon.colcon_core.shell:Creating environment hook '/mnt/c/Users/nanda/Downloads/ros2_ws/install/robot_description/share/robot_description/hook/cmake_prefix_path.sh'
[15.125s] Level 1:colcon.colcon_core.environment:checking '/mnt/c/Users/nanda/Downloads/ros2_ws/install/robot_description/bin'
[15.134s] Level 1:colcon.colcon_core.environment:checking '/mnt/c/Users/nanda/Downloads/ros2_ws/install/robot_description/lib/pkgconfig/robot_description.pc'
[15.145s] Level 1:colcon.colcon_core.environment:checking '/mnt/c/Users/nanda/Downloads/ros2_ws/install/robot_description/lib/python3.12/site-packages'
[15.155s] Level 1:colcon.colcon_core.environment:checking '/mnt/c/Users/nanda/Downloads/ros2_ws/install/robot_description/bin'
[15.177s] INFO:colcon.colcon_core.shell:Creating package script '/mnt/c/Users/nanda/Downloads/ros2_ws/install/robot_description/share/robot_description/package.ps1'
[15.300s] INFO:colcon.colcon_core.shell:Creating package descriptor '/mnt/c/Users/nanda/Downloads/ros2_ws/install/robot_description/share/robot_description/package.dsv'
[15.446s] INFO:colcon.colcon_core.shell:Creating package script '/mnt/c/Users/nanda/Downloads/ros2_ws/install/robot_description/share/robot_description/package.sh'
[15.569s] INFO:colcon.colcon_core.shell:Creating package script '/mnt/c/Users/nanda/Downloads/ros2_ws/install/robot_description/share/robot_description/package.bash'
[15.697s] INFO:colcon.colcon_core.shell:Creating package script '/mnt/c/Users/nanda/Downloads/ros2_ws/install/robot_description/share/robot_description/package.zsh'
[15.823s] Level 1:colcon.colcon_core.environment:create_file_with_runtime_dependencies(/mnt/c/Users/nanda/Downloads/ros2_ws/install/robot_description/share/colcon-core/packages/robot_description)
[16.110s] Level 1:colcon.colcon_core.environment:create_environment_scripts_only(robot_description)
[16.115s] Level 1:colcon.colcon_core.environment:checking '/mnt/c/Users/nanda/Downloads/ros2_ws/install/robot_description' for CMake module files
[17.507s] Level 1:colcon.colcon_core.environment:checking '/mnt/c/Users/nanda/Downloads/ros2_ws/install/robot_description' for CMake config files
[18.720s] Level 1:colcon.colcon_core.shell:create_environment_hook('robot_description', 'cmake_prefix_path')
[18.724s] INFO:colcon.colcon_core.shell:Creating environment hook '/mnt/c/Users/nanda/Downloads/ros2_ws/install/robot_description/share/robot_description/hook/cmake_prefix_path.ps1'
[18.871s] INFO:colcon.colcon_core.shell:Creating environment descriptor '/mnt/c/Users/nanda/Downloads/ros2_ws/install/robot_description/share/robot_description/hook/cmake_prefix_path.dsv'
[19.008s] INFO:colcon.colcon_core.shell:Creating environment hook '/mnt/c/Users/nanda/Downloads/ros2_ws/install/robot_description/share/robot_description/hook/cmake_prefix_path.sh'
[19.180s] Level 1:colcon.colcon_core.environment:checking '/mnt/c/Users/nanda/Downloads/ros2_ws/install/robot_description/bin'
[19.198s] Level 1:colcon.colcon_core.environment:checking '/mnt/c/Users/nanda/Downloads/ros2_ws/install/robot_description/lib/pkgconfig/robot_description.pc'
[19.209s] Level 1:colcon.colcon_core.environment:checking '/mnt/c/Users/nanda/Downloads/ros2_ws/install/robot_description/lib/python3.12/site-packages'
[19.241s] Level 1:colcon.colcon_core.environment:checking '/mnt/c/Users/nanda/Downloads/ros2_ws/install/robot_description/bin'
[19.258s] INFO:colcon.colcon_core.shell:Creating package script '/mnt/c/Users/nanda/Downloads/ros2_ws/install/robot_description/share/robot_description/package.ps1'
[19.444s] INFO:colcon.colcon_core.shell:Creating package descriptor '/mnt/c/Users/nanda/Downloads/ros2_ws/install/robot_description/share/robot_description/package.dsv'
[19.564s] INFO:colcon.colcon_core.shell:Creating package script '/mnt/c/Users/nanda/Downloads/ros2_ws/install/robot_description/share/robot_description/package.sh'
[19.682s] INFO:colcon.colcon_core.shell:Creating package script '/mnt/c/Users/nanda/Downloads/ros2_ws/install/robot_description/share/robot_description/package.bash'
[19.802s] INFO:colcon.colcon_core.shell:Creating package script '/mnt/c/Users/nanda/Downloads/ros2_ws/install/robot_description/share/robot_description/package.zsh'
[19.908s] Level 1:colcon.colcon_core.environment:create_file_with_runtime_dependencies(/mnt/c/Users/nanda/Downloads/ros2_ws/install/robot_description/share/colcon-core/packages/robot_description)
[19.999s] Level 1:colcon.colcon_core.environment:create_environment_scripts_only(robot_navigation)
[20.001s] Level 1:colcon.colcon_core.environment:checking '/mnt/c/Users/nanda/Downloads/ros2_ws/install/robot_navigation' for CMake module files
[20.123s] DEBUG:colcon.colcon_core.event_handler.log_command:Invoked command in '/mnt/c/Users/nanda/Downloads/ros2_ws/build/robot_navigation' returned '0': CMAKE_PREFIX_PATH=${CMAKE_PREFIX_PATH}:/opt/ros/jazzy /usr/bin/cmake --install /mnt/c/Users/nanda/Downloads/ros2_ws/build/robot_navigation
[21.216s] Level 1:colcon.colcon_core.environment:checking '/mnt/c/Users/nanda/Downloads/ros2_ws/install/robot_navigation' for CMake config files
[22.191s] Level 1:colcon.colcon_core.shell:create_environment_hook('robot_navigation', 'cmake_prefix_path')
[22.192s] INFO:colcon.colcon_core.shell:Creating environment hook '/mnt/c/Users/nanda/Downloads/ros2_ws/install/robot_navigation/share/robot_navigation/hook/cmake_prefix_path.ps1'
[22.338s] INFO:colcon.colcon_core.shell:Creating environment descriptor '/mnt/c/Users/nanda/Downloads/ros2_ws/install/robot_navigation/share/robot_navigation/hook/cmake_prefix_path.dsv'
[22.473s] INFO:colcon.colcon_core.shell:Creating environment hook '/mnt/c/Users/nanda/Downloads/ros2_ws/install/robot_navigation/share/robot_navigation/hook/cmake_prefix_path.sh'
[22.637s] Level 1:colcon.colcon_core.environment:checking '/mnt/c/Users/nanda/Downloads/ros2_ws/install/robot_navigation/bin'
[22.646s] Level 1:colcon.colcon_core.environment:checking '/mnt/c/Users/nanda/Downloads/ros2_ws/install/robot_navigation/lib/pkgconfig/robot_navigation.pc'
[22.664s] Level 1:colcon.colcon_core.environment:checking '/mnt/c/Users/nanda/Downloads/ros2_ws/install/robot_navigation/lib/python3.12/site-packages'
[22.674s] Level 1:colcon.colcon_core.environment:checking '/mnt/c/Users/nanda/Downloads/ros2_ws/install/robot_navigation/bin'
[22.693s] INFO:colcon.colcon_core.shell:Creating package script '/mnt/c/Users/nanda/Downloads/ros2_ws/install/robot_navigation/share/robot_navigation/package.ps1'
[22.841s] INFO:colcon.colcon_core.shell:Creating package descriptor '/mnt/c/Users/nanda/Downloads/ros2_ws/install/robot_navigation/share/robot_navigation/package.dsv'
[23.039s] INFO:colcon.colcon_core.shell:Creating package script '/mnt/c/Users/nanda/Downloads/ros2_ws/install/robot_navigation/share/robot_navigation/package.sh'
[23.180s] INFO:colcon.colcon_core.shell:Creating package script '/mnt/c/Users/nanda/Downloads/ros2_ws/install/robot_navigation/share/robot_navigation/package.bash'
[23.282s] INFO:colcon.colcon_core.shell:Creating package script '/mnt/c/Users/nanda/Downloads/ros2_ws/install/robot_navigation/share/robot_navigation/package.zsh'
[23.391s] Level 1:colcon.colcon_core.environment:create_file_with_runtime_dependencies(/mnt/c/Users/nanda/Downloads/ros2_ws/install/robot_navigation/share/colcon-core/packages/robot_navigation)
[23.659s] Level 1:colcon.colcon_core.environment:create_environment_scripts_only(robot_navigation)
[23.662s] Level 1:colcon.colcon_core.environment:checking '/mnt/c/Users/nanda/Downloads/ros2_ws/install/robot_navigation' for CMake module files
[24.729s] Level 1:colcon.colcon_core.environment:checking '/mnt/c/Users/nanda/Downloads/ros2_ws/install/robot_navigation' for CMake config files
[25.696s] Level 1:colcon.colcon_core.shell:create_environment_hook('robot_navigation', 'cmake_prefix_path')
[25.698s] INFO:colcon.colcon_core.shell:Creating environment hook '/mnt/c/Users/nanda/Downloads/ros2_ws/install/robot_navigation/share/robot_navigation/hook/cmake_prefix_path.ps1'
[25.824s] INFO:colcon.colcon_core.shell:Creating environment descriptor '/mnt/c/Users/nanda/Downloads/ros2_ws/install/robot_navigation/share/robot_navigation/hook/cmake_prefix_path.dsv'
[25.961s] INFO:colcon.colcon_core.shell:Creating environment hook '/mnt/c/Users/nanda/Downloads/ros2_ws/install/robot_navigation/share/robot_navigation/hook/cmake_prefix_path.sh'
[26.108s] Level 1:colcon.colcon_core.environment:checking '/mnt/c/Users/nanda/Downloads/ros2_ws/install/robot_navigation/bin'
[26.118s] Level 1:colcon.colcon_core.environment:checking '/mnt/c/Users/nanda/Downloads/ros2_ws/install/robot_navigation/lib/pkgconfig/robot_navigation.pc'
[26.128s] Level 1:colcon.colcon_core.environment:checking '/mnt/c/Users/nanda/Downloads/ros2_ws/install/robot_navigation/lib/python3.12/site-packages'
[26.137s] Level 1:colcon.colcon_core.environment:checking '/mnt/c/Users/nanda/Downloads/ros2_ws/install/robot_navigation/bin'
[26.145s] INFO:colcon.colcon_core.shell:Creating package script '/mnt/c/Users/nanda/Downloads/ros2_ws/install/robot_navigation/share/robot_navigation/package.ps1'
[26.262s] INFO:colcon.colcon_core.shell:Creating package descriptor '/mnt/c/Users/nanda/Downloads/ros2_ws/install/robot_navigation/share/robot_navigation/package.dsv'
[26.383s] INFO:colcon.colcon_core.shell:Creating package script '/mnt/c/Users/nanda/Downloads/ros2_ws/install/robot_navigation/share/robot_navigation/package.sh'
[26.517s] INFO:colcon.colcon_core.shell:Creating package script '/mnt/c/Users/nanda/Downloads/ros2_ws/install/robot_navigation/share/robot_navigation/package.bash'
[26.636s] INFO:colcon.colcon_core.shell:Creating package script '/mnt/c/Users/nanda/Downloads/ros2_ws/install/robot_navigation/share/robot_navigation/package.zsh'
[26.750s] Level 1:colcon.colcon_core.environment:create_file_with_runtime_dependencies(/mnt/c/Users/nanda/Downloads/ros2_ws/install/robot_navigation/share/colcon-core/packages/robot_navigation)
[26.838s] INFO:colcon.colcon_ros.task.ament_cmake.build:Building ROS package in '/mnt/c/Users/nanda/Downloads/ros2_ws/src/robot_bringup' with build type 'ament_cmake'
[26.839s] INFO:colcon.colcon_cmake.task.cmake.build:Building CMake package in '/mnt/c/Users/nanda/Downloads/ros2_ws/src/robot_bringup'
[26.842s] INFO:colcon.colcon_core.shell:Skip shell extension 'powershell' for command environment: Not usable outside of PowerShell
[26.843s] DEBUG:colcon.colcon_core.shell:Skip shell extension 'dsv' for command environment
[28.984s] DEBUG:colcon.colcon_core.event_handler.log_command:Invoking command in '/mnt/c/Users/nanda/Downloads/ros2_ws/build/robot_bringup': AMENT_PREFIX_PATH=/mnt/c/Users/nanda/Downloads/ros2_ws/install/robot_navigation:/mnt/c/Users/nanda/Downloads/ros2_ws/install/robot_description:${AMENT_PREFIX_PATH} CMAKE_PREFIX_PATH=/mnt/c/Users/nanda/Downloads/ros2_ws/install/robot_navigation:/mnt/c/Users/nanda/Downloads/ros2_ws/install/robot_description:/opt/ros/jazzy/opt/gz_sim_vendor:/opt/ros/jazzy/opt/gz_sensors_vendor:/opt/ros/jazzy/opt/gz_physics_vendor:/opt/ros/jazzy/opt/sdformat_vendor:/opt/ros/jazzy/opt/gz_gui_vendor:/opt/ros/jazzy/opt/gz_transport_vendor:/opt/ros/jazzy/opt/gz_rendering_vendor:/opt/ros/jazzy/opt/gz_plugin_vendor:/opt/ros/jazzy/opt/gz_fuel_tools_vendor:/opt/ros/jazzy/opt/gz_msgs_vendor:/opt/ros/jazzy/opt/gz_common_vendor:/opt/ros/jazzy/opt/gz_math_vendor:/opt/ros/jazzy/opt/gz_utils_vendor:/opt/ros/jazzy/opt/gz_tools_vendor:/opt/ros/jazzy/opt/gz_ogre_next_vendor:/opt/ros/jazzy/opt/gz_dartsim_vendor:/opt/ros/jazzy/opt/gz_cmake_vendor:/opt/ros/jazzy /usr/bin/cmake --build /mnt/c/Users/nanda/Downloads/ros2_ws/build/robot_bringup -- -j12 -l12
[29.934s] DEBUG:colcon.colcon_core.event_handler.log_command:Invoked command in '/mnt/c/Users/nanda/Downloads/ros2_ws/build/robot_bringup' returned '0': AMENT_PREFIX_PATH=/mnt/c/Users/nanda/Downloads/ros2_ws/install/robot_navigation:/mnt/c/Users/nanda/Downloads/ros2_ws/install/robot_description:${AMENT_PREFIX_PATH} CMAKE_PREFIX_PATH=/mnt/c/Users/nanda/Downloads/ros2_ws/install/robot_navigation:/mnt/c/Users/nanda/Downloads/ros2_ws/install/robot_description:/opt/ros/jazzy/opt/gz_sim_vendor:/opt/ros/jazzy/opt/gz_sensors_vendor:/opt/ros/jazzy/opt/gz_physics_vendor:/opt/ros/jazzy/opt/sdformat_vendor:/opt/ros/jazzy/opt/gz_gui_vendor:/opt/ros/jazzy/opt/gz_transport_vendor:/opt/ros/jazzy/opt/gz_rendering_vendor:/opt/ros/jazzy/opt/gz_plugin_vendor:/opt/ros/jazzy/opt/gz_fuel_tools_vendor:/opt/ros/jazzy/opt/gz_msgs_vendor:/opt/ros/jazzy/opt/gz_common_vendor:/opt/ros/jazzy/opt/gz_math_vendor:/opt/ros/jazzy/opt/gz_utils_vendor:/opt/ros/jazzy/opt/gz_tools_vendor:/opt/ros/jazzy/opt/gz_ogre_next_vendor:/opt/ros/jazzy/opt/gz_dartsim_vendor:/opt/ros/jazzy/opt/gz_cmake_vendor:/opt/ros/jazzy /usr/bin/cmake --build /mnt/c/Users/nanda/Downloads/ros2_ws/build/robot_bringup -- -j12 -l12
[30.133s] DEBUG:colcon.colcon_core.event_handler.log_command:Invoking command in '/mnt/c/Users/nanda/Downloads/ros2_ws/build/robot_bringup': AMENT_PREFIX_PATH=/mnt/c/Users/nanda/Downloads/ros2_ws/install/robot_navigation:/mnt/c/Users/nanda/Downloads/ros2_ws/install/robot_description:${AMENT_PREFIX_PATH} CMAKE_PREFIX_PATH=/mnt/c/Users/nanda/Downloads/ros2_ws/install/robot_navigation:/mnt/c/Users/nanda/Downloads/ros2_ws/install/robot_description:/opt/ros/jazzy/opt/gz_sim_vendor:/opt/ros/jazzy/opt/gz_sensors_vendor:/opt/ros/jazzy/opt/gz_physics_vendor:/opt/ros/jazzy/opt/sdformat_vendor:/opt/ros/jazzy/opt/gz_gui_vendor:/opt/ros/jazzy/opt/gz_transport_vendor:/opt/ros/jazzy/opt/gz_rendering_vendor:/opt/ros/jazzy/opt/gz_plugin_vendor:/opt/ros/jazzy/opt/gz_fuel_tools_vendor:/opt/ros/jazzy/opt/gz_msgs_vendor:/opt/ros/jazzy/opt/gz_common_vendor:/opt/ros/jazzy/opt/gz_math_vendor:/opt/ros/jazzy/opt/gz_utils_vendor:/opt/ros/jazzy/opt/gz_tools_vendor:/opt/ros/jazzy/opt/gz_ogre_next_vendor:/opt/ros/jazzy/opt/gz_dartsim_vendor:/opt/ros/jazzy/opt/gz_cmake_vendor:/opt/ros/jazzy /usr/bin/cmake --install /mnt/c/Users/nanda/Downloads/ros2_ws/build/robot_bringup
[36.345s] Level 1:colcon.colcon_core.environment:create_environment_scripts_only(robot_bringup)
[36.348s] Level 1:colcon.colcon_core.environment:checking '/mnt/c/Users/nanda/Downloads/ros2_ws/install/robot_bringup' for CMake module files
[36.353s] DEBUG:colcon.colcon_core.event_handler.log_command:Invoked command in '/mnt/c/Users/nanda/Downloads/ros2_ws/build/robot_bringup' returned '0': AMENT_PREFIX_PATH=/mnt/c/Users/nanda/Downloads/ros2_ws/install/robot_navigation:/mnt/c/Users/nanda/Downloads/ros2_ws/install/robot_description:${AMENT_PREFIX_PATH} CMAKE_PREFIX_PATH=/mnt/c/Users/nanda/Downloads/ros2_ws/install/robot_navigation:/mnt/c/Users/nanda/Downloads/ros2_ws/install/robot_description:/opt/ros/jazzy/opt/gz_sim_vendor:/opt/ros/jazzy/opt/gz_sensors_vendor:/opt/ros/jazzy/opt/gz_physics_vendor:/opt/ros/jazzy/opt/sdformat_vendor:/opt/ros/jazzy/opt/gz_gui_vendor:/opt/ros/jazzy/opt/gz_transport_vendor:/opt/ros/jazzy/opt/gz_rendering_vendor:/opt/ros/jazzy/opt/gz_plugin_vendor:/opt/ros/jazzy/opt/gz_fuel_tools_vendor:/opt/ros/jazzy/opt/gz_msgs_vendor:/opt/ros/jazzy/opt/gz_common_vendor:/opt/ros/jazzy/opt/gz_math_vendor:/opt/ros/jazzy/opt/gz_utils_vendor:/opt/ros/jazzy/opt/gz_tools_vendor:/opt/ros/jazzy/opt/gz_ogre_next_vendor:/opt/ros/jazzy/opt/gz_dartsim_vendor:/opt/ros/jazzy/opt/gz_cmake_vendor:/opt/ros/jazzy /usr/bin/cmake --install /mnt/c/Users/nanda/Downloads/ros2_ws/build/robot_bringup
[37.533s] Level 1:colcon.colcon_core.environment:checking '/mnt/c/Users/nanda/Downloads/ros2_ws/install/robot_bringup' for CMake config files
[38.428s] Level 1:colcon.colcon_core.shell:create_environment_hook('robot_bringup', 'cmake_prefix_path')
[38.429s] INFO:colcon.colcon_core.shell:Creating environment hook '/mnt/c/Users/nanda/Downloads/ros2_ws/install/robot_bringup/share/robot_bringup/hook/cmake_prefix_path.ps1'
[38.531s] INFO:colcon.colcon_core.shell:Creating environment descriptor '/mnt/c/Users/nanda/Downloads/ros2_ws/install/robot_bringup/share/robot_bringup/hook/cmake_prefix_path.dsv'
[38.634s] INFO:colcon.colcon_core.shell:Creating environment hook '/mnt/c/Users/nanda/Downloads/ros2_ws/install/robot_bringup/share/robot_bringup/hook/cmake_prefix_path.sh'
[38.763s] Level 1:colcon.colcon_core.environment:checking '/mnt/c/Users/nanda/Downloads/ros2_ws/install/robot_bringup/lib'
[38.823s] Level 1:colcon.colcon_core.environment:checking '/mnt/c/Users/nanda/Downloads/ros2_ws/install/robot_bringup/bin'
[38.830s] Level 1:colcon.colcon_core.environment:checking '/mnt/c/Users/nanda/Downloads/ros2_ws/install/robot_bringup/lib/pkgconfig/robot_bringup.pc'
[38.843s] Level 1:colcon.colcon_core.environment:checking '/mnt/c/Users/nanda/Downloads/ros2_ws/install/robot_bringup/lib/python3.12/site-packages'
[38.861s] Level 1:colcon.colcon_core.environment:checking '/mnt/c/Users/nanda/Downloads/ros2_ws/install/robot_bringup/bin'
[38.869s] INFO:colcon.colcon_core.shell:Creating package script '/mnt/c/Users/nanda/Downloads/ros2_ws/install/robot_bringup/share/robot_bringup/package.ps1'
[39.085s] INFO:colcon.colcon_core.shell:Creating package descriptor '/mnt/c/Users/nanda/Downloads/ros2_ws/install/robot_bringup/share/robot_bringup/package.dsv'
[39.256s] INFO:colcon.colcon_core.shell:Creating package script '/mnt/c/Users/nanda/Downloads/ros2_ws/install/robot_bringup/share/robot_bringup/package.sh'
[39.411s] INFO:colcon.colcon_core.shell:Creating package script '/mnt/c/Users/nanda/Downloads/ros2_ws/install/robot_bringup/share/robot_bringup/package.bash'
[39.578s] INFO:colcon.colcon_core.shell:Creating package script '/mnt/c/Users/nanda/Downloads/ros2_ws/install/robot_bringup/share/robot_bringup/package.zsh'
[39.719s] Level 1:colcon.colcon_core.environment:create_file_with_runtime_dependencies(/mnt/c/Users/nanda/Downloads/ros2_ws/install/robot_bringup/share/colcon-core/packages/robot_bringup)
[40.009s] Level 1:colcon.colcon_core.environment:create_environment_scripts_only(robot_bringup)
[40.010s] Level 1:colcon.colcon_core.environment:checking '/mnt/c/Users/nanda/Downloads/ros2_ws/install/robot_bringup' for CMake module files
[41.318s] Level 1:colcon.colcon_core.environment:checking '/mnt/c/Users/nanda/Downloads/ros2_ws/install/robot_bringup' for CMake config files
[42.475s] Level 1:colcon.colcon_core.shell:create_environment_hook('robot_bringup', 'cmake_prefix_path')
[42.477s] INFO:colcon.colcon_core.shell:Creating environment hook '/mnt/c/Users/nanda/Downloads/ros2_ws/install/robot_bringup/share/robot_bringup/hook/cmake_prefix_path.ps1'
[42.639s] INFO:colcon.colcon_core.shell:Creating environment descriptor '/mnt/c/Users/nanda/Downloads/ros2_ws/install/robot_bringup/share/robot_bringup/hook/cmake_prefix_path.dsv'
[42.799s] INFO:colcon.colcon_core.shell:Creating environment hook '/mnt/c/Users/nanda/Downloads/ros2_ws/install/robot_bringup/share/robot_bringup/hook/cmake_prefix_path.sh'
[42.983s] Level 1:colcon.colcon_core.environment:checking '/mnt/c/Users/nanda/Downloads/ros2_ws/install/robot_bringup/lib'
[43.026s] Level 1:colcon.colcon_core.environment:checking '/mnt/c/Users/nanda/Downloads/ros2_ws/install/robot_bringup/bin'
[43.035s] Level 1:colcon.colcon_core.environment:checking '/mnt/c/Users/nanda/Downloads/ros2_ws/install/robot_bringup/lib/pkgconfig/robot_bringup.pc'
[43.046s] Level 1:colcon.colcon_core.environment:checking '/mnt/c/Users/nanda/Downloads/ros2_ws/install/robot_bringup/lib/python3.12/site-packages'
[43.070s] Level 1:colcon.colcon_core.environment:checking '/mnt/c/Users/nanda/Downloads/ros2_ws/install/robot_bringup/bin'
[43.089s] INFO:colcon.colcon_core.shell:Creating package script '/mnt/c/Users/nanda/Downloads/ros2_ws/install/robot_bringup/share/robot_bringup/package.ps1'
[43.197s] INFO:colcon.colcon_core.shell:Creating package descriptor '/mnt/c/Users/nanda/Downloads/ros2_ws/install/robot_bringup/share/robot_bringup/package.dsv'
[43.358s] INFO:colcon.colcon_core.shell:Creating package script '/mnt/c/Users/nanda/Downloads/ros2_ws/install/robot_bringup/share/robot_bringup/package.sh'
[43.499s] INFO:colcon.colcon_core.shell:Creating package script '/mnt/c/Users/nanda/Downloads/ros2_ws/install/robot_bringup/share/robot_bringup/package.bash'
[43.617s] INFO:colcon.colcon_core.shell:Creating package script '/mnt/c/Users/nanda/Downloads/ros2_ws/install/robot_bringup/share/robot_bringup/package.zsh'
[43.754s] Level 1:colcon.colcon_core.environment:create_file_with_runtime_dependencies(/mnt/c/Users/nanda/Downloads/ros2_ws/install/robot_bringup/share/colcon-core/packages/robot_bringup)
[43.848s] DEBUG:colcon.colcon_parallel_executor.executor.parallel:closing loop
[43.849s] DEBUG:colcon.colcon_parallel_executor.executor.parallel:loop closed
[43.853s] DEBUG:colcon.colcon_parallel_executor.executor.parallel:run_until_complete finished with '0'
[43.854s] DEBUG:colcon.colcon_core.event_reactor:joining thread
[44.457s] INFO:colcon.colcon_core.plugin_system:Skipping extension 'colcon_notification.desktop_notification.notify_send': Could not find 'notify-send'
[44.458s] INFO:colcon.colcon_core.plugin_system:Skipping extension 'colcon_notification.desktop_notification.terminal_notifier': Not used on non-Darwin systems
[44.459s] INFO:colcon.colcon_core.plugin_system:Skipping extension 'colcon_notification.desktop_notification.win32': Not used on non-Windows systems
[44.460s] INFO:colcon.colcon_notification.desktop_notification:Sending desktop notification using 'notify2'
[44.470s] DEBUG:colcon.colcon_notification.desktop_notification.notify2:Failed to initialize notify2: org.freedesktop.DBus.Error.ServiceUnknown: The name org.freedesktop.Notifications was not provided by any .service files
[44.473s] DEBUG:colcon.colcon_core.event_reactor:joined thread
[44.475s] INFO:colcon.colcon_core.shell:Creating prefix script '/mnt/c/Users/nanda/Downloads/ros2_ws/install/local_setup.ps1'
[44.521s] INFO:colcon.colcon_core.shell:Creating prefix util module '/mnt/c/Users/nanda/Downloads/ros2_ws/install/_local_setup_util_ps1.py'
[44.564s] INFO:colcon.colcon_core.shell:Creating prefix chain script '/mnt/c/Users/nanda/Downloads/ros2_ws/install/setup.ps1'
[44.623s] INFO:colcon.colcon_core.shell:Creating prefix script '/mnt/c/Users/nanda/Downloads/ros2_ws/install/local_setup.sh'
[44.671s] INFO:colcon.colcon_core.shell:Creating prefix util module '/mnt/c/Users/nanda/Downloads/ros2_ws/install/_local_setup_util_sh.py'
[44.733s] INFO:colcon.colcon_core.shell:Creating prefix chain script '/mnt/c/Users/nanda/Downloads/ros2_ws/install/setup.sh'
[44.789s] INFO:colcon.colcon_core.shell:Creating prefix script '/mnt/c/Users/nanda/Downloads/ros2_ws/install/local_setup.bash'
[44.847s] INFO:colcon.colcon_core.shell:Creating prefix chain script '/mnt/c/Users/nanda/Downloads/ros2_ws/install/setup.bash'
[44.919s] INFO:colcon.colcon_core.shell:Creating prefix script '/mnt/c/Users/nanda/Downloads/ros2_ws/install/local_setup.zsh'
[44.994s] INFO:colcon.colcon_core.shell:Creating prefix chain script '/mnt/c/Users/nanda/Downloads/ros2_ws/install/setup.zsh'
