-- The C compiler identification is GNU 13.3.0
-- The CXX compiler identification is GNU 13.3.0
-- Detecting C compiler ABI info
-- Detecting C compiler ABI info - done
-- Check for working C compiler: /usr/bin/cc - skipped
-- Detecting C compile features
-- Detecting C compile features - done
-- Detecting CXX compiler ABI info
-- Detecting CXX compiler ABI info - done
-- Check for working CXX compiler: /usr/bin/c++ - skipped
-- Detecting CXX compile features
-- Detecting CXX compile features - done
-- Found ament_cmake: 2.5.5 (/opt/ros/jazzy/share/ament_cmake/cmake)
-- Found Python3: /usr/bin/python3 (found version "3.12.3") found components: Interpreter 
-- Override CMake install command with custom implementation using symlinks instead of copying resources
-- Found ament_lint_auto: 0.17.4 (/opt/ros/jazzy/share/ament_lint_auto/cmake)
-- Added test 'copyright' to check source files copyright and LICENSE
-- Added test 'flake8' to check Python code syntax and style conventions
-- Configured 'flake8' exclude dirs and/or files: 
-- Added test 'lint_cmake' to check CMake code style
-- Added test 'pep257' to check Python code against some of the docstring style conventions in PEP 257
-- Added test 'xmllint' to check XML markup files
-- Configuring done (23.1s)
-- Generating done (1.1s)
-- Build files have been written to: /mnt/c/Users/nanda/Downloads/ros2_ws/build/robot_navigation
-- Install configuration: ""
-- Execute custom install script
-- Symlinking: /mnt/c/Users/nanda/Downloads/ros2_ws/install/robot_navigation/share/robot_navigation/launch/navigation_launch.py
-- Symlinking: /mnt/c/Users/nanda/Downloads/ros2_ws/install/robot_navigation/share/robot_navigation/launch/slam_launch.py
-- Symlinking: /mnt/c/Users/nanda/Downloads/ros2_ws/install/robot_navigation/share/robot_navigation/config/nav2_params.yaml
-- Symlinking: /mnt/c/Users/nanda/Downloads/ros2_ws/install/robot_navigation/share/robot_navigation/config/slam_toolbox_params.yaml
-- Symlinking: /mnt/c/Users/nanda/Downloads/ros2_ws/install/robot_navigation/share/robot_navigation/maps/house_map.yaml
-- Symlinking: /mnt/c/Users/nanda/Downloads/ros2_ws/install/robot_navigation/share/ament_index/resource_index/package_run_dependencies/robot_navigation
-- Symlinking: /mnt/c/Users/nanda/Downloads/ros2_ws/install/robot_navigation/share/ament_index/resource_index/parent_prefix_path/robot_navigation
-- Symlinking: /mnt/c/Users/nanda/Downloads/ros2_ws/install/robot_navigation/share/robot_navigation/environment/ament_prefix_path.sh
-- Symlinking: /mnt/c/Users/nanda/Downloads/ros2_ws/install/robot_navigation/share/robot_navigation/environment/ament_prefix_path.dsv
-- Symlinking: /mnt/c/Users/nanda/Downloads/ros2_ws/install/robot_navigation/share/robot_navigation/environment/path.sh
-- Symlinking: /mnt/c/Users/nanda/Downloads/ros2_ws/install/robot_navigation/share/robot_navigation/environment/path.dsv
-- Symlinking: /mnt/c/Users/nanda/Downloads/ros2_ws/install/robot_navigation/share/robot_navigation/local_setup.bash
-- Symlinking: /mnt/c/Users/nanda/Downloads/ros2_ws/install/robot_navigation/share/robot_navigation/local_setup.sh
-- Symlinking: /mnt/c/Users/nanda/Downloads/ros2_ws/install/robot_navigation/share/robot_navigation/local_setup.zsh
-- Symlinking: /mnt/c/Users/nanda/Downloads/ros2_ws/install/robot_navigation/share/robot_navigation/local_setup.dsv
-- Symlinking: /mnt/c/Users/nanda/Downloads/ros2_ws/install/robot_navigation/share/robot_navigation/package.dsv
-- Symlinking: /mnt/c/Users/nanda/Downloads/ros2_ws/install/robot_navigation/share/ament_index/resource_index/packages/robot_navigation
-- Symlinking: /mnt/c/Users/nanda/Downloads/ros2_ws/install/robot_navigation/share/robot_navigation/cmake/robot_navigationConfig.cmake
-- Symlinking: /mnt/c/Users/nanda/Downloads/ros2_ws/install/robot_navigation/share/robot_navigation/cmake/robot_navigationConfig-version.cmake
-- Symlinking: /mnt/c/Users/nanda/Downloads/ros2_ws/install/robot_navigation/share/robot_navigation/package.xml
