[2.492s] DEBUG:colcon:Command line arguments: ['/usr/bin/colcon', 'build', '--symlink-install']
[2.496s] DEBUG:colcon:Parsed command line arguments: Namespace(log_base=None, log_level=None, verb_name='build', build_base='build', install_base='install', merge_install=False, symlink_install=True, test_result_base=None, continue_on_error=False, executor='parallel', parallel_workers=12, event_handlers=None, ignore_user_meta=False, metas=['./colcon.meta'], base_paths=['.'], packages_ignore=None, packages_ignore_regex=None, paths=None, packages_up_to=None, packages_up_to_regex=None, packages_above=None, packages_above_and_dependencies=None, packages_above_depth=None, packages_select_by_dep=None, packages_skip_by_dep=None, packages_skip_up_to=None, packages_select_build_failed=False, packages_skip_build_finished=False, packages_select_test_failures=False, packages_skip_test_passed=False, packages_select=None, packages_skip=None, packages_select_regex=None, packages_skip_regex=None, packages_start=None, packages_end=None, allow_overriding=[], cmake_args=None, cmake_target=None, cmake_target_skip_unavailable=False, cmake_clean_cache=False, cmake_clean_first=False, cmake_force_configure=False, ament_cmake_args=None, catkin_cmake_args=None, catkin_skip_building_tests=False, mixin_files=None, mixin=None, verb_parser=<colcon_mixin.mixin.mixin_argument.MixinArgumentDecorator object at 0x7bd8f22721b0>, verb_extension=<colcon_core.verb.build.BuildVerb object at 0x7bd8f23c0b60>, main=<bound method BuildVerb.main of <colcon_core.verb.build.BuildVerb object at 0x7bd8f23c0b60>>, mixin_verb=('build',))
[2.939s] Level 1:colcon.colcon_core.package_discovery:discover_packages(colcon_meta) check parameters
[2.949s] Level 1:colcon.colcon_core.package_discovery:discover_packages(recursive) check parameters
[2.951s] Level 1:colcon.colcon_core.package_discovery:discover_packages(ignore) check parameters
[2.952s] Level 1:colcon.colcon_core.package_discovery:discover_packages(path) check parameters
[2.955s] Level 1:colcon.colcon_core.package_discovery:discover_packages(colcon_meta) discover
[2.962s] Level 1:colcon.colcon_core.package_discovery:discover_packages(recursive) discover
[2.969s] INFO:colcon.colcon_core.package_discovery:Crawling recursively for packages in '/mnt/c/Users/nanda/Downloads/ros2_ws'
[2.989s] Level 1:colcon.colcon_core.package_identification:_identify(.) by extensions ['ignore', 'ignore_ament_install']
[2.991s] Level 1:colcon.colcon_core.package_identification:_identify(.) by extension 'ignore'
[2.995s] Level 1:colcon.colcon_core.package_identification:_identify(.) by extension 'ignore_ament_install'
[3.001s] Level 1:colcon.colcon_core.package_identification:_identify(.) by extensions ['colcon_pkg']
[3.004s] Level 1:colcon.colcon_core.package_identification:_identify(.) by extension 'colcon_pkg'
[3.011s] Level 1:colcon.colcon_core.package_identification:_identify(.) by extensions ['colcon_meta']
[3.013s] Level 1:colcon.colcon_core.package_identification:_identify(.) by extension 'colcon_meta'
[3.014s] Level 1:colcon.colcon_core.package_identification:_identify(.) by extensions ['ros']
[3.017s] Level 1:colcon.colcon_core.package_identification:_identify(.) by extension 'ros'
[3.211s] Level 1:colcon.colcon_core.package_identification:_identify(.) by extensions ['cmake', 'python']
[3.220s] Level 1:colcon.colcon_core.package_identification:_identify(.) by extension 'cmake'
[3.246s] Level 1:colcon.colcon_core.package_identification:_identify(.) by extension 'python'
[3.272s] Level 1:colcon.colcon_core.package_identification:_identify(.) by extensions ['python_setup_py']
[3.275s] Level 1:colcon.colcon_core.package_identification:_identify(.) by extension 'python_setup_py'
[3.317s] Level 1:colcon.colcon_core.package_identification:_identify(build) by extensions ['ignore', 'ignore_ament_install']
[3.328s] Level 1:colcon.colcon_core.package_identification:_identify(build) by extension 'ignore'
[3.355s] Level 1:colcon.colcon_core.package_identification:_identify(build) ignored
[3.428s] Level 1:colcon.colcon_core.package_identification:_identify(install) by extensions ['ignore', 'ignore_ament_install']
[3.429s] Level 1:colcon.colcon_core.package_identification:_identify(install) by extension 'ignore'
[3.443s] Level 1:colcon.colcon_core.package_identification:_identify(install) ignored
[3.526s] Level 1:colcon.colcon_core.package_identification:_identify(log) by extensions ['ignore', 'ignore_ament_install']
[3.528s] Level 1:colcon.colcon_core.package_identification:_identify(log) by extension 'ignore'
[3.542s] Level 1:colcon.colcon_core.package_identification:_identify(log) ignored
[3.575s] Level 1:colcon.colcon_core.package_identification:_identify(src) by extensions ['ignore', 'ignore_ament_install']
[3.578s] Level 1:colcon.colcon_core.package_identification:_identify(src) by extension 'ignore'
[3.599s] Level 1:colcon.colcon_core.package_identification:_identify(src) by extension 'ignore_ament_install'
[3.640s] Level 1:colcon.colcon_core.package_identification:_identify(src) by extensions ['colcon_pkg']
[3.642s] Level 1:colcon.colcon_core.package_identification:_identify(src) by extension 'colcon_pkg'
[3.666s] Level 1:colcon.colcon_core.package_identification:_identify(src) by extensions ['colcon_meta']
[3.670s] Level 1:colcon.colcon_core.package_identification:_identify(src) by extension 'colcon_meta'
[3.693s] Level 1:colcon.colcon_core.package_identification:_identify(src) by extensions ['ros']
[3.702s] Level 1:colcon.colcon_core.package_identification:_identify(src) by extension 'ros'
[3.815s] Level 1:colcon.colcon_core.package_identification:_identify(src) by extensions ['cmake', 'python']
[3.819s] Level 1:colcon.colcon_core.package_identification:_identify(src) by extension 'cmake'
[3.859s] Level 1:colcon.colcon_core.package_identification:_identify(src) by extension 'python'
[3.880s] Level 1:colcon.colcon_core.package_identification:_identify(src) by extensions ['python_setup_py']
[3.883s] Level 1:colcon.colcon_core.package_identification:_identify(src) by extension 'python_setup_py'
[3.974s] Level 1:colcon.colcon_core.package_identification:_identify(src/robot_bringup) by extensions ['ignore', 'ignore_ament_install']
[3.978s] Level 1:colcon.colcon_core.package_identification:_identify(src/robot_bringup) by extension 'ignore'
[4.020s] Level 1:colcon.colcon_core.package_identification:_identify(src/robot_bringup) by extension 'ignore_ament_install'
[4.067s] Level 1:colcon.colcon_core.package_identification:_identify(src/robot_bringup) by extensions ['colcon_pkg']
[4.074s] Level 1:colcon.colcon_core.package_identification:_identify(src/robot_bringup) by extension 'colcon_pkg'
[4.106s] Level 1:colcon.colcon_core.package_identification:_identify(src/robot_bringup) by extensions ['colcon_meta']
[4.110s] Level 1:colcon.colcon_core.package_identification:_identify(src/robot_bringup) by extension 'colcon_meta'
[4.142s] Level 1:colcon.colcon_core.package_identification:_identify(src/robot_bringup) by extensions ['ros']
[4.144s] Level 1:colcon.colcon_core.package_identification:_identify(src/robot_bringup) by extension 'ros'
[4.404s] DEBUG:colcon.colcon_core.package_identification:Package 'src/robot_bringup' with type 'ros.ament_cmake' and name 'robot_bringup'
[4.472s] Level 1:colcon.colcon_core.package_identification:_identify(src/robot_description) by extensions ['ignore', 'ignore_ament_install']
[4.474s] Level 1:colcon.colcon_core.package_identification:_identify(src/robot_description) by extension 'ignore'
[4.490s] Level 1:colcon.colcon_core.package_identification:_identify(src/robot_description) by extension 'ignore_ament_install'
[4.520s] Level 1:colcon.colcon_core.package_identification:_identify(src/robot_description) by extensions ['colcon_pkg']
[4.522s] Level 1:colcon.colcon_core.package_identification:_identify(src/robot_description) by extension 'colcon_pkg'
[4.541s] Level 1:colcon.colcon_core.package_identification:_identify(src/robot_description) by extensions ['colcon_meta']
[4.552s] Level 1:colcon.colcon_core.package_identification:_identify(src/robot_description) by extension 'colcon_meta'
[4.583s] Level 1:colcon.colcon_core.package_identification:_identify(src/robot_description) by extensions ['ros']
[4.584s] Level 1:colcon.colcon_core.package_identification:_identify(src/robot_description) by extension 'ros'
[4.792s] DEBUG:colcon.colcon_core.package_identification:Package 'src/robot_description' with type 'ros.ament_cmake' and name 'robot_description'
[4.873s] Level 1:colcon.colcon_core.package_identification:_identify(src/robot_navigation) by extensions ['ignore', 'ignore_ament_install']
[4.875s] Level 1:colcon.colcon_core.package_identification:_identify(src/robot_navigation) by extension 'ignore'
[4.902s] Level 1:colcon.colcon_core.package_identification:_identify(src/robot_navigation) by extension 'ignore_ament_install'
[4.942s] Level 1:colcon.colcon_core.package_identification:_identify(src/robot_navigation) by extensions ['colcon_pkg']
[4.944s] Level 1:colcon.colcon_core.package_identification:_identify(src/robot_navigation) by extension 'colcon_pkg'
[4.966s] Level 1:colcon.colcon_core.package_identification:_identify(src/robot_navigation) by extensions ['colcon_meta']
[4.980s] Level 1:colcon.colcon_core.package_identification:_identify(src/robot_navigation) by extension 'colcon_meta'
[5.023s] Level 1:colcon.colcon_core.package_identification:_identify(src/robot_navigation) by extensions ['ros']
[5.026s] Level 1:colcon.colcon_core.package_identification:_identify(src/robot_navigation) by extension 'ros'
[5.312s] DEBUG:colcon.colcon_core.package_identification:Package 'src/robot_navigation' with type 'ros.ament_cmake' and name 'robot_navigation'
[5.356s] Level 1:colcon.colcon_core.package_identification:_identify(worlds) by extensions ['ignore', 'ignore_ament_install']
[5.360s] Level 1:colcon.colcon_core.package_identification:_identify(worlds) by extension 'ignore'
[5.371s] Level 1:colcon.colcon_core.package_identification:_identify(worlds) by extension 'ignore_ament_install'
[5.405s] Level 1:colcon.colcon_core.package_identification:_identify(worlds) by extensions ['colcon_pkg']
[5.407s] Level 1:colcon.colcon_core.package_identification:_identify(worlds) by extension 'colcon_pkg'
[5.427s] Level 1:colcon.colcon_core.package_identification:_identify(worlds) by extensions ['colcon_meta']
[5.428s] Level 1:colcon.colcon_core.package_identification:_identify(worlds) by extension 'colcon_meta'
[5.442s] Level 1:colcon.colcon_core.package_identification:_identify(worlds) by extensions ['ros']
[5.448s] Level 1:colcon.colcon_core.package_identification:_identify(worlds) by extension 'ros'
[5.503s] Level 1:colcon.colcon_core.package_identification:_identify(worlds) by extensions ['cmake', 'python']
[5.515s] Level 1:colcon.colcon_core.package_identification:_identify(worlds) by extension 'cmake'
[5.531s] Level 1:colcon.colcon_core.package_identification:_identify(worlds) by extension 'python'
[5.545s] Level 1:colcon.colcon_core.package_identification:_identify(worlds) by extensions ['python_setup_py']
[5.547s] Level 1:colcon.colcon_core.package_identification:_identify(worlds) by extension 'python_setup_py'
[5.556s] Level 1:colcon.colcon_core.package_discovery:discover_packages(recursive) using defaults
[5.558s] Level 1:colcon.colcon_core.package_discovery:discover_packages(ignore) discover
[5.560s] Level 1:colcon.colcon_core.package_discovery:discover_packages(ignore) using defaults
[5.563s] Level 1:colcon.colcon_core.package_discovery:discover_packages(path) discover
[5.565s] Level 1:colcon.colcon_core.package_discovery:discover_packages(path) using defaults
[5.803s] Level 1:colcon.colcon_core.package_discovery:discover_packages(prefix_path) check parameters
[5.805s] Level 1:colcon.colcon_core.package_discovery:discover_packages(prefix_path) discover
[6.895s] DEBUG:colcon.colcon_installed_package_information.package_discovery:Found 3 installed packages in /mnt/c/Users/nanda/Downloads/ros2_ws/install
[6.908s] DEBUG:colcon.colcon_installed_package_information.package_discovery:Found 338 installed packages in /opt/ros/jazzy
[6.912s] Level 1:colcon.colcon_core.package_discovery:discover_packages(prefix_path) using defaults
[7.747s] Level 5:colcon.colcon_core.verb:set package 'robot_description' build argument 'cmake_args' from command line to 'None'
[7.749s] Level 5:colcon.colcon_core.verb:set package 'robot_description' build argument 'cmake_target' from command line to 'None'
[7.752s] Level 5:colcon.colcon_core.verb:set package 'robot_description' build argument 'cmake_target_skip_unavailable' from command line to 'False'
[7.756s] Level 5:colcon.colcon_core.verb:set package 'robot_description' build argument 'cmake_clean_cache' from command line to 'False'
[7.759s] Level 5:colcon.colcon_core.verb:set package 'robot_description' build argument 'cmake_clean_first' from command line to 'False'
[7.760s] Level 5:colcon.colcon_core.verb:set package 'robot_description' build argument 'cmake_force_configure' from command line to 'False'
[7.761s] Level 5:colcon.colcon_core.verb:set package 'robot_description' build argument 'ament_cmake_args' from command line to 'None'
[7.765s] Level 5:colcon.colcon_core.verb:set package 'robot_description' build argument 'catkin_cmake_args' from command line to 'None'
[7.768s] Level 5:colcon.colcon_core.verb:set package 'robot_description' build argument 'catkin_skip_building_tests' from command line to 'False'
[7.769s] DEBUG:colcon.colcon_core.verb:Building package 'robot_description' with the following arguments: {'ament_cmake_args': None, 'build_base': '/mnt/c/Users/nanda/Downloads/ros2_ws/build/robot_description', 'catkin_cmake_args': None, 'catkin_skip_building_tests': False, 'cmake_args': None, 'cmake_clean_cache': False, 'cmake_clean_first': False, 'cmake_force_configure': False, 'cmake_target': None, 'cmake_target_skip_unavailable': False, 'install_base': '/mnt/c/Users/nanda/Downloads/ros2_ws/install/robot_description', 'merge_install': False, 'path': '/mnt/c/Users/nanda/Downloads/ros2_ws/src/robot_description', 'symlink_install': True, 'test_result_base': None}
[7.772s] Level 5:colcon.colcon_core.verb:set package 'robot_navigation' build argument 'cmake_args' from command line to 'None'
[7.774s] Level 5:colcon.colcon_core.verb:set package 'robot_navigation' build argument 'cmake_target' from command line to 'None'
[7.790s] Level 5:colcon.colcon_core.verb:set package 'robot_navigation' build argument 'cmake_target_skip_unavailable' from command line to 'False'
[7.792s] Level 5:colcon.colcon_core.verb:set package 'robot_navigation' build argument 'cmake_clean_cache' from command line to 'False'
[7.794s] Level 5:colcon.colcon_core.verb:set package 'robot_navigation' build argument 'cmake_clean_first' from command line to 'False'
[7.795s] Level 5:colcon.colcon_core.verb:set package 'robot_navigation' build argument 'cmake_force_configure' from command line to 'False'
[7.798s] Level 5:colcon.colcon_core.verb:set package 'robot_navigation' build argument 'ament_cmake_args' from command line to 'None'
[7.798s] Level 5:colcon.colcon_core.verb:set package 'robot_navigation' build argument 'catkin_cmake_args' from command line to 'None'
[7.800s] Level 5:colcon.colcon_core.verb:set package 'robot_navigation' build argument 'catkin_skip_building_tests' from command line to 'False'
[7.800s] DEBUG:colcon.colcon_core.verb:Building package 'robot_navigation' with the following arguments: {'ament_cmake_args': None, 'build_base': '/mnt/c/Users/nanda/Downloads/ros2_ws/build/robot_navigation', 'catkin_cmake_args': None, 'catkin_skip_building_tests': False, 'cmake_args': None, 'cmake_clean_cache': False, 'cmake_clean_first': False, 'cmake_force_configure': False, 'cmake_target': None, 'cmake_target_skip_unavailable': False, 'install_base': '/mnt/c/Users/nanda/Downloads/ros2_ws/install/robot_navigation', 'merge_install': False, 'path': '/mnt/c/Users/nanda/Downloads/ros2_ws/src/robot_navigation', 'symlink_install': True, 'test_result_base': None}
[7.805s] Level 5:colcon.colcon_core.verb:set package 'robot_bringup' build argument 'cmake_args' from command line to 'None'
[7.806s] Level 5:colcon.colcon_core.verb:set package 'robot_bringup' build argument 'cmake_target' from command line to 'None'
[7.808s] Level 5:colcon.colcon_core.verb:set package 'robot_bringup' build argument 'cmake_target_skip_unavailable' from command line to 'False'
[7.810s] Level 5:colcon.colcon_core.verb:set package 'robot_bringup' build argument 'cmake_clean_cache' from command line to 'False'
[7.814s] Level 5:colcon.colcon_core.verb:set package 'robot_bringup' build argument 'cmake_clean_first' from command line to 'False'
[7.818s] Level 5:colcon.colcon_core.verb:set package 'robot_bringup' build argument 'cmake_force_configure' from command line to 'False'
[7.821s] Level 5:colcon.colcon_core.verb:set package 'robot_bringup' build argument 'ament_cmake_args' from command line to 'None'
[7.823s] Level 5:colcon.colcon_core.verb:set package 'robot_bringup' build argument 'catkin_cmake_args' from command line to 'None'
[7.825s] Level 5:colcon.colcon_core.verb:set package 'robot_bringup' build argument 'catkin_skip_building_tests' from command line to 'False'
[7.827s] DEBUG:colcon.colcon_core.verb:Building package 'robot_bringup' with the following arguments: {'ament_cmake_args': None, 'build_base': '/mnt/c/Users/nanda/Downloads/ros2_ws/build/robot_bringup', 'catkin_cmake_args': None, 'catkin_skip_building_tests': False, 'cmake_args': None, 'cmake_clean_cache': False, 'cmake_clean_first': False, 'cmake_force_configure': False, 'cmake_target': None, 'cmake_target_skip_unavailable': False, 'install_base': '/mnt/c/Users/nanda/Downloads/ros2_ws/install/robot_bringup', 'merge_install': False, 'path': '/mnt/c/Users/nanda/Downloads/ros2_ws/src/robot_bringup', 'symlink_install': True, 'test_result_base': None}
[7.830s] INFO:colcon.colcon_core.executor:Executing jobs using 'parallel' executor
[7.833s] DEBUG:colcon.colcon_parallel_executor.executor.parallel:run_until_complete
[7.835s] INFO:colcon.colcon_ros.task.ament_cmake.build:Building ROS package in '/mnt/c/Users/nanda/Downloads/ros2_ws/src/robot_description' with build type 'ament_cmake'
[7.838s] INFO:colcon.colcon_cmake.task.cmake.build:Building CMake package in '/mnt/c/Users/nanda/Downloads/ros2_ws/src/robot_description'
[7.898s] INFO:colcon.colcon_core.plugin_system:Skipping extension 'colcon_core.shell.bat': Not used on non-Windows systems
[7.900s] INFO:colcon.colcon_core.shell:Skip shell extension 'powershell' for command environment: Not usable outside of PowerShell
[7.902s] DEBUG:colcon.colcon_core.shell:Skip shell extension 'dsv' for command environment
[9.240s] INFO:colcon.colcon_ros.task.ament_cmake.build:Building ROS package in '/mnt/c/Users/nanda/Downloads/ros2_ws/src/robot_navigation' with build type 'ament_cmake'
[9.247s] INFO:colcon.colcon_cmake.task.cmake.build:Building CMake package in '/mnt/c/Users/nanda/Downloads/ros2_ws/src/robot_navigation'
[9.252s] INFO:colcon.colcon_core.shell:Skip shell extension 'powershell' for command environment: Not usable outside of PowerShell
[9.258s] DEBUG:colcon.colcon_core.shell:Skip shell extension 'dsv' for command environment
[10.679s] DEBUG:colcon.colcon_core.event_handler.log_command:Invoking command in '/mnt/c/Users/nanda/Downloads/ros2_ws/build/robot_description': CMAKE_PREFIX_PATH=${CMAKE_PREFIX_PATH}:/opt/ros/jazzy /usr/bin/cmake --build /mnt/c/Users/nanda/Downloads/ros2_ws/build/robot_description -- -j12 -l12
[11.458s] DEBUG:colcon.colcon_core.event_handler.log_command:Invoking command in '/mnt/c/Users/nanda/Downloads/ros2_ws/build/robot_navigation': CMAKE_PREFIX_PATH=${CMAKE_PREFIX_PATH}:/opt/ros/jazzy /usr/bin/cmake --build /mnt/c/Users/nanda/Downloads/ros2_ws/build/robot_navigation -- -j12 -l12
[12.553s] DEBUG:colcon.colcon_core.event_handler.log_command:Invoked command in '/mnt/c/Users/nanda/Downloads/ros2_ws/build/robot_description' returned '0': CMAKE_PREFIX_PATH=${CMAKE_PREFIX_PATH}:/opt/ros/jazzy /usr/bin/cmake --build /mnt/c/Users/nanda/Downloads/ros2_ws/build/robot_description -- -j12 -l12
[12.822s] DEBUG:colcon.colcon_core.event_handler.log_command:Invoking command in '/mnt/c/Users/nanda/Downloads/ros2_ws/build/robot_description': CMAKE_PREFIX_PATH=${CMAKE_PREFIX_PATH}:/opt/ros/jazzy /usr/bin/cmake --install /mnt/c/Users/nanda/Downloads/ros2_ws/build/robot_description
[12.852s] DEBUG:colcon.colcon_core.event_handler.log_command:Invoked command in '/mnt/c/Users/nanda/Downloads/ros2_ws/build/robot_navigation' returned '0': CMAKE_PREFIX_PATH=${CMAKE_PREFIX_PATH}:/opt/ros/jazzy /usr/bin/cmake --build /mnt/c/Users/nanda/Downloads/ros2_ws/build/robot_navigation -- -j12 -l12
[13.152s] DEBUG:colcon.colcon_core.event_handler.log_command:Invoking command in '/mnt/c/Users/nanda/Downloads/ros2_ws/build/robot_navigation': CMAKE_PREFIX_PATH=${CMAKE_PREFIX_PATH}:/opt/ros/jazzy /usr/bin/cmake --install /mnt/c/Users/nanda/Downloads/ros2_ws/build/robot_navigation
[25.046s] Level 1:colcon.colcon_core.environment:create_environment_scripts_only(robot_description)
[25.059s] DEBUG:colcon.colcon_core.event_handler.log_command:Invoked command in '/mnt/c/Users/nanda/Downloads/ros2_ws/build/robot_description' returned '0': CMAKE_PREFIX_PATH=${CMAKE_PREFIX_PATH}:/opt/ros/jazzy /usr/bin/cmake --install /mnt/c/Users/nanda/Downloads/ros2_ws/build/robot_description
[25.085s] Level 1:colcon.colcon_core.environment:checking '/mnt/c/Users/nanda/Downloads/ros2_ws/install/robot_description' for CMake module files
[27.479s] Level 1:colcon.colcon_core.environment:checking '/mnt/c/Users/nanda/Downloads/ros2_ws/install/robot_description' for CMake config files
[28.755s] Level 1:colcon.colcon_core.shell:create_environment_hook('robot_description', 'cmake_prefix_path')
[28.757s] INFO:colcon.colcon_core.shell:Creating environment hook '/mnt/c/Users/nanda/Downloads/ros2_ws/install/robot_description/share/robot_description/hook/cmake_prefix_path.ps1'
[29.064s] INFO:colcon.colcon_core.shell:Creating environment descriptor '/mnt/c/Users/nanda/Downloads/ros2_ws/install/robot_description/share/robot_description/hook/cmake_prefix_path.dsv'
[29.253s] INFO:colcon.colcon_core.shell:Creating environment hook '/mnt/c/Users/nanda/Downloads/ros2_ws/install/robot_description/share/robot_description/hook/cmake_prefix_path.sh'
[29.595s] Level 1:colcon.colcon_core.environment:checking '/mnt/c/Users/nanda/Downloads/ros2_ws/install/robot_description/bin'
[29.632s] Level 1:colcon.colcon_core.environment:checking '/mnt/c/Users/nanda/Downloads/ros2_ws/install/robot_description/lib/pkgconfig/robot_description.pc'
[29.655s] Level 1:colcon.colcon_core.environment:checking '/mnt/c/Users/nanda/Downloads/ros2_ws/install/robot_description/lib/python3.12/site-packages'
[29.695s] Level 1:colcon.colcon_core.environment:checking '/mnt/c/Users/nanda/Downloads/ros2_ws/install/robot_description/bin'
[29.721s] INFO:colcon.colcon_core.shell:Creating package script '/mnt/c/Users/nanda/Downloads/ros2_ws/install/robot_description/share/robot_description/package.ps1'
[30.015s] INFO:colcon.colcon_core.shell:Creating package descriptor '/mnt/c/Users/nanda/Downloads/ros2_ws/install/robot_description/share/robot_description/package.dsv'
[30.331s] INFO:colcon.colcon_core.shell:Creating package script '/mnt/c/Users/nanda/Downloads/ros2_ws/install/robot_description/share/robot_description/package.sh'
[30.609s] INFO:colcon.colcon_core.shell:Creating package script '/mnt/c/Users/nanda/Downloads/ros2_ws/install/robot_description/share/robot_description/package.bash'
[30.899s] INFO:colcon.colcon_core.shell:Creating package script '/mnt/c/Users/nanda/Downloads/ros2_ws/install/robot_description/share/robot_description/package.zsh'
[31.177s] Level 1:colcon.colcon_core.environment:create_file_with_runtime_dependencies(/mnt/c/Users/nanda/Downloads/ros2_ws/install/robot_description/share/colcon-core/packages/robot_description)
[31.636s] Level 1:colcon.colcon_core.environment:create_environment_scripts_only(robot_description)
[31.642s] Level 1:colcon.colcon_core.environment:checking '/mnt/c/Users/nanda/Downloads/ros2_ws/install/robot_description' for CMake module files
[33.802s] Level 1:colcon.colcon_core.environment:checking '/mnt/c/Users/nanda/Downloads/ros2_ws/install/robot_description' for CMake config files
[35.723s] Level 1:colcon.colcon_core.shell:create_environment_hook('robot_description', 'cmake_prefix_path')
[35.733s] INFO:colcon.colcon_core.shell:Creating environment hook '/mnt/c/Users/nanda/Downloads/ros2_ws/install/robot_description/share/robot_description/hook/cmake_prefix_path.ps1'
[35.984s] INFO:colcon.colcon_core.shell:Creating environment descriptor '/mnt/c/Users/nanda/Downloads/ros2_ws/install/robot_description/share/robot_description/hook/cmake_prefix_path.dsv'
[36.198s] INFO:colcon.colcon_core.shell:Creating environment hook '/mnt/c/Users/nanda/Downloads/ros2_ws/install/robot_description/share/robot_description/hook/cmake_prefix_path.sh'
[36.411s] Level 1:colcon.colcon_core.environment:checking '/mnt/c/Users/nanda/Downloads/ros2_ws/install/robot_description/bin'
[36.445s] Level 1:colcon.colcon_core.environment:checking '/mnt/c/Users/nanda/Downloads/ros2_ws/install/robot_description/lib/pkgconfig/robot_description.pc'
[36.458s] Level 1:colcon.colcon_core.environment:checking '/mnt/c/Users/nanda/Downloads/ros2_ws/install/robot_description/lib/python3.12/site-packages'
[36.475s] Level 1:colcon.colcon_core.environment:checking '/mnt/c/Users/nanda/Downloads/ros2_ws/install/robot_description/bin'
[36.511s] INFO:colcon.colcon_core.shell:Creating package script '/mnt/c/Users/nanda/Downloads/ros2_ws/install/robot_description/share/robot_description/package.ps1'
[36.672s] INFO:colcon.colcon_core.shell:Creating package descriptor '/mnt/c/Users/nanda/Downloads/ros2_ws/install/robot_description/share/robot_description/package.dsv'
[36.838s] INFO:colcon.colcon_core.shell:Creating package script '/mnt/c/Users/nanda/Downloads/ros2_ws/install/robot_description/share/robot_description/package.sh'
[36.994s] INFO:colcon.colcon_core.shell:Creating package script '/mnt/c/Users/nanda/Downloads/ros2_ws/install/robot_description/share/robot_description/package.bash'
[37.186s] INFO:colcon.colcon_core.shell:Creating package script '/mnt/c/Users/nanda/Downloads/ros2_ws/install/robot_description/share/robot_description/package.zsh'
[37.390s] Level 1:colcon.colcon_core.environment:create_file_with_runtime_dependencies(/mnt/c/Users/nanda/Downloads/ros2_ws/install/robot_description/share/colcon-core/packages/robot_description)
[37.563s] Level 1:colcon.colcon_core.environment:create_environment_scripts_only(robot_navigation)
[37.580s] Level 1:colcon.colcon_core.environment:checking '/mnt/c/Users/nanda/Downloads/ros2_ws/install/robot_navigation' for CMake module files
[37.718s] DEBUG:colcon.colcon_core.event_handler.log_command:Invoked command in '/mnt/c/Users/nanda/Downloads/ros2_ws/build/robot_navigation' returned '0': CMAKE_PREFIX_PATH=${CMAKE_PREFIX_PATH}:/opt/ros/jazzy /usr/bin/cmake --install /mnt/c/Users/nanda/Downloads/ros2_ws/build/robot_navigation
[39.091s] Level 1:colcon.colcon_core.environment:checking '/mnt/c/Users/nanda/Downloads/ros2_ws/install/robot_navigation' for CMake config files
[41.171s] Level 1:colcon.colcon_core.shell:create_environment_hook('robot_navigation', 'cmake_prefix_path')
[41.182s] INFO:colcon.colcon_core.shell:Creating environment hook '/mnt/c/Users/nanda/Downloads/ros2_ws/install/robot_navigation/share/robot_navigation/hook/cmake_prefix_path.ps1'
[41.503s] INFO:colcon.colcon_core.shell:Creating environment descriptor '/mnt/c/Users/nanda/Downloads/ros2_ws/install/robot_navigation/share/robot_navigation/hook/cmake_prefix_path.dsv'
[41.723s] INFO:colcon.colcon_core.shell:Creating environment hook '/mnt/c/Users/nanda/Downloads/ros2_ws/install/robot_navigation/share/robot_navigation/hook/cmake_prefix_path.sh'
[42.014s] Level 1:colcon.colcon_core.environment:checking '/mnt/c/Users/nanda/Downloads/ros2_ws/install/robot_navigation/bin'
[42.036s] Level 1:colcon.colcon_core.environment:checking '/mnt/c/Users/nanda/Downloads/ros2_ws/install/robot_navigation/lib/pkgconfig/robot_navigation.pc'
[42.065s] Level 1:colcon.colcon_core.environment:checking '/mnt/c/Users/nanda/Downloads/ros2_ws/install/robot_navigation/lib/python3.12/site-packages'
[42.092s] Level 1:colcon.colcon_core.environment:checking '/mnt/c/Users/nanda/Downloads/ros2_ws/install/robot_navigation/bin'
[42.117s] INFO:colcon.colcon_core.shell:Creating package script '/mnt/c/Users/nanda/Downloads/ros2_ws/install/robot_navigation/share/robot_navigation/package.ps1'
[42.362s] INFO:colcon.colcon_core.shell:Creating package descriptor '/mnt/c/Users/nanda/Downloads/ros2_ws/install/robot_navigation/share/robot_navigation/package.dsv'
[42.630s] INFO:colcon.colcon_core.shell:Creating package script '/mnt/c/Users/nanda/Downloads/ros2_ws/install/robot_navigation/share/robot_navigation/package.sh'
[42.785s] INFO:colcon.colcon_core.shell:Creating package script '/mnt/c/Users/nanda/Downloads/ros2_ws/install/robot_navigation/share/robot_navigation/package.bash'
[42.995s] INFO:colcon.colcon_core.shell:Creating package script '/mnt/c/Users/nanda/Downloads/ros2_ws/install/robot_navigation/share/robot_navigation/package.zsh'
[43.214s] Level 1:colcon.colcon_core.environment:create_file_with_runtime_dependencies(/mnt/c/Users/nanda/Downloads/ros2_ws/install/robot_navigation/share/colcon-core/packages/robot_navigation)
[43.633s] Level 1:colcon.colcon_core.environment:create_environment_scripts_only(robot_navigation)
[43.636s] Level 1:colcon.colcon_core.environment:checking '/mnt/c/Users/nanda/Downloads/ros2_ws/install/robot_navigation' for CMake module files
[45.259s] Level 1:colcon.colcon_core.environment:checking '/mnt/c/Users/nanda/Downloads/ros2_ws/install/robot_navigation' for CMake config files
[46.401s] Level 1:colcon.colcon_core.shell:create_environment_hook('robot_navigation', 'cmake_prefix_path')
[46.403s] INFO:colcon.colcon_core.shell:Creating environment hook '/mnt/c/Users/nanda/Downloads/ros2_ws/install/robot_navigation/share/robot_navigation/hook/cmake_prefix_path.ps1'
[46.654s] INFO:colcon.colcon_core.shell:Creating environment descriptor '/mnt/c/Users/nanda/Downloads/ros2_ws/install/robot_navigation/share/robot_navigation/hook/cmake_prefix_path.dsv'
[46.928s] INFO:colcon.colcon_core.shell:Creating environment hook '/mnt/c/Users/nanda/Downloads/ros2_ws/install/robot_navigation/share/robot_navigation/hook/cmake_prefix_path.sh'
[47.234s] Level 1:colcon.colcon_core.environment:checking '/mnt/c/Users/nanda/Downloads/ros2_ws/install/robot_navigation/bin'
[47.264s] Level 1:colcon.colcon_core.environment:checking '/mnt/c/Users/nanda/Downloads/ros2_ws/install/robot_navigation/lib/pkgconfig/robot_navigation.pc'
[47.277s] Level 1:colcon.colcon_core.environment:checking '/mnt/c/Users/nanda/Downloads/ros2_ws/install/robot_navigation/lib/python3.12/site-packages'
[47.304s] Level 1:colcon.colcon_core.environment:checking '/mnt/c/Users/nanda/Downloads/ros2_ws/install/robot_navigation/bin'
[47.350s] INFO:colcon.colcon_core.shell:Creating package script '/mnt/c/Users/nanda/Downloads/ros2_ws/install/robot_navigation/share/robot_navigation/package.ps1'
[47.623s] INFO:colcon.colcon_core.shell:Creating package descriptor '/mnt/c/Users/nanda/Downloads/ros2_ws/install/robot_navigation/share/robot_navigation/package.dsv'
[47.886s] INFO:colcon.colcon_core.shell:Creating package script '/mnt/c/Users/nanda/Downloads/ros2_ws/install/robot_navigation/share/robot_navigation/package.sh'
[48.110s] INFO:colcon.colcon_core.shell:Creating package script '/mnt/c/Users/nanda/Downloads/ros2_ws/install/robot_navigation/share/robot_navigation/package.bash'
[48.357s] INFO:colcon.colcon_core.shell:Creating package script '/mnt/c/Users/nanda/Downloads/ros2_ws/install/robot_navigation/share/robot_navigation/package.zsh'
[48.548s] Level 1:colcon.colcon_core.environment:create_file_with_runtime_dependencies(/mnt/c/Users/nanda/Downloads/ros2_ws/install/robot_navigation/share/colcon-core/packages/robot_navigation)
[48.711s] INFO:colcon.colcon_ros.task.ament_cmake.build:Building ROS package in '/mnt/c/Users/nanda/Downloads/ros2_ws/src/robot_bringup' with build type 'ament_cmake'
[48.714s] INFO:colcon.colcon_cmake.task.cmake.build:Building CMake package in '/mnt/c/Users/nanda/Downloads/ros2_ws/src/robot_bringup'
[48.718s] INFO:colcon.colcon_core.shell:Skip shell extension 'powershell' for command environment: Not usable outside of PowerShell
[48.720s] DEBUG:colcon.colcon_core.shell:Skip shell extension 'dsv' for command environment
[52.396s] DEBUG:colcon.colcon_core.event_handler.log_command:Invoking command in '/mnt/c/Users/nanda/Downloads/ros2_ws/build/robot_bringup': CMAKE_PREFIX_PATH=/mnt/c/Users/nanda/Downloads/ros2_ws/install/robot_navigation:/mnt/c/Users/nanda/Downloads/ros2_ws/install/robot_description:/mnt/c/Users/nanda/Downloads/ros2_ws/install/robot_bringup:/opt/ros/jazzy/opt/gz_sim_vendor:/opt/ros/jazzy/opt/gz_sensors_vendor:/opt/ros/jazzy/opt/gz_physics_vendor:/opt/ros/jazzy/opt/sdformat_vendor:/opt/ros/jazzy/opt/gz_gui_vendor:/opt/ros/jazzy/opt/gz_transport_vendor:/opt/ros/jazzy/opt/gz_rendering_vendor:/opt/ros/jazzy/opt/gz_plugin_vendor:/opt/ros/jazzy/opt/gz_fuel_tools_vendor:/opt/ros/jazzy/opt/gz_msgs_vendor:/opt/ros/jazzy/opt/gz_common_vendor:/opt/ros/jazzy/opt/gz_math_vendor:/opt/ros/jazzy/opt/gz_utils_vendor:/opt/ros/jazzy/opt/gz_tools_vendor:/opt/ros/jazzy/opt/gz_ogre_next_vendor:/opt/ros/jazzy/opt/gz_dartsim_vendor:/opt/ros/jazzy/opt/gz_cmake_vendor:/opt/ros/jazzy /usr/bin/cmake --build /mnt/c/Users/nanda/Downloads/ros2_ws/build/robot_bringup -- -j12 -l12
[53.924s] DEBUG:colcon.colcon_core.event_handler.log_command:Invoked command in '/mnt/c/Users/nanda/Downloads/ros2_ws/build/robot_bringup' returned '0': CMAKE_PREFIX_PATH=/mnt/c/Users/nanda/Downloads/ros2_ws/install/robot_navigation:/mnt/c/Users/nanda/Downloads/ros2_ws/install/robot_description:/mnt/c/Users/nanda/Downloads/ros2_ws/install/robot_bringup:/opt/ros/jazzy/opt/gz_sim_vendor:/opt/ros/jazzy/opt/gz_sensors_vendor:/opt/ros/jazzy/opt/gz_physics_vendor:/opt/ros/jazzy/opt/sdformat_vendor:/opt/ros/jazzy/opt/gz_gui_vendor:/opt/ros/jazzy/opt/gz_transport_vendor:/opt/ros/jazzy/opt/gz_rendering_vendor:/opt/ros/jazzy/opt/gz_plugin_vendor:/opt/ros/jazzy/opt/gz_fuel_tools_vendor:/opt/ros/jazzy/opt/gz_msgs_vendor:/opt/ros/jazzy/opt/gz_common_vendor:/opt/ros/jazzy/opt/gz_math_vendor:/opt/ros/jazzy/opt/gz_utils_vendor:/opt/ros/jazzy/opt/gz_tools_vendor:/opt/ros/jazzy/opt/gz_ogre_next_vendor:/opt/ros/jazzy/opt/gz_dartsim_vendor:/opt/ros/jazzy/opt/gz_cmake_vendor:/opt/ros/jazzy /usr/bin/cmake --build /mnt/c/Users/nanda/Downloads/ros2_ws/build/robot_bringup -- -j12 -l12
[54.142s] DEBUG:colcon.colcon_core.event_handler.log_command:Invoking command in '/mnt/c/Users/nanda/Downloads/ros2_ws/build/robot_bringup': CMAKE_PREFIX_PATH=/mnt/c/Users/nanda/Downloads/ros2_ws/install/robot_navigation:/mnt/c/Users/nanda/Downloads/ros2_ws/install/robot_description:/mnt/c/Users/nanda/Downloads/ros2_ws/install/robot_bringup:/opt/ros/jazzy/opt/gz_sim_vendor:/opt/ros/jazzy/opt/gz_sensors_vendor:/opt/ros/jazzy/opt/gz_physics_vendor:/opt/ros/jazzy/opt/sdformat_vendor:/opt/ros/jazzy/opt/gz_gui_vendor:/opt/ros/jazzy/opt/gz_transport_vendor:/opt/ros/jazzy/opt/gz_rendering_vendor:/opt/ros/jazzy/opt/gz_plugin_vendor:/opt/ros/jazzy/opt/gz_fuel_tools_vendor:/opt/ros/jazzy/opt/gz_msgs_vendor:/opt/ros/jazzy/opt/gz_common_vendor:/opt/ros/jazzy/opt/gz_math_vendor:/opt/ros/jazzy/opt/gz_utils_vendor:/opt/ros/jazzy/opt/gz_tools_vendor:/opt/ros/jazzy/opt/gz_ogre_next_vendor:/opt/ros/jazzy/opt/gz_dartsim_vendor:/opt/ros/jazzy/opt/gz_cmake_vendor:/opt/ros/jazzy /usr/bin/cmake --install /mnt/c/Users/nanda/Downloads/ros2_ws/build/robot_bringup
[62.634s] Level 1:colcon.colcon_core.environment:create_environment_scripts_only(robot_bringup)
[62.649s] Level 1:colcon.colcon_core.environment:checking '/mnt/c/Users/nanda/Downloads/ros2_ws/install/robot_bringup' for CMake module files
[62.642s] DEBUG:colcon.colcon_core.event_handler.log_command:Invoked command in '/mnt/c/Users/nanda/Downloads/ros2_ws/build/robot_bringup' returned '0': CMAKE_PREFIX_PATH=/mnt/c/Users/nanda/Downloads/ros2_ws/install/robot_navigation:/mnt/c/Users/nanda/Downloads/ros2_ws/install/robot_description:/mnt/c/Users/nanda/Downloads/ros2_ws/install/robot_bringup:/opt/ros/jazzy/opt/gz_sim_vendor:/opt/ros/jazzy/opt/gz_sensors_vendor:/opt/ros/jazzy/opt/gz_physics_vendor:/opt/ros/jazzy/opt/sdformat_vendor:/opt/ros/jazzy/opt/gz_gui_vendor:/opt/ros/jazzy/opt/gz_transport_vendor:/opt/ros/jazzy/opt/gz_rendering_vendor:/opt/ros/jazzy/opt/gz_plugin_vendor:/opt/ros/jazzy/opt/gz_fuel_tools_vendor:/opt/ros/jazzy/opt/gz_msgs_vendor:/opt/ros/jazzy/opt/gz_common_vendor:/opt/ros/jazzy/opt/gz_math_vendor:/opt/ros/jazzy/opt/gz_utils_vendor:/opt/ros/jazzy/opt/gz_tools_vendor:/opt/ros/jazzy/opt/gz_ogre_next_vendor:/opt/ros/jazzy/opt/gz_dartsim_vendor:/opt/ros/jazzy/opt/gz_cmake_vendor:/opt/ros/jazzy /usr/bin/cmake --install /mnt/c/Users/nanda/Downloads/ros2_ws/build/robot_bringup
[64.163s] Level 1:colcon.colcon_core.environment:checking '/mnt/c/Users/nanda/Downloads/ros2_ws/install/robot_bringup' for CMake config files
[66.255s] Level 1:colcon.colcon_core.shell:create_environment_hook('robot_bringup', 'cmake_prefix_path')
[66.261s] INFO:colcon.colcon_core.shell:Creating environment hook '/mnt/c/Users/nanda/Downloads/ros2_ws/install/robot_bringup/share/robot_bringup/hook/cmake_prefix_path.ps1'
[66.547s] INFO:colcon.colcon_core.shell:Creating environment descriptor '/mnt/c/Users/nanda/Downloads/ros2_ws/install/robot_bringup/share/robot_bringup/hook/cmake_prefix_path.dsv'
[66.787s] INFO:colcon.colcon_core.shell:Creating environment hook '/mnt/c/Users/nanda/Downloads/ros2_ws/install/robot_bringup/share/robot_bringup/hook/cmake_prefix_path.sh'
[67.124s] Level 1:colcon.colcon_core.environment:checking '/mnt/c/Users/nanda/Downloads/ros2_ws/install/robot_bringup/lib'
[67.197s] Level 1:colcon.colcon_core.environment:checking '/mnt/c/Users/nanda/Downloads/ros2_ws/install/robot_bringup/bin'
[67.233s] Level 1:colcon.colcon_core.environment:checking '/mnt/c/Users/nanda/Downloads/ros2_ws/install/robot_bringup/lib/pkgconfig/robot_bringup.pc'
[67.291s] Level 1:colcon.colcon_core.environment:checking '/mnt/c/Users/nanda/Downloads/ros2_ws/install/robot_bringup/lib/python3.12/site-packages'
[67.319s] Level 1:colcon.colcon_core.environment:checking '/mnt/c/Users/nanda/Downloads/ros2_ws/install/robot_bringup/bin'
[67.344s] INFO:colcon.colcon_core.shell:Creating package script '/mnt/c/Users/nanda/Downloads/ros2_ws/install/robot_bringup/share/robot_bringup/package.ps1'
[67.585s] INFO:colcon.colcon_core.shell:Creating package descriptor '/mnt/c/Users/nanda/Downloads/ros2_ws/install/robot_bringup/share/robot_bringup/package.dsv'
[67.840s] INFO:colcon.colcon_core.shell:Creating package script '/mnt/c/Users/nanda/Downloads/ros2_ws/install/robot_bringup/share/robot_bringup/package.sh'
[68.060s] INFO:colcon.colcon_core.shell:Creating package script '/mnt/c/Users/nanda/Downloads/ros2_ws/install/robot_bringup/share/robot_bringup/package.bash'
[68.272s] INFO:colcon.colcon_core.shell:Creating package script '/mnt/c/Users/nanda/Downloads/ros2_ws/install/robot_bringup/share/robot_bringup/package.zsh'
[68.429s] Level 1:colcon.colcon_core.environment:create_file_with_runtime_dependencies(/mnt/c/Users/nanda/Downloads/ros2_ws/install/robot_bringup/share/colcon-core/packages/robot_bringup)
[68.853s] Level 1:colcon.colcon_core.environment:create_environment_scripts_only(robot_bringup)
[68.861s] Level 1:colcon.colcon_core.environment:checking '/mnt/c/Users/nanda/Downloads/ros2_ws/install/robot_bringup' for CMake module files
[70.765s] Level 1:colcon.colcon_core.environment:checking '/mnt/c/Users/nanda/Downloads/ros2_ws/install/robot_bringup' for CMake config files
[72.689s] Level 1:colcon.colcon_core.shell:create_environment_hook('robot_bringup', 'cmake_prefix_path')
[72.691s] INFO:colcon.colcon_core.shell:Creating environment hook '/mnt/c/Users/nanda/Downloads/ros2_ws/install/robot_bringup/share/robot_bringup/hook/cmake_prefix_path.ps1'
[72.830s] INFO:colcon.colcon_core.shell:Creating environment descriptor '/mnt/c/Users/nanda/Downloads/ros2_ws/install/robot_bringup/share/robot_bringup/hook/cmake_prefix_path.dsv'
[72.941s] INFO:colcon.colcon_core.shell:Creating environment hook '/mnt/c/Users/nanda/Downloads/ros2_ws/install/robot_bringup/share/robot_bringup/hook/cmake_prefix_path.sh'
[73.127s] Level 1:colcon.colcon_core.environment:checking '/mnt/c/Users/nanda/Downloads/ros2_ws/install/robot_bringup/lib'
[73.181s] Level 1:colcon.colcon_core.environment:checking '/mnt/c/Users/nanda/Downloads/ros2_ws/install/robot_bringup/bin'
[73.194s] Level 1:colcon.colcon_core.environment:checking '/mnt/c/Users/nanda/Downloads/ros2_ws/install/robot_bringup/lib/pkgconfig/robot_bringup.pc'
[73.204s] Level 1:colcon.colcon_core.environment:checking '/mnt/c/Users/nanda/Downloads/ros2_ws/install/robot_bringup/lib/python3.12/site-packages'
[73.221s] Level 1:colcon.colcon_core.environment:checking '/mnt/c/Users/nanda/Downloads/ros2_ws/install/robot_bringup/bin'
[73.235s] INFO:colcon.colcon_core.shell:Creating package script '/mnt/c/Users/nanda/Downloads/ros2_ws/install/robot_bringup/share/robot_bringup/package.ps1'
[73.391s] INFO:colcon.colcon_core.shell:Creating package descriptor '/mnt/c/Users/nanda/Downloads/ros2_ws/install/robot_bringup/share/robot_bringup/package.dsv'
[73.625s] INFO:colcon.colcon_core.shell:Creating package script '/mnt/c/Users/nanda/Downloads/ros2_ws/install/robot_bringup/share/robot_bringup/package.sh'
[73.863s] INFO:colcon.colcon_core.shell:Creating package script '/mnt/c/Users/nanda/Downloads/ros2_ws/install/robot_bringup/share/robot_bringup/package.bash'
[74.074s] INFO:colcon.colcon_core.shell:Creating package script '/mnt/c/Users/nanda/Downloads/ros2_ws/install/robot_bringup/share/robot_bringup/package.zsh'
[74.326s] Level 1:colcon.colcon_core.environment:create_file_with_runtime_dependencies(/mnt/c/Users/nanda/Downloads/ros2_ws/install/robot_bringup/share/colcon-core/packages/robot_bringup)
[74.501s] DEBUG:colcon.colcon_parallel_executor.executor.parallel:closing loop
[74.513s] DEBUG:colcon.colcon_parallel_executor.executor.parallel:loop closed
[74.517s] DEBUG:colcon.colcon_parallel_executor.executor.parallel:run_until_complete finished with '0'
[74.521s] DEBUG:colcon.colcon_core.event_reactor:joining thread
[75.649s] INFO:colcon.colcon_core.plugin_system:Skipping extension 'colcon_notification.desktop_notification.notify_send': Could not find 'notify-send'
[75.652s] INFO:colcon.colcon_core.plugin_system:Skipping extension 'colcon_notification.desktop_notification.terminal_notifier': Not used on non-Darwin systems
[75.653s] INFO:colcon.colcon_core.plugin_system:Skipping extension 'colcon_notification.desktop_notification.win32': Not used on non-Windows systems
[75.659s] INFO:colcon.colcon_notification.desktop_notification:Sending desktop notification using 'notify2'
[75.673s] DEBUG:colcon.colcon_notification.desktop_notification.notify2:Failed to initialize notify2: org.freedesktop.DBus.Error.ServiceUnknown: The name org.freedesktop.Notifications was not provided by any .service files
[75.677s] DEBUG:colcon.colcon_core.event_reactor:joined thread
[75.678s] INFO:colcon.colcon_core.shell:Creating prefix script '/mnt/c/Users/nanda/Downloads/ros2_ws/install/local_setup.ps1'
[75.745s] INFO:colcon.colcon_core.shell:Creating prefix util module '/mnt/c/Users/nanda/Downloads/ros2_ws/install/_local_setup_util_ps1.py'
[75.828s] INFO:colcon.colcon_core.shell:Creating prefix chain script '/mnt/c/Users/nanda/Downloads/ros2_ws/install/setup.ps1'
[76.306s] INFO:colcon.colcon_core.shell:Creating prefix script '/mnt/c/Users/nanda/Downloads/ros2_ws/install/local_setup.sh'
[76.398s] INFO:colcon.colcon_core.shell:Creating prefix util module '/mnt/c/Users/nanda/Downloads/ros2_ws/install/_local_setup_util_sh.py'
[76.473s] INFO:colcon.colcon_core.shell:Creating prefix chain script '/mnt/c/Users/nanda/Downloads/ros2_ws/install/setup.sh'
[77.056s] INFO:colcon.colcon_core.shell:Creating prefix script '/mnt/c/Users/nanda/Downloads/ros2_ws/install/local_setup.bash'
[77.161s] INFO:colcon.colcon_core.shell:Creating prefix chain script '/mnt/c/Users/nanda/Downloads/ros2_ws/install/setup.bash'
[77.679s] INFO:colcon.colcon_core.shell:Creating prefix script '/mnt/c/Users/nanda/Downloads/ros2_ws/install/local_setup.zsh'
[77.748s] INFO:colcon.colcon_core.shell:Creating prefix chain script '/mnt/c/Users/nanda/Downloads/ros2_ws/install/setup.zsh'
