[1.067s] Invoking command in '/mnt/c/Users/nanda/Downloads/ros2_ws/build/robot_bringup': CMAKE_PREFIX_PATH=/mnt/c/Users/nanda/Downloads/ros2_ws/install/robot_navigation:/mnt/c/Users/nanda/Downloads/ros2_ws/install/robot_description:/mnt/c/Users/nanda/Downloads/ros2_ws/install/robot_bringup:/opt/ros/jazzy/opt/gz_sim_vendor:/opt/ros/jazzy/opt/gz_sensors_vendor:/opt/ros/jazzy/opt/gz_physics_vendor:/opt/ros/jazzy/opt/sdformat_vendor:/opt/ros/jazzy/opt/gz_gui_vendor:/opt/ros/jazzy/opt/gz_transport_vendor:/opt/ros/jazzy/opt/gz_rendering_vendor:/opt/ros/jazzy/opt/gz_plugin_vendor:/opt/ros/jazzy/opt/gz_fuel_tools_vendor:/opt/ros/jazzy/opt/gz_msgs_vendor:/opt/ros/jazzy/opt/gz_common_vendor:/opt/ros/jazzy/opt/gz_math_vendor:/opt/ros/jazzy/opt/gz_utils_vendor:/opt/ros/jazzy/opt/gz_tools_vendor:/opt/ros/jazzy/opt/gz_ogre_next_vendor:/opt/ros/jazzy/opt/gz_dartsim_vendor:/opt/ros/jazzy/opt/gz_cmake_vendor:/opt/ros/jazzy /usr/bin/cmake --build /mnt/c/Users/nanda/Downloads/ros2_ws/build/robot_bringup -- -j12 -l12
[1.467s] Invoked command in '/mnt/c/Users/nanda/Downloads/ros2_ws/build/robot_bringup' returned '0': CMAKE_PREFIX_PATH=/mnt/c/Users/nanda/Downloads/ros2_ws/install/robot_navigation:/mnt/c/Users/nanda/Downloads/ros2_ws/install/robot_description:/mnt/c/Users/nanda/Downloads/ros2_ws/install/robot_bringup:/opt/ros/jazzy/opt/gz_sim_vendor:/opt/ros/jazzy/opt/gz_sensors_vendor:/opt/ros/jazzy/opt/gz_physics_vendor:/opt/ros/jazzy/opt/sdformat_vendor:/opt/ros/jazzy/opt/gz_gui_vendor:/opt/ros/jazzy/opt/gz_transport_vendor:/opt/ros/jazzy/opt/gz_rendering_vendor:/opt/ros/jazzy/opt/gz_plugin_vendor:/opt/ros/jazzy/opt/gz_fuel_tools_vendor:/opt/ros/jazzy/opt/gz_msgs_vendor:/opt/ros/jazzy/opt/gz_common_vendor:/opt/ros/jazzy/opt/gz_math_vendor:/opt/ros/jazzy/opt/gz_utils_vendor:/opt/ros/jazzy/opt/gz_tools_vendor:/opt/ros/jazzy/opt/gz_ogre_next_vendor:/opt/ros/jazzy/opt/gz_dartsim_vendor:/opt/ros/jazzy/opt/gz_cmake_vendor:/opt/ros/jazzy /usr/bin/cmake --build /mnt/c/Users/nanda/Downloads/ros2_ws/build/robot_bringup -- -j12 -l12
[1.582s] Invoking command in '/mnt/c/Users/nanda/Downloads/ros2_ws/build/robot_bringup': CMAKE_PREFIX_PATH=/mnt/c/Users/nanda/Downloads/ros2_ws/install/robot_navigation:/mnt/c/Users/nanda/Downloads/ros2_ws/install/robot_description:/mnt/c/Users/nanda/Downloads/ros2_ws/install/robot_bringup:/opt/ros/jazzy/opt/gz_sim_vendor:/opt/ros/jazzy/opt/gz_sensors_vendor:/opt/ros/jazzy/opt/gz_physics_vendor:/opt/ros/jazzy/opt/sdformat_vendor:/opt/ros/jazzy/opt/gz_gui_vendor:/opt/ros/jazzy/opt/gz_transport_vendor:/opt/ros/jazzy/opt/gz_rendering_vendor:/opt/ros/jazzy/opt/gz_plugin_vendor:/opt/ros/jazzy/opt/gz_fuel_tools_vendor:/opt/ros/jazzy/opt/gz_msgs_vendor:/opt/ros/jazzy/opt/gz_common_vendor:/opt/ros/jazzy/opt/gz_math_vendor:/opt/ros/jazzy/opt/gz_utils_vendor:/opt/ros/jazzy/opt/gz_tools_vendor:/opt/ros/jazzy/opt/gz_ogre_next_vendor:/opt/ros/jazzy/opt/gz_dartsim_vendor:/opt/ros/jazzy/opt/gz_cmake_vendor:/opt/ros/jazzy /usr/bin/cmake --install /mnt/c/Users/nanda/Downloads/ros2_ws/build/robot_bringup
[1.626s] -- Install configuration: ""
[1.675s] -- Execute custom install script
[1.802s] -- Up-to-date symlink: /mnt/c/Users/nanda/Downloads/ros2_ws/install/robot_bringup/lib/robot_bringup/send_goal.py
[1.927s] -- Up-to-date symlink: /mnt/c/Users/nanda/Downloads/ros2_ws/install/robot_bringup/lib/robot_bringup/waypoint_navigator.py
[2.120s] -- Up-to-date symlink: /mnt/c/Users/nanda/Downloads/ros2_ws/install/robot_bringup/share/robot_bringup/launch/nav_bringup.launch.py
[2.205s] -- Up-to-date symlink: /mnt/c/Users/nanda/Downloads/ros2_ws/install/robot_bringup/share/robot_bringup/launch/slam_bringup.launch.py
[2.362s] -- Up-to-date symlink: /mnt/c/Users/nanda/Downloads/ros2_ws/install/robot_bringup/share/ament_index/resource_index/package_run_dependencies/robot_bringup
[2.508s] -- Up-to-date symlink: /mnt/c/Users/nanda/Downloads/ros2_ws/install/robot_bringup/share/ament_index/resource_index/parent_prefix_path/robot_bringup
[2.605s] -- Up-to-date symlink: /mnt/c/Users/nanda/Downloads/ros2_ws/install/robot_bringup/share/robot_bringup/environment/ament_prefix_path.sh
[2.727s] -- Up-to-date symlink: /mnt/c/Users/nanda/Downloads/ros2_ws/install/robot_bringup/share/robot_bringup/environment/ament_prefix_path.dsv
[2.821s] -- Up-to-date symlink: /mnt/c/Users/nanda/Downloads/ros2_ws/install/robot_bringup/share/robot_bringup/environment/path.sh
[2.937s] -- Up-to-date symlink: /mnt/c/Users/nanda/Downloads/ros2_ws/install/robot_bringup/share/robot_bringup/environment/path.dsv
[3.026s] -- Up-to-date symlink: /mnt/c/Users/nanda/Downloads/ros2_ws/install/robot_bringup/share/robot_bringup/local_setup.bash
[3.111s] -- Up-to-date symlink: /mnt/c/Users/nanda/Downloads/ros2_ws/install/robot_bringup/share/robot_bringup/local_setup.sh
[3.190s] -- Up-to-date symlink: /mnt/c/Users/nanda/Downloads/ros2_ws/install/robot_bringup/share/robot_bringup/local_setup.zsh
[3.252s] -- Up-to-date symlink: /mnt/c/Users/nanda/Downloads/ros2_ws/install/robot_bringup/share/robot_bringup/local_setup.dsv
[3.278s] -- Symlinking: /mnt/c/Users/nanda/Downloads/ros2_ws/install/robot_bringup/share/robot_bringup/package.dsv
[3.550s] -- Up-to-date symlink: /mnt/c/Users/nanda/Downloads/ros2_ws/install/robot_bringup/share/ament_index/resource_index/packages/robot_bringup
[3.653s] -- Up-to-date symlink: /mnt/c/Users/nanda/Downloads/ros2_ws/install/robot_bringup/share/robot_bringup/cmake/robot_bringupConfig.cmake
[3.719s] -- Up-to-date symlink: /mnt/c/Users/nanda/Downloads/ros2_ws/install/robot_bringup/share/robot_bringup/cmake/robot_bringupConfig-version.cmake
[3.796s] -- Up-to-date symlink: /mnt/c/Users/nanda/Downloads/ros2_ws/install/robot_bringup/share/robot_bringup/package.xml
[3.806s] Invoked command in '/mnt/c/Users/nanda/Downloads/ros2_ws/build/robot_bringup' returned '0': CMAKE_PREFIX_PATH=/mnt/c/Users/nanda/Downloads/ros2_ws/install/robot_navigation:/mnt/c/Users/nanda/Downloads/ros2_ws/install/robot_description:/mnt/c/Users/nanda/Downloads/ros2_ws/install/robot_bringup:/opt/ros/jazzy/opt/gz_sim_vendor:/opt/ros/jazzy/opt/gz_sensors_vendor:/opt/ros/jazzy/opt/gz_physics_vendor:/opt/ros/jazzy/opt/sdformat_vendor:/opt/ros/jazzy/opt/gz_gui_vendor:/opt/ros/jazzy/opt/gz_transport_vendor:/opt/ros/jazzy/opt/gz_rendering_vendor:/opt/ros/jazzy/opt/gz_plugin_vendor:/opt/ros/jazzy/opt/gz_fuel_tools_vendor:/opt/ros/jazzy/opt/gz_msgs_vendor:/opt/ros/jazzy/opt/gz_common_vendor:/opt/ros/jazzy/opt/gz_math_vendor:/opt/ros/jazzy/opt/gz_utils_vendor:/opt/ros/jazzy/opt/gz_tools_vendor:/opt/ros/jazzy/opt/gz_ogre_next_vendor:/opt/ros/jazzy/opt/gz_dartsim_vendor:/opt/ros/jazzy/opt/gz_cmake_vendor:/opt/ros/jazzy /usr/bin/cmake --install /mnt/c/Users/nanda/Downloads/ros2_ws/build/robot_bringup
