[3.918s] DEBUG:colcon:Command line arguments: ['/usr/bin/colcon', 'build', '--packages-select', 'robot_description', '--symlink-install']
[3.921s] DEBUG:colcon:Parsed command line arguments: Namespace(log_base=None, log_level=None, verb_name='build', build_base='build', install_base='install', merge_install=False, symlink_install=True, test_result_base=None, continue_on_error=False, executor='parallel', parallel_workers=12, event_handlers=None, ignore_user_meta=False, metas=['./colcon.meta'], base_paths=['.'], packages_ignore=None, packages_ignore_regex=None, paths=None, packages_up_to=None, packages_up_to_regex=None, packages_above=None, packages_above_and_dependencies=None, packages_above_depth=None, packages_select_by_dep=None, packages_skip_by_dep=None, packages_skip_up_to=None, packages_select_build_failed=False, packages_skip_build_finished=False, packages_select_test_failures=False, packages_skip_test_passed=False, packages_select=['robot_description'], packages_skip=None, packages_select_regex=None, packages_skip_regex=None, packages_start=None, packages_end=None, allow_overriding=[], cmake_args=None, cmake_target=None, cmake_target_skip_unavailable=False, cmake_clean_cache=False, cmake_clean_first=False, cmake_force_configure=False, ament_cmake_args=None, catkin_cmake_args=None, catkin_skip_building_tests=False, mixin_files=None, mixin=None, verb_parser=<colcon_mixin.mixin.mixin_argument.MixinArgumentDecorator object at 0x7a405a082660>, verb_extension=<colcon_core.verb.build.BuildVerb object at 0x7a405a1b2930>, main=<bound method BuildVerb.main of <colcon_core.verb.build.BuildVerb object at 0x7a405a1b2930>>, mixin_verb=('build',))
[4.500s] Level 1:colcon.colcon_core.package_discovery:discover_packages(colcon_meta) check parameters
[4.502s] Level 1:colcon.colcon_core.package_discovery:discover_packages(recursive) check parameters
[4.512s] Level 1:colcon.colcon_core.package_discovery:discover_packages(ignore) check parameters
[4.514s] Level 1:colcon.colcon_core.package_discovery:discover_packages(path) check parameters
[4.515s] Level 1:colcon.colcon_core.package_discovery:discover_packages(colcon_meta) discover
[4.517s] Level 1:colcon.colcon_core.package_discovery:discover_packages(recursive) discover
[4.518s] INFO:colcon.colcon_core.package_discovery:Crawling recursively for packages in '/mnt/c/Users/nanda/Downloads/ros2_ws'
[4.559s] Level 1:colcon.colcon_core.package_identification:_identify(.) by extensions ['ignore', 'ignore_ament_install']
[4.568s] Level 1:colcon.colcon_core.package_identification:_identify(.) by extension 'ignore'
[4.571s] Level 1:colcon.colcon_core.package_identification:_identify(.) by extension 'ignore_ament_install'
[4.594s] Level 1:colcon.colcon_core.package_identification:_identify(.) by extensions ['colcon_pkg']
[4.601s] Level 1:colcon.colcon_core.package_identification:_identify(.) by extension 'colcon_pkg'
[4.618s] Level 1:colcon.colcon_core.package_identification:_identify(.) by extensions ['colcon_meta']
[4.623s] Level 1:colcon.colcon_core.package_identification:_identify(.) by extension 'colcon_meta'
[4.638s] Level 1:colcon.colcon_core.package_identification:_identify(.) by extensions ['ros']
[4.639s] Level 1:colcon.colcon_core.package_identification:_identify(.) by extension 'ros'
[4.801s] Level 1:colcon.colcon_core.package_identification:_identify(.) by extensions ['cmake', 'python']
[4.803s] Level 1:colcon.colcon_core.package_identification:_identify(.) by extension 'cmake'
[4.825s] Level 1:colcon.colcon_core.package_identification:_identify(.) by extension 'python'
[4.830s] Level 1:colcon.colcon_core.package_identification:_identify(.) by extensions ['python_setup_py']
[4.836s] Level 1:colcon.colcon_core.package_identification:_identify(.) by extension 'python_setup_py'
[4.919s] Level 1:colcon.colcon_core.package_identification:_identify(build) by extensions ['ignore', 'ignore_ament_install']
[4.923s] Level 1:colcon.colcon_core.package_identification:_identify(build) by extension 'ignore'
[4.958s] Level 1:colcon.colcon_core.package_identification:_identify(build) ignored
[4.991s] Level 1:colcon.colcon_core.package_identification:_identify(install) by extensions ['ignore', 'ignore_ament_install']
[4.992s] Level 1:colcon.colcon_core.package_identification:_identify(install) by extension 'ignore'
[5.035s] Level 1:colcon.colcon_core.package_identification:_identify(install) ignored
[5.078s] Level 1:colcon.colcon_core.package_identification:_identify(log) by extensions ['ignore', 'ignore_ament_install']
[5.080s] Level 1:colcon.colcon_core.package_identification:_identify(log) by extension 'ignore'
[5.084s] Level 1:colcon.colcon_core.package_identification:_identify(log) ignored
[5.143s] Level 1:colcon.colcon_core.package_identification:_identify(src) by extensions ['ignore', 'ignore_ament_install']
[5.145s] Level 1:colcon.colcon_core.package_identification:_identify(src) by extension 'ignore'
[5.157s] Level 1:colcon.colcon_core.package_identification:_identify(src) by extension 'ignore_ament_install'
[5.205s] Level 1:colcon.colcon_core.package_identification:_identify(src) by extensions ['colcon_pkg']
[5.210s] Level 1:colcon.colcon_core.package_identification:_identify(src) by extension 'colcon_pkg'
[5.238s] Level 1:colcon.colcon_core.package_identification:_identify(src) by extensions ['colcon_meta']
[5.246s] Level 1:colcon.colcon_core.package_identification:_identify(src) by extension 'colcon_meta'
[5.252s] Level 1:colcon.colcon_core.package_identification:_identify(src) by extensions ['ros']
[5.253s] Level 1:colcon.colcon_core.package_identification:_identify(src) by extension 'ros'
[5.325s] Level 1:colcon.colcon_core.package_identification:_identify(src) by extensions ['cmake', 'python']
[5.328s] Level 1:colcon.colcon_core.package_identification:_identify(src) by extension 'cmake'
[5.337s] Level 1:colcon.colcon_core.package_identification:_identify(src) by extension 'python'
[5.361s] Level 1:colcon.colcon_core.package_identification:_identify(src) by extensions ['python_setup_py']
[5.369s] Level 1:colcon.colcon_core.package_identification:_identify(src) by extension 'python_setup_py'
[5.458s] Level 1:colcon.colcon_core.package_identification:_identify(src/robot_bringup) by extensions ['ignore', 'ignore_ament_install']
[5.461s] Level 1:colcon.colcon_core.package_identification:_identify(src/robot_bringup) by extension 'ignore'
[5.482s] Level 1:colcon.colcon_core.package_identification:_identify(src/robot_bringup) by extension 'ignore_ament_install'
[5.519s] Level 1:colcon.colcon_core.package_identification:_identify(src/robot_bringup) by extensions ['colcon_pkg']
[5.522s] Level 1:colcon.colcon_core.package_identification:_identify(src/robot_bringup) by extension 'colcon_pkg'
[5.541s] Level 1:colcon.colcon_core.package_identification:_identify(src/robot_bringup) by extensions ['colcon_meta']
[5.543s] Level 1:colcon.colcon_core.package_identification:_identify(src/robot_bringup) by extension 'colcon_meta'
[5.593s] Level 1:colcon.colcon_core.package_identification:_identify(src/robot_bringup) by extensions ['ros']
[5.597s] Level 1:colcon.colcon_core.package_identification:_identify(src/robot_bringup) by extension 'ros'
[6.068s] DEBUG:colcon.colcon_core.package_identification:Package 'src/robot_bringup' with type 'ros.ament_cmake' and name 'robot_bringup'
[6.137s] Level 1:colcon.colcon_core.package_identification:_identify(src/robot_description) by extensions ['ignore', 'ignore_ament_install']
[6.148s] Level 1:colcon.colcon_core.package_identification:_identify(src/robot_description) by extension 'ignore'
[6.167s] Level 1:colcon.colcon_core.package_identification:_identify(src/robot_description) by extension 'ignore_ament_install'
[6.215s] Level 1:colcon.colcon_core.package_identification:_identify(src/robot_description) by extensions ['colcon_pkg']
[6.229s] Level 1:colcon.colcon_core.package_identification:_identify(src/robot_description) by extension 'colcon_pkg'
[6.255s] Level 1:colcon.colcon_core.package_identification:_identify(src/robot_description) by extensions ['colcon_meta']
[6.257s] Level 1:colcon.colcon_core.package_identification:_identify(src/robot_description) by extension 'colcon_meta'
[6.281s] Level 1:colcon.colcon_core.package_identification:_identify(src/robot_description) by extensions ['ros']
[6.290s] Level 1:colcon.colcon_core.package_identification:_identify(src/robot_description) by extension 'ros'
[6.485s] DEBUG:colcon.colcon_core.package_identification:Package 'src/robot_description' with type 'ros.ament_cmake' and name 'robot_description'
[6.562s] Level 1:colcon.colcon_core.package_identification:_identify(src/robot_navigation) by extensions ['ignore', 'ignore_ament_install']
[6.564s] Level 1:colcon.colcon_core.package_identification:_identify(src/robot_navigation) by extension 'ignore'
[6.583s] Level 1:colcon.colcon_core.package_identification:_identify(src/robot_navigation) by extension 'ignore_ament_install'
[6.609s] Level 1:colcon.colcon_core.package_identification:_identify(src/robot_navigation) by extensions ['colcon_pkg']
[6.610s] Level 1:colcon.colcon_core.package_identification:_identify(src/robot_navigation) by extension 'colcon_pkg'
[6.625s] Level 1:colcon.colcon_core.package_identification:_identify(src/robot_navigation) by extensions ['colcon_meta']
[6.630s] Level 1:colcon.colcon_core.package_identification:_identify(src/robot_navigation) by extension 'colcon_meta'
[6.650s] Level 1:colcon.colcon_core.package_identification:_identify(src/robot_navigation) by extensions ['ros']
[6.653s] Level 1:colcon.colcon_core.package_identification:_identify(src/robot_navigation) by extension 'ros'
[6.911s] DEBUG:colcon.colcon_core.package_identification:Package 'src/robot_navigation' with type 'ros.ament_cmake' and name 'robot_navigation'
[6.963s] Level 1:colcon.colcon_core.package_identification:_identify(worlds) by extensions ['ignore', 'ignore_ament_install']
[6.965s] Level 1:colcon.colcon_core.package_identification:_identify(worlds) by extension 'ignore'
[6.974s] Level 1:colcon.colcon_core.package_identification:_identify(worlds) by extension 'ignore_ament_install'
[7.016s] Level 1:colcon.colcon_core.package_identification:_identify(worlds) by extensions ['colcon_pkg']
[7.018s] Level 1:colcon.colcon_core.package_identification:_identify(worlds) by extension 'colcon_pkg'
[7.032s] Level 1:colcon.colcon_core.package_identification:_identify(worlds) by extensions ['colcon_meta']
[7.035s] Level 1:colcon.colcon_core.package_identification:_identify(worlds) by extension 'colcon_meta'
[7.047s] Level 1:colcon.colcon_core.package_identification:_identify(worlds) by extensions ['ros']
[7.050s] Level 1:colcon.colcon_core.package_identification:_identify(worlds) by extension 'ros'
[7.135s] Level 1:colcon.colcon_core.package_identification:_identify(worlds) by extensions ['cmake', 'python']
[7.136s] Level 1:colcon.colcon_core.package_identification:_identify(worlds) by extension 'cmake'
[7.145s] Level 1:colcon.colcon_core.package_identification:_identify(worlds) by extension 'python'
[7.158s] Level 1:colcon.colcon_core.package_identification:_identify(worlds) by extensions ['python_setup_py']
[7.160s] Level 1:colcon.colcon_core.package_identification:_identify(worlds) by extension 'python_setup_py'
[7.168s] Level 1:colcon.colcon_core.package_discovery:discover_packages(recursive) using defaults
[7.171s] Level 1:colcon.colcon_core.package_discovery:discover_packages(ignore) discover
[7.176s] Level 1:colcon.colcon_core.package_discovery:discover_packages(ignore) using defaults
[7.180s] Level 1:colcon.colcon_core.package_discovery:discover_packages(path) discover
[7.181s] Level 1:colcon.colcon_core.package_discovery:discover_packages(path) using defaults
[7.478s] INFO:colcon.colcon_core.package_selection:Skipping not selected package 'robot_navigation' in 'src/robot_navigation'
[7.479s] INFO:colcon.colcon_core.package_selection:Skipping not selected package 'robot_bringup' in 'src/robot_bringup'
[7.498s] Level 1:colcon.colcon_core.package_discovery:discover_packages(prefix_path) check parameters
[7.501s] Level 1:colcon.colcon_core.package_discovery:discover_packages(prefix_path) discover
[7.519s] DEBUG:colcon.colcon_installed_package_information.package_discovery:Found 390 installed packages in /opt/ros/jazzy
[7.532s] Level 1:colcon.colcon_core.package_discovery:discover_packages(prefix_path) using defaults
[7.879s] Level 5:colcon.colcon_core.verb:set package 'robot_description' build argument 'cmake_args' from command line to 'None'
[7.891s] Level 5:colcon.colcon_core.verb:set package 'robot_description' build argument 'cmake_target' from command line to 'None'
[7.893s] Level 5:colcon.colcon_core.verb:set package 'robot_description' build argument 'cmake_target_skip_unavailable' from command line to 'False'
[7.898s] Level 5:colcon.colcon_core.verb:set package 'robot_description' build argument 'cmake_clean_cache' from command line to 'False'
[7.901s] Level 5:colcon.colcon_core.verb:set package 'robot_description' build argument 'cmake_clean_first' from command line to 'False'
[7.903s] Level 5:colcon.colcon_core.verb:set package 'robot_description' build argument 'cmake_force_configure' from command line to 'False'
[7.905s] Level 5:colcon.colcon_core.verb:set package 'robot_description' build argument 'ament_cmake_args' from command line to 'None'
[7.907s] Level 5:colcon.colcon_core.verb:set package 'robot_description' build argument 'catkin_cmake_args' from command line to 'None'
[7.910s] Level 5:colcon.colcon_core.verb:set package 'robot_description' build argument 'catkin_skip_building_tests' from command line to 'False'
[7.921s] DEBUG:colcon.colcon_core.verb:Building package 'robot_description' with the following arguments: {'ament_cmake_args': None, 'build_base': '/mnt/c/Users/nanda/Downloads/ros2_ws/build/robot_description', 'catkin_cmake_args': None, 'catkin_skip_building_tests': False, 'cmake_args': None, 'cmake_clean_cache': False, 'cmake_clean_first': False, 'cmake_force_configure': False, 'cmake_target': None, 'cmake_target_skip_unavailable': False, 'install_base': '/mnt/c/Users/nanda/Downloads/ros2_ws/install/robot_description', 'merge_install': False, 'path': '/mnt/c/Users/nanda/Downloads/ros2_ws/src/robot_description', 'symlink_install': True, 'test_result_base': None}
[7.924s] INFO:colcon.colcon_core.executor:Executing jobs using 'parallel' executor
[7.943s] DEBUG:colcon.colcon_parallel_executor.executor.parallel:run_until_complete
[7.961s] INFO:colcon.colcon_ros.task.ament_cmake.build:Building ROS package in '/mnt/c/Users/nanda/Downloads/ros2_ws/src/robot_description' with build type 'ament_cmake'
[7.965s] INFO:colcon.colcon_cmake.task.cmake.build:Building CMake package in '/mnt/c/Users/nanda/Downloads/ros2_ws/src/robot_description'
[8.000s] INFO:colcon.colcon_core.plugin_system:Skipping extension 'colcon_core.shell.bat': Not used on non-Windows systems
[8.001s] INFO:colcon.colcon_core.shell:Skip shell extension 'powershell' for command environment: Not usable outside of PowerShell
[8.010s] DEBUG:colcon.colcon_core.shell:Skip shell extension 'dsv' for command environment
[9.021s] DEBUG:colcon.colcon_core.event_handler.log_command:Invoking command in '/mnt/c/Users/nanda/Downloads/ros2_ws/build/robot_description': CMAKE_PREFIX_PATH=${CMAKE_PREFIX_PATH}:/opt/ros/jazzy /usr/bin/cmake --build /mnt/c/Users/nanda/Downloads/ros2_ws/build/robot_description -- -j12 -l12
[11.242s] DEBUG:colcon.colcon_core.event_handler.log_command:Invoked command in '/mnt/c/Users/nanda/Downloads/ros2_ws/build/robot_description' returned '0': CMAKE_PREFIX_PATH=${CMAKE_PREFIX_PATH}:/opt/ros/jazzy /usr/bin/cmake --build /mnt/c/Users/nanda/Downloads/ros2_ws/build/robot_description -- -j12 -l12
[11.839s] DEBUG:colcon.colcon_core.event_handler.log_command:Invoking command in '/mnt/c/Users/nanda/Downloads/ros2_ws/build/robot_description': CMAKE_PREFIX_PATH=${CMAKE_PREFIX_PATH}:/opt/ros/jazzy /usr/bin/cmake --install /mnt/c/Users/nanda/Downloads/ros2_ws/build/robot_description
[20.086s] Level 1:colcon.colcon_core.environment:create_environment_scripts_only(robot_description)
[20.096s] DEBUG:colcon.colcon_core.event_handler.log_command:Invoked command in '/mnt/c/Users/nanda/Downloads/ros2_ws/build/robot_description' returned '0': CMAKE_PREFIX_PATH=${CMAKE_PREFIX_PATH}:/opt/ros/jazzy /usr/bin/cmake --install /mnt/c/Users/nanda/Downloads/ros2_ws/build/robot_description
[20.139s] Level 1:colcon.colcon_core.environment:checking '/mnt/c/Users/nanda/Downloads/ros2_ws/install/robot_description' for CMake module files
[22.605s] Level 1:colcon.colcon_core.environment:checking '/mnt/c/Users/nanda/Downloads/ros2_ws/install/robot_description' for CMake config files
[24.479s] Level 1:colcon.colcon_core.shell:create_environment_hook('robot_description', 'cmake_prefix_path')
[24.483s] INFO:colcon.colcon_core.shell:Creating environment hook '/mnt/c/Users/nanda/Downloads/ros2_ws/install/robot_description/share/robot_description/hook/cmake_prefix_path.ps1'
[24.759s] INFO:colcon.colcon_core.shell:Creating environment descriptor '/mnt/c/Users/nanda/Downloads/ros2_ws/install/robot_description/share/robot_description/hook/cmake_prefix_path.dsv'
[25.067s] INFO:colcon.colcon_core.shell:Creating environment hook '/mnt/c/Users/nanda/Downloads/ros2_ws/install/robot_description/share/robot_description/hook/cmake_prefix_path.sh'
[25.441s] Level 1:colcon.colcon_core.environment:checking '/mnt/c/Users/nanda/Downloads/ros2_ws/install/robot_description/bin'
[25.465s] Level 1:colcon.colcon_core.environment:checking '/mnt/c/Users/nanda/Downloads/ros2_ws/install/robot_description/lib/pkgconfig/robot_description.pc'
[25.502s] Level 1:colcon.colcon_core.environment:checking '/mnt/c/Users/nanda/Downloads/ros2_ws/install/robot_description/lib/python3.12/site-packages'
[25.524s] Level 1:colcon.colcon_core.environment:checking '/mnt/c/Users/nanda/Downloads/ros2_ws/install/robot_description/bin'
[25.538s] INFO:colcon.colcon_core.shell:Creating package script '/mnt/c/Users/nanda/Downloads/ros2_ws/install/robot_description/share/robot_description/package.ps1'
[25.717s] INFO:colcon.colcon_core.shell:Creating package descriptor '/mnt/c/Users/nanda/Downloads/ros2_ws/install/robot_description/share/robot_description/package.dsv'
[25.908s] INFO:colcon.colcon_core.shell:Creating package script '/mnt/c/Users/nanda/Downloads/ros2_ws/install/robot_description/share/robot_description/package.sh'
[26.181s] INFO:colcon.colcon_core.shell:Creating package script '/mnt/c/Users/nanda/Downloads/ros2_ws/install/robot_description/share/robot_description/package.bash'
[26.357s] INFO:colcon.colcon_core.shell:Creating package script '/mnt/c/Users/nanda/Downloads/ros2_ws/install/robot_description/share/robot_description/package.zsh'
[26.527s] Level 1:colcon.colcon_core.environment:create_file_with_runtime_dependencies(/mnt/c/Users/nanda/Downloads/ros2_ws/install/robot_description/share/colcon-core/packages/robot_description)
[27.334s] Level 1:colcon.colcon_core.environment:create_environment_scripts_only(robot_description)
[27.340s] Level 1:colcon.colcon_core.environment:checking '/mnt/c/Users/nanda/Downloads/ros2_ws/install/robot_description' for CMake module files
[29.206s] Level 1:colcon.colcon_core.environment:checking '/mnt/c/Users/nanda/Downloads/ros2_ws/install/robot_description' for CMake config files
[31.256s] Level 1:colcon.colcon_core.shell:create_environment_hook('robot_description', 'cmake_prefix_path')
[31.262s] INFO:colcon.colcon_core.shell:Creating environment hook '/mnt/c/Users/nanda/Downloads/ros2_ws/install/robot_description/share/robot_description/hook/cmake_prefix_path.ps1'
[31.605s] INFO:colcon.colcon_core.shell:Creating environment descriptor '/mnt/c/Users/nanda/Downloads/ros2_ws/install/robot_description/share/robot_description/hook/cmake_prefix_path.dsv'
[31.993s] INFO:colcon.colcon_core.shell:Creating environment hook '/mnt/c/Users/nanda/Downloads/ros2_ws/install/robot_description/share/robot_description/hook/cmake_prefix_path.sh'
[32.354s] Level 1:colcon.colcon_core.environment:checking '/mnt/c/Users/nanda/Downloads/ros2_ws/install/robot_description/bin'
[32.387s] Level 1:colcon.colcon_core.environment:checking '/mnt/c/Users/nanda/Downloads/ros2_ws/install/robot_description/lib/pkgconfig/robot_description.pc'
[32.413s] Level 1:colcon.colcon_core.environment:checking '/mnt/c/Users/nanda/Downloads/ros2_ws/install/robot_description/lib/python3.12/site-packages'
[32.425s] Level 1:colcon.colcon_core.environment:checking '/mnt/c/Users/nanda/Downloads/ros2_ws/install/robot_description/bin'
[32.447s] INFO:colcon.colcon_core.shell:Creating package script '/mnt/c/Users/nanda/Downloads/ros2_ws/install/robot_description/share/robot_description/package.ps1'
[32.657s] INFO:colcon.colcon_core.shell:Creating package descriptor '/mnt/c/Users/nanda/Downloads/ros2_ws/install/robot_description/share/robot_description/package.dsv'
[32.841s] INFO:colcon.colcon_core.shell:Creating package script '/mnt/c/Users/nanda/Downloads/ros2_ws/install/robot_description/share/robot_description/package.sh'
[33.171s] INFO:colcon.colcon_core.shell:Creating package script '/mnt/c/Users/nanda/Downloads/ros2_ws/install/robot_description/share/robot_description/package.bash'
[33.419s] INFO:colcon.colcon_core.shell:Creating package script '/mnt/c/Users/nanda/Downloads/ros2_ws/install/robot_description/share/robot_description/package.zsh'
[33.697s] Level 1:colcon.colcon_core.environment:create_file_with_runtime_dependencies(/mnt/c/Users/nanda/Downloads/ros2_ws/install/robot_description/share/colcon-core/packages/robot_description)
[34.052s] DEBUG:colcon.colcon_parallel_executor.executor.parallel:closing loop
[34.055s] DEBUG:colcon.colcon_parallel_executor.executor.parallel:loop closed
[34.062s] DEBUG:colcon.colcon_parallel_executor.executor.parallel:run_until_complete finished with '0'
[34.067s] DEBUG:colcon.colcon_core.event_reactor:joining thread
[35.428s] INFO:colcon.colcon_core.plugin_system:Skipping extension 'colcon_notification.desktop_notification.notify_send': Could not find 'notify-send'
[35.433s] INFO:colcon.colcon_core.plugin_system:Skipping extension 'colcon_notification.desktop_notification.terminal_notifier': Not used on non-Darwin systems
[35.439s] INFO:colcon.colcon_core.plugin_system:Skipping extension 'colcon_notification.desktop_notification.win32': Not used on non-Windows systems
[35.442s] INFO:colcon.colcon_notification.desktop_notification:Sending desktop notification using 'notify2'
[35.494s] DEBUG:colcon.colcon_notification.desktop_notification.notify2:Failed to initialize notify2: org.freedesktop.DBus.Error.ServiceUnknown: The name org.freedesktop.Notifications was not provided by any .service files
[35.497s] DEBUG:colcon.colcon_core.event_reactor:joined thread
[35.501s] INFO:colcon.colcon_core.shell:Creating prefix script '/mnt/c/Users/nanda/Downloads/ros2_ws/install/local_setup.ps1'
[35.588s] INFO:colcon.colcon_core.shell:Creating prefix util module '/mnt/c/Users/nanda/Downloads/ros2_ws/install/_local_setup_util_ps1.py'
[35.693s] INFO:colcon.colcon_core.shell:Creating prefix chain script '/mnt/c/Users/nanda/Downloads/ros2_ws/install/setup.ps1'
[35.773s] INFO:colcon.colcon_core.shell:Creating prefix script '/mnt/c/Users/nanda/Downloads/ros2_ws/install/local_setup.sh'
[35.856s] INFO:colcon.colcon_core.shell:Creating prefix util module '/mnt/c/Users/nanda/Downloads/ros2_ws/install/_local_setup_util_sh.py'
[35.916s] INFO:colcon.colcon_core.shell:Creating prefix chain script '/mnt/c/Users/nanda/Downloads/ros2_ws/install/setup.sh'
[35.992s] INFO:colcon.colcon_core.shell:Creating prefix script '/mnt/c/Users/nanda/Downloads/ros2_ws/install/local_setup.bash'
[36.291s] INFO:colcon.colcon_core.shell:Creating prefix chain script '/mnt/c/Users/nanda/Downloads/ros2_ws/install/setup.bash'
[36.370s] INFO:colcon.colcon_core.shell:Creating prefix script '/mnt/c/Users/nanda/Downloads/ros2_ws/install/local_setup.zsh'
[36.462s] INFO:colcon.colcon_core.shell:Creating prefix chain script '/mnt/c/Users/nanda/Downloads/ros2_ws/install/setup.zsh'
