[3.530s] Invoking command in '/mnt/c/Users/nanda/Downloads/ros2_ws/build/robot_bringup': CMAKE_PREFIX_PATH=/mnt/c/Users/nanda/Downloads/ros2_ws/install/robot_navigation:/mnt/c/Users/nanda/Downloads/ros2_ws/install/robot_description:/mnt/c/Users/nanda/Downloads/ros2_ws/install/robot_bringup:/opt/ros/jazzy/opt/gz_sim_vendor:/opt/ros/jazzy/opt/gz_sensors_vendor:/opt/ros/jazzy/opt/gz_physics_vendor:/opt/ros/jazzy/opt/sdformat_vendor:/opt/ros/jazzy/opt/gz_gui_vendor:/opt/ros/jazzy/opt/gz_transport_vendor:/opt/ros/jazzy/opt/gz_rendering_vendor:/opt/ros/jazzy/opt/gz_plugin_vendor:/opt/ros/jazzy/opt/gz_fuel_tools_vendor:/opt/ros/jazzy/opt/gz_msgs_vendor:/opt/ros/jazzy/opt/gz_common_vendor:/opt/ros/jazzy/opt/gz_math_vendor:/opt/ros/jazzy/opt/gz_utils_vendor:/opt/ros/jazzy/opt/gz_tools_vendor:/opt/ros/jazzy/opt/gz_ogre_next_vendor:/opt/ros/jazzy/opt/gz_dartsim_vendor:/opt/ros/jazzy/opt/gz_cmake_vendor:/opt/ros/jazzy /usr/bin/cmake --build /mnt/c/Users/nanda/Downloads/ros2_ws/build/robot_bringup -- -j12 -l12
[5.060s] Invoked command in '/mnt/c/Users/nanda/Downloads/ros2_ws/build/robot_bringup' returned '0': CMAKE_PREFIX_PATH=/mnt/c/Users/nanda/Downloads/ros2_ws/install/robot_navigation:/mnt/c/Users/nanda/Downloads/ros2_ws/install/robot_description:/mnt/c/Users/nanda/Downloads/ros2_ws/install/robot_bringup:/opt/ros/jazzy/opt/gz_sim_vendor:/opt/ros/jazzy/opt/gz_sensors_vendor:/opt/ros/jazzy/opt/gz_physics_vendor:/opt/ros/jazzy/opt/sdformat_vendor:/opt/ros/jazzy/opt/gz_gui_vendor:/opt/ros/jazzy/opt/gz_transport_vendor:/opt/ros/jazzy/opt/gz_rendering_vendor:/opt/ros/jazzy/opt/gz_plugin_vendor:/opt/ros/jazzy/opt/gz_fuel_tools_vendor:/opt/ros/jazzy/opt/gz_msgs_vendor:/opt/ros/jazzy/opt/gz_common_vendor:/opt/ros/jazzy/opt/gz_math_vendor:/opt/ros/jazzy/opt/gz_utils_vendor:/opt/ros/jazzy/opt/gz_tools_vendor:/opt/ros/jazzy/opt/gz_ogre_next_vendor:/opt/ros/jazzy/opt/gz_dartsim_vendor:/opt/ros/jazzy/opt/gz_cmake_vendor:/opt/ros/jazzy /usr/bin/cmake --build /mnt/c/Users/nanda/Downloads/ros2_ws/build/robot_bringup -- -j12 -l12
[5.280s] Invoking command in '/mnt/c/Users/nanda/Downloads/ros2_ws/build/robot_bringup': CMAKE_PREFIX_PATH=/mnt/c/Users/nanda/Downloads/ros2_ws/install/robot_navigation:/mnt/c/Users/nanda/Downloads/ros2_ws/install/robot_description:/mnt/c/Users/nanda/Downloads/ros2_ws/install/robot_bringup:/opt/ros/jazzy/opt/gz_sim_vendor:/opt/ros/jazzy/opt/gz_sensors_vendor:/opt/ros/jazzy/opt/gz_physics_vendor:/opt/ros/jazzy/opt/sdformat_vendor:/opt/ros/jazzy/opt/gz_gui_vendor:/opt/ros/jazzy/opt/gz_transport_vendor:/opt/ros/jazzy/opt/gz_rendering_vendor:/opt/ros/jazzy/opt/gz_plugin_vendor:/opt/ros/jazzy/opt/gz_fuel_tools_vendor:/opt/ros/jazzy/opt/gz_msgs_vendor:/opt/ros/jazzy/opt/gz_common_vendor:/opt/ros/jazzy/opt/gz_math_vendor:/opt/ros/jazzy/opt/gz_utils_vendor:/opt/ros/jazzy/opt/gz_tools_vendor:/opt/ros/jazzy/opt/gz_ogre_next_vendor:/opt/ros/jazzy/opt/gz_dartsim_vendor:/opt/ros/jazzy/opt/gz_cmake_vendor:/opt/ros/jazzy /usr/bin/cmake --install /mnt/c/Users/nanda/Downloads/ros2_ws/build/robot_bringup
[5.389s] -- Install configuration: ""
[5.521s] -- Execute custom install script
[5.843s] -- Up-to-date symlink: /mnt/c/Users/nanda/Downloads/ros2_ws/install/robot_bringup/lib/robot_bringup/send_goal.py
[6.126s] -- Up-to-date symlink: /mnt/c/Users/nanda/Downloads/ros2_ws/install/robot_bringup/lib/robot_bringup/waypoint_navigator.py
[6.616s] -- Up-to-date symlink: /mnt/c/Users/nanda/Downloads/ros2_ws/install/robot_bringup/share/robot_bringup/launch/nav_bringup.launch.py
[6.970s] -- Up-to-date symlink: /mnt/c/Users/nanda/Downloads/ros2_ws/install/robot_bringup/share/robot_bringup/launch/slam_bringup.launch.py
[7.803s] -- Up-to-date symlink: /mnt/c/Users/nanda/Downloads/ros2_ws/install/robot_bringup/share/ament_index/resource_index/package_run_dependencies/robot_bringup
[8.695s] -- Up-to-date symlink: /mnt/c/Users/nanda/Downloads/ros2_ws/install/robot_bringup/share/ament_index/resource_index/parent_prefix_path/robot_bringup
[9.147s] -- Up-to-date symlink: /mnt/c/Users/nanda/Downloads/ros2_ws/install/robot_bringup/share/robot_bringup/environment/ament_prefix_path.sh
[9.552s] -- Up-to-date symlink: /mnt/c/Users/nanda/Downloads/ros2_ws/install/robot_bringup/share/robot_bringup/environment/ament_prefix_path.dsv
[9.912s] -- Up-to-date symlink: /mnt/c/Users/nanda/Downloads/ros2_ws/install/robot_bringup/share/robot_bringup/environment/path.sh
[10.260s] -- Up-to-date symlink: /mnt/c/Users/nanda/Downloads/ros2_ws/install/robot_bringup/share/robot_bringup/environment/path.dsv
[10.569s] -- Up-to-date symlink: /mnt/c/Users/nanda/Downloads/ros2_ws/install/robot_bringup/share/robot_bringup/local_setup.bash
[10.888s] -- Up-to-date symlink: /mnt/c/Users/nanda/Downloads/ros2_ws/install/robot_bringup/share/robot_bringup/local_setup.sh
[11.207s] -- Up-to-date symlink: /mnt/c/Users/nanda/Downloads/ros2_ws/install/robot_bringup/share/robot_bringup/local_setup.zsh
[11.605s] -- Up-to-date symlink: /mnt/c/Users/nanda/Downloads/ros2_ws/install/robot_bringup/share/robot_bringup/local_setup.dsv
[11.820s] -- Symlinking: /mnt/c/Users/nanda/Downloads/ros2_ws/install/robot_bringup/share/robot_bringup/package.dsv
[12.985s] -- Up-to-date symlink: /mnt/c/Users/nanda/Downloads/ros2_ws/install/robot_bringup/share/ament_index/resource_index/packages/robot_bringup
[13.412s] -- Up-to-date symlink: /mnt/c/Users/nanda/Downloads/ros2_ws/install/robot_bringup/share/robot_bringup/cmake/robot_bringupConfig.cmake
[13.824s] -- Up-to-date symlink: /mnt/c/Users/nanda/Downloads/ros2_ws/install/robot_bringup/share/robot_bringup/cmake/robot_bringupConfig-version.cmake
[14.183s] -- Up-to-date symlink: /mnt/c/Users/nanda/Downloads/ros2_ws/install/robot_bringup/share/robot_bringup/package.xml
[14.215s] Invoked command in '/mnt/c/Users/nanda/Downloads/ros2_ws/build/robot_bringup' returned '0': CMAKE_PREFIX_PATH=/mnt/c/Users/nanda/Downloads/ros2_ws/install/robot_navigation:/mnt/c/Users/nanda/Downloads/ros2_ws/install/robot_description:/mnt/c/Users/nanda/Downloads/ros2_ws/install/robot_bringup:/opt/ros/jazzy/opt/gz_sim_vendor:/opt/ros/jazzy/opt/gz_sensors_vendor:/opt/ros/jazzy/opt/gz_physics_vendor:/opt/ros/jazzy/opt/sdformat_vendor:/opt/ros/jazzy/opt/gz_gui_vendor:/opt/ros/jazzy/opt/gz_transport_vendor:/opt/ros/jazzy/opt/gz_rendering_vendor:/opt/ros/jazzy/opt/gz_plugin_vendor:/opt/ros/jazzy/opt/gz_fuel_tools_vendor:/opt/ros/jazzy/opt/gz_msgs_vendor:/opt/ros/jazzy/opt/gz_common_vendor:/opt/ros/jazzy/opt/gz_math_vendor:/opt/ros/jazzy/opt/gz_utils_vendor:/opt/ros/jazzy/opt/gz_tools_vendor:/opt/ros/jazzy/opt/gz_ogre_next_vendor:/opt/ros/jazzy/opt/gz_dartsim_vendor:/opt/ros/jazzy/opt/gz_cmake_vendor:/opt/ros/jazzy /usr/bin/cmake --install /mnt/c/Users/nanda/Downloads/ros2_ws/build/robot_bringup
