[2.173s] DEBUG:colcon:Command line arguments: ['/usr/bin/colcon', 'build', '--symlink-install']
[2.175s] DEBUG:colcon:Parsed command line arguments: Namespace(log_base=None, log_level=None, verb_name='build', build_base='build', install_base='install', merge_install=False, symlink_install=True, test_result_base=None, continue_on_error=False, executor='parallel', parallel_workers=12, event_handlers=None, ignore_user_meta=False, metas=['./colcon.meta'], base_paths=['.'], packages_ignore=None, packages_ignore_regex=None, paths=None, packages_up_to=None, packages_up_to_regex=None, packages_above=None, packages_above_and_dependencies=None, packages_above_depth=None, packages_select_by_dep=None, packages_skip_by_dep=None, packages_skip_up_to=None, packages_select_build_failed=False, packages_skip_build_finished=False, packages_select_test_failures=False, packages_skip_test_passed=False, packages_select=None, packages_skip=None, packages_select_regex=None, packages_skip_regex=None, packages_start=None, packages_end=None, allow_overriding=[], cmake_args=None, cmake_target=None, cmake_target_skip_unavailable=False, cmake_clean_cache=False, cmake_clean_first=False, cmake_force_configure=False, ament_cmake_args=None, catkin_cmake_args=None, catkin_skip_building_tests=False, mixin_files=None, mixin=None, verb_parser=<colcon_mixin.mixin.mixin_argument.MixinArgumentDecorator object at 0x78197e982660>, verb_extension=<colcon_core.verb.build.BuildVerb object at 0x78197ead0ec0>, main=<bound method BuildVerb.main of <colcon_core.verb.build.BuildVerb object at 0x78197ead0ec0>>, mixin_verb=('build',))
[2.478s] Level 1:colcon.colcon_core.package_discovery:discover_packages(colcon_meta) check parameters
[2.482s] Level 1:colcon.colcon_core.package_discovery:discover_packages(recursive) check parameters
[2.484s] Level 1:colcon.colcon_core.package_discovery:discover_packages(ignore) check parameters
[2.487s] Level 1:colcon.colcon_core.package_discovery:discover_packages(path) check parameters
[2.492s] Level 1:colcon.colcon_core.package_discovery:discover_packages(colcon_meta) discover
[2.494s] Level 1:colcon.colcon_core.package_discovery:discover_packages(recursive) discover
[2.495s] INFO:colcon.colcon_core.package_discovery:Crawling recursively for packages in '/mnt/c/Users/nanda/Downloads/ros2_ws'
[2.504s] Level 1:colcon.colcon_core.package_identification:_identify(.) by extensions ['ignore', 'ignore_ament_install']
[2.506s] Level 1:colcon.colcon_core.package_identification:_identify(.) by extension 'ignore'
[2.526s] Level 1:colcon.colcon_core.package_identification:_identify(.) by extension 'ignore_ament_install'
[2.542s] Level 1:colcon.colcon_core.package_identification:_identify(.) by extensions ['colcon_pkg']
[2.544s] Level 1:colcon.colcon_core.package_identification:_identify(.) by extension 'colcon_pkg'
[2.546s] Level 1:colcon.colcon_core.package_identification:_identify(.) by extensions ['colcon_meta']
[2.550s] Level 1:colcon.colcon_core.package_identification:_identify(.) by extension 'colcon_meta'
[2.553s] Level 1:colcon.colcon_core.package_identification:_identify(.) by extensions ['ros']
[2.557s] Level 1:colcon.colcon_core.package_identification:_identify(.) by extension 'ros'
[2.675s] Level 1:colcon.colcon_core.package_identification:_identify(.) by extensions ['cmake', 'python']
[2.678s] Level 1:colcon.colcon_core.package_identification:_identify(.) by extension 'cmake'
[2.682s] Level 1:colcon.colcon_core.package_identification:_identify(.) by extension 'python'
[2.685s] Level 1:colcon.colcon_core.package_identification:_identify(.) by extensions ['python_setup_py']
[2.690s] Level 1:colcon.colcon_core.package_identification:_identify(.) by extension 'python_setup_py'
[2.750s] Level 1:colcon.colcon_core.package_identification:_identify(build) by extensions ['ignore', 'ignore_ament_install']
[2.751s] Level 1:colcon.colcon_core.package_identification:_identify(build) by extension 'ignore'
[2.779s] Level 1:colcon.colcon_core.package_identification:_identify(build) ignored
[2.818s] Level 1:colcon.colcon_core.package_identification:_identify(install) by extensions ['ignore', 'ignore_ament_install']
[2.820s] Level 1:colcon.colcon_core.package_identification:_identify(install) by extension 'ignore'
[2.834s] Level 1:colcon.colcon_core.package_identification:_identify(install) ignored
[2.938s] Level 1:colcon.colcon_core.package_identification:_identify(log) by extensions ['ignore', 'ignore_ament_install']
[2.940s] Level 1:colcon.colcon_core.package_identification:_identify(log) by extension 'ignore'
[2.952s] Level 1:colcon.colcon_core.package_identification:_identify(log) ignored
[3.020s] Level 1:colcon.colcon_core.package_identification:_identify(src) by extensions ['ignore', 'ignore_ament_install']
[3.051s] Level 1:colcon.colcon_core.package_identification:_identify(src) by extension 'ignore'
[3.059s] Level 1:colcon.colcon_core.package_identification:_identify(src) by extension 'ignore_ament_install'
[3.142s] Level 1:colcon.colcon_core.package_identification:_identify(src) by extensions ['colcon_pkg']
[3.144s] Level 1:colcon.colcon_core.package_identification:_identify(src) by extension 'colcon_pkg'
[3.172s] Level 1:colcon.colcon_core.package_identification:_identify(src) by extensions ['colcon_meta']
[3.173s] Level 1:colcon.colcon_core.package_identification:_identify(src) by extension 'colcon_meta'
[3.196s] Level 1:colcon.colcon_core.package_identification:_identify(src) by extensions ['ros']
[3.198s] Level 1:colcon.colcon_core.package_identification:_identify(src) by extension 'ros'
[3.285s] Level 1:colcon.colcon_core.package_identification:_identify(src) by extensions ['cmake', 'python']
[3.286s] Level 1:colcon.colcon_core.package_identification:_identify(src) by extension 'cmake'
[3.301s] Level 1:colcon.colcon_core.package_identification:_identify(src) by extension 'python'
[3.308s] Level 1:colcon.colcon_core.package_identification:_identify(src) by extensions ['python_setup_py']
[3.311s] Level 1:colcon.colcon_core.package_identification:_identify(src) by extension 'python_setup_py'
[3.374s] Level 1:colcon.colcon_core.package_identification:_identify(src/robot_bringup) by extensions ['ignore', 'ignore_ament_install']
[3.377s] Level 1:colcon.colcon_core.package_identification:_identify(src/robot_bringup) by extension 'ignore'
[3.395s] Level 1:colcon.colcon_core.package_identification:_identify(src/robot_bringup) by extension 'ignore_ament_install'
[3.427s] Level 1:colcon.colcon_core.package_identification:_identify(src/robot_bringup) by extensions ['colcon_pkg']
[3.428s] Level 1:colcon.colcon_core.package_identification:_identify(src/robot_bringup) by extension 'colcon_pkg'
[3.450s] Level 1:colcon.colcon_core.package_identification:_identify(src/robot_bringup) by extensions ['colcon_meta']
[3.452s] Level 1:colcon.colcon_core.package_identification:_identify(src/robot_bringup) by extension 'colcon_meta'
[3.474s] Level 1:colcon.colcon_core.package_identification:_identify(src/robot_bringup) by extensions ['ros']
[3.476s] Level 1:colcon.colcon_core.package_identification:_identify(src/robot_bringup) by extension 'ros'
[3.637s] DEBUG:colcon.colcon_core.package_identification:Package 'src/robot_bringup' with type 'ros.ament_cmake' and name 'robot_bringup'
[3.695s] Level 1:colcon.colcon_core.package_identification:_identify(src/robot_description) by extensions ['ignore', 'ignore_ament_install']
[3.696s] Level 1:colcon.colcon_core.package_identification:_identify(src/robot_description) by extension 'ignore'
[3.717s] Level 1:colcon.colcon_core.package_identification:_identify(src/robot_description) by extension 'ignore_ament_install'
[3.748s] Level 1:colcon.colcon_core.package_identification:_identify(src/robot_description) by extensions ['colcon_pkg']
[3.750s] Level 1:colcon.colcon_core.package_identification:_identify(src/robot_description) by extension 'colcon_pkg'
[3.759s] Level 1:colcon.colcon_core.package_identification:_identify(src/robot_description) by extensions ['colcon_meta']
[3.760s] Level 1:colcon.colcon_core.package_identification:_identify(src/robot_description) by extension 'colcon_meta'
[3.780s] Level 1:colcon.colcon_core.package_identification:_identify(src/robot_description) by extensions ['ros']
[3.781s] Level 1:colcon.colcon_core.package_identification:_identify(src/robot_description) by extension 'ros'
[3.917s] DEBUG:colcon.colcon_core.package_identification:Package 'src/robot_description' with type 'ros.ament_cmake' and name 'robot_description'
[3.974s] Level 1:colcon.colcon_core.package_identification:_identify(src/robot_navigation) by extensions ['ignore', 'ignore_ament_install']
[3.978s] Level 1:colcon.colcon_core.package_identification:_identify(src/robot_navigation) by extension 'ignore'
[4.005s] Level 1:colcon.colcon_core.package_identification:_identify(src/robot_navigation) by extension 'ignore_ament_install'
[4.048s] Level 1:colcon.colcon_core.package_identification:_identify(src/robot_navigation) by extensions ['colcon_pkg']
[4.049s] Level 1:colcon.colcon_core.package_identification:_identify(src/robot_navigation) by extension 'colcon_pkg'
[4.073s] Level 1:colcon.colcon_core.package_identification:_identify(src/robot_navigation) by extensions ['colcon_meta']
[4.077s] Level 1:colcon.colcon_core.package_identification:_identify(src/robot_navigation) by extension 'colcon_meta'
[4.094s] Level 1:colcon.colcon_core.package_identification:_identify(src/robot_navigation) by extensions ['ros']
[4.097s] Level 1:colcon.colcon_core.package_identification:_identify(src/robot_navigation) by extension 'ros'
[4.267s] DEBUG:colcon.colcon_core.package_identification:Package 'src/robot_navigation' with type 'ros.ament_cmake' and name 'robot_navigation'
[4.301s] Level 1:colcon.colcon_core.package_identification:_identify(worlds) by extensions ['ignore', 'ignore_ament_install']
[4.302s] Level 1:colcon.colcon_core.package_identification:_identify(worlds) by extension 'ignore'
[4.318s] Level 1:colcon.colcon_core.package_identification:_identify(worlds) by extension 'ignore_ament_install'
[4.336s] Level 1:colcon.colcon_core.package_identification:_identify(worlds) by extensions ['colcon_pkg']
[4.339s] Level 1:colcon.colcon_core.package_identification:_identify(worlds) by extension 'colcon_pkg'
[4.361s] Level 1:colcon.colcon_core.package_identification:_identify(worlds) by extensions ['colcon_meta']
[4.364s] Level 1:colcon.colcon_core.package_identification:_identify(worlds) by extension 'colcon_meta'
[4.374s] Level 1:colcon.colcon_core.package_identification:_identify(worlds) by extensions ['ros']
[4.377s] Level 1:colcon.colcon_core.package_identification:_identify(worlds) by extension 'ros'
[4.425s] Level 1:colcon.colcon_core.package_identification:_identify(worlds) by extensions ['cmake', 'python']
[4.427s] Level 1:colcon.colcon_core.package_identification:_identify(worlds) by extension 'cmake'
[4.447s] Level 1:colcon.colcon_core.package_identification:_identify(worlds) by extension 'python'
[4.452s] Level 1:colcon.colcon_core.package_identification:_identify(worlds) by extensions ['python_setup_py']
[4.460s] Level 1:colcon.colcon_core.package_identification:_identify(worlds) by extension 'python_setup_py'
[4.464s] Level 1:colcon.colcon_core.package_discovery:discover_packages(recursive) using defaults
[4.466s] Level 1:colcon.colcon_core.package_discovery:discover_packages(ignore) discover
[4.468s] Level 1:colcon.colcon_core.package_discovery:discover_packages(ignore) using defaults
[4.469s] Level 1:colcon.colcon_core.package_discovery:discover_packages(path) discover
[4.471s] Level 1:colcon.colcon_core.package_discovery:discover_packages(path) using defaults
[4.744s] Level 1:colcon.colcon_core.package_discovery:discover_packages(prefix_path) check parameters
[4.746s] Level 1:colcon.colcon_core.package_discovery:discover_packages(prefix_path) discover
[4.783s] DEBUG:colcon.colcon_installed_package_information.package_discovery:Found 390 installed packages in /opt/ros/jazzy
[4.822s] Level 1:colcon.colcon_core.package_discovery:discover_packages(prefix_path) using defaults
[5.107s] Level 5:colcon.colcon_core.verb:set package 'robot_description' build argument 'cmake_args' from command line to 'None'
[5.108s] Level 5:colcon.colcon_core.verb:set package 'robot_description' build argument 'cmake_target' from command line to 'None'
[5.109s] Level 5:colcon.colcon_core.verb:set package 'robot_description' build argument 'cmake_target_skip_unavailable' from command line to 'False'
[5.111s] Level 5:colcon.colcon_core.verb:set package 'robot_description' build argument 'cmake_clean_cache' from command line to 'False'
[5.112s] Level 5:colcon.colcon_core.verb:set package 'robot_description' build argument 'cmake_clean_first' from command line to 'False'
[5.118s] Level 5:colcon.colcon_core.verb:set package 'robot_description' build argument 'cmake_force_configure' from command line to 'False'
[5.119s] Level 5:colcon.colcon_core.verb:set package 'robot_description' build argument 'ament_cmake_args' from command line to 'None'
[5.122s] Level 5:colcon.colcon_core.verb:set package 'robot_description' build argument 'catkin_cmake_args' from command line to 'None'
[5.125s] Level 5:colcon.colcon_core.verb:set package 'robot_description' build argument 'catkin_skip_building_tests' from command line to 'False'
[5.127s] DEBUG:colcon.colcon_core.verb:Building package 'robot_description' with the following arguments: {'ament_cmake_args': None, 'build_base': '/mnt/c/Users/nanda/Downloads/ros2_ws/build/robot_description', 'catkin_cmake_args': None, 'catkin_skip_building_tests': False, 'cmake_args': None, 'cmake_clean_cache': False, 'cmake_clean_first': False, 'cmake_force_configure': False, 'cmake_target': None, 'cmake_target_skip_unavailable': False, 'install_base': '/mnt/c/Users/nanda/Downloads/ros2_ws/install/robot_description', 'merge_install': False, 'path': '/mnt/c/Users/nanda/Downloads/ros2_ws/src/robot_description', 'symlink_install': True, 'test_result_base': None}
[5.128s] Level 5:colcon.colcon_core.verb:set package 'robot_navigation' build argument 'cmake_args' from command line to 'None'
[5.131s] Level 5:colcon.colcon_core.verb:set package 'robot_navigation' build argument 'cmake_target' from command line to 'None'
[5.148s] Level 5:colcon.colcon_core.verb:set package 'robot_navigation' build argument 'cmake_target_skip_unavailable' from command line to 'False'
[5.153s] Level 5:colcon.colcon_core.verb:set package 'robot_navigation' build argument 'cmake_clean_cache' from command line to 'False'
[5.159s] Level 5:colcon.colcon_core.verb:set package 'robot_navigation' build argument 'cmake_clean_first' from command line to 'False'
[5.160s] Level 5:colcon.colcon_core.verb:set package 'robot_navigation' build argument 'cmake_force_configure' from command line to 'False'
[5.161s] Level 5:colcon.colcon_core.verb:set package 'robot_navigation' build argument 'ament_cmake_args' from command line to 'None'
[5.162s] Level 5:colcon.colcon_core.verb:set package 'robot_navigation' build argument 'catkin_cmake_args' from command line to 'None'
[5.166s] Level 5:colcon.colcon_core.verb:set package 'robot_navigation' build argument 'catkin_skip_building_tests' from command line to 'False'
[5.168s] DEBUG:colcon.colcon_core.verb:Building package 'robot_navigation' with the following arguments: {'ament_cmake_args': None, 'build_base': '/mnt/c/Users/nanda/Downloads/ros2_ws/build/robot_navigation', 'catkin_cmake_args': None, 'catkin_skip_building_tests': False, 'cmake_args': None, 'cmake_clean_cache': False, 'cmake_clean_first': False, 'cmake_force_configure': False, 'cmake_target': None, 'cmake_target_skip_unavailable': False, 'install_base': '/mnt/c/Users/nanda/Downloads/ros2_ws/install/robot_navigation', 'merge_install': False, 'path': '/mnt/c/Users/nanda/Downloads/ros2_ws/src/robot_navigation', 'symlink_install': True, 'test_result_base': None}
[5.172s] Level 5:colcon.colcon_core.verb:set package 'robot_bringup' build argument 'cmake_args' from command line to 'None'
[5.173s] Level 5:colcon.colcon_core.verb:set package 'robot_bringup' build argument 'cmake_target' from command line to 'None'
[5.174s] Level 5:colcon.colcon_core.verb:set package 'robot_bringup' build argument 'cmake_target_skip_unavailable' from command line to 'False'
[5.175s] Level 5:colcon.colcon_core.verb:set package 'robot_bringup' build argument 'cmake_clean_cache' from command line to 'False'
[5.176s] Level 5:colcon.colcon_core.verb:set package 'robot_bringup' build argument 'cmake_clean_first' from command line to 'False'
[5.177s] Level 5:colcon.colcon_core.verb:set package 'robot_bringup' build argument 'cmake_force_configure' from command line to 'False'
[5.178s] Level 5:colcon.colcon_core.verb:set package 'robot_bringup' build argument 'ament_cmake_args' from command line to 'None'
[5.178s] Level 5:colcon.colcon_core.verb:set package 'robot_bringup' build argument 'catkin_cmake_args' from command line to 'None'
[5.179s] Level 5:colcon.colcon_core.verb:set package 'robot_bringup' build argument 'catkin_skip_building_tests' from command line to 'False'
[5.181s] DEBUG:colcon.colcon_core.verb:Building package 'robot_bringup' with the following arguments: {'ament_cmake_args': None, 'build_base': '/mnt/c/Users/nanda/Downloads/ros2_ws/build/robot_bringup', 'catkin_cmake_args': None, 'catkin_skip_building_tests': False, 'cmake_args': None, 'cmake_clean_cache': False, 'cmake_clean_first': False, 'cmake_force_configure': False, 'cmake_target': None, 'cmake_target_skip_unavailable': False, 'install_base': '/mnt/c/Users/nanda/Downloads/ros2_ws/install/robot_bringup', 'merge_install': False, 'path': '/mnt/c/Users/nanda/Downloads/ros2_ws/src/robot_bringup', 'symlink_install': True, 'test_result_base': None}
[5.183s] INFO:colcon.colcon_core.executor:Executing jobs using 'parallel' executor
[5.190s] DEBUG:colcon.colcon_parallel_executor.executor.parallel:run_until_complete
[5.192s] INFO:colcon.colcon_ros.task.ament_cmake.build:Building ROS package in '/mnt/c/Users/nanda/Downloads/ros2_ws/src/robot_description' with build type 'ament_cmake'
[5.196s] INFO:colcon.colcon_cmake.task.cmake.build:Building CMake package in '/mnt/c/Users/nanda/Downloads/ros2_ws/src/robot_description'
[5.215s] INFO:colcon.colcon_core.plugin_system:Skipping extension 'colcon_core.shell.bat': Not used on non-Windows systems
[5.219s] INFO:colcon.colcon_core.shell:Skip shell extension 'powershell' for command environment: Not usable outside of PowerShell
[5.234s] DEBUG:colcon.colcon_core.shell:Skip shell extension 'dsv' for command environment
[5.355s] INFO:colcon.colcon_ros.task.ament_cmake.build:Building ROS package in '/mnt/c/Users/nanda/Downloads/ros2_ws/src/robot_navigation' with build type 'ament_cmake'
[5.356s] INFO:colcon.colcon_cmake.task.cmake.build:Building CMake package in '/mnt/c/Users/nanda/Downloads/ros2_ws/src/robot_navigation'
[5.358s] INFO:colcon.colcon_core.shell:Skip shell extension 'powershell' for command environment: Not usable outside of PowerShell
[5.360s] DEBUG:colcon.colcon_core.shell:Skip shell extension 'dsv' for command environment
[6.089s] DEBUG:colcon.colcon_core.event_handler.log_command:Invoking command in '/mnt/c/Users/nanda/Downloads/ros2_ws/build/robot_description': CMAKE_PREFIX_PATH=${CMAKE_PREFIX_PATH}:/opt/ros/jazzy /usr/bin/cmake --build /mnt/c/Users/nanda/Downloads/ros2_ws/build/robot_description -- -j12 -l12
[6.380s] DEBUG:colcon.colcon_core.event_handler.log_command:Invoking command in '/mnt/c/Users/nanda/Downloads/ros2_ws/build/robot_navigation': CMAKE_PREFIX_PATH=${CMAKE_PREFIX_PATH}:/opt/ros/jazzy /usr/bin/cmake --build /mnt/c/Users/nanda/Downloads/ros2_ws/build/robot_navigation -- -j12 -l12
[7.915s] DEBUG:colcon.colcon_core.event_handler.log_command:Invoked command in '/mnt/c/Users/nanda/Downloads/ros2_ws/build/robot_description' returned '0': CMAKE_PREFIX_PATH=${CMAKE_PREFIX_PATH}:/opt/ros/jazzy /usr/bin/cmake --build /mnt/c/Users/nanda/Downloads/ros2_ws/build/robot_description -- -j12 -l12
[8.355s] DEBUG:colcon.colcon_core.event_handler.log_command:Invoking command in '/mnt/c/Users/nanda/Downloads/ros2_ws/build/robot_description': CMAKE_PREFIX_PATH=${CMAKE_PREFIX_PATH}:/opt/ros/jazzy /usr/bin/cmake --install /mnt/c/Users/nanda/Downloads/ros2_ws/build/robot_description
[8.371s] DEBUG:colcon.colcon_core.event_handler.log_command:Invoked command in '/mnt/c/Users/nanda/Downloads/ros2_ws/build/robot_navigation' returned '0': CMAKE_PREFIX_PATH=${CMAKE_PREFIX_PATH}:/opt/ros/jazzy /usr/bin/cmake --build /mnt/c/Users/nanda/Downloads/ros2_ws/build/robot_navigation -- -j12 -l12
[8.726s] DEBUG:colcon.colcon_core.event_handler.log_command:Invoking command in '/mnt/c/Users/nanda/Downloads/ros2_ws/build/robot_navigation': CMAKE_PREFIX_PATH=${CMAKE_PREFIX_PATH}:/opt/ros/jazzy /usr/bin/cmake --install /mnt/c/Users/nanda/Downloads/ros2_ws/build/robot_navigation
[16.754s] Level 1:colcon.colcon_core.environment:create_environment_scripts_only(robot_description)
[16.773s] Level 1:colcon.colcon_core.environment:checking '/mnt/c/Users/nanda/Downloads/ros2_ws/install/robot_description' for CMake module files
[16.790s] DEBUG:colcon.colcon_core.event_handler.log_command:Invoked command in '/mnt/c/Users/nanda/Downloads/ros2_ws/build/robot_description' returned '0': CMAKE_PREFIX_PATH=${CMAKE_PREFIX_PATH}:/opt/ros/jazzy /usr/bin/cmake --install /mnt/c/Users/nanda/Downloads/ros2_ws/build/robot_description
[18.582s] Level 1:colcon.colcon_core.environment:checking '/mnt/c/Users/nanda/Downloads/ros2_ws/install/robot_description' for CMake config files
[20.037s] Level 1:colcon.colcon_core.shell:create_environment_hook('robot_description', 'cmake_prefix_path')
[20.041s] INFO:colcon.colcon_core.shell:Creating environment hook '/mnt/c/Users/nanda/Downloads/ros2_ws/install/robot_description/share/robot_description/hook/cmake_prefix_path.ps1'
[20.191s] INFO:colcon.colcon_core.shell:Creating environment descriptor '/mnt/c/Users/nanda/Downloads/ros2_ws/install/robot_description/share/robot_description/hook/cmake_prefix_path.dsv'
[20.291s] INFO:colcon.colcon_core.shell:Creating environment hook '/mnt/c/Users/nanda/Downloads/ros2_ws/install/robot_description/share/robot_description/hook/cmake_prefix_path.sh'
[20.435s] Level 1:colcon.colcon_core.environment:checking '/mnt/c/Users/nanda/Downloads/ros2_ws/install/robot_description/bin'
[20.453s] Level 1:colcon.colcon_core.environment:checking '/mnt/c/Users/nanda/Downloads/ros2_ws/install/robot_description/lib/pkgconfig/robot_description.pc'
[20.462s] Level 1:colcon.colcon_core.environment:checking '/mnt/c/Users/nanda/Downloads/ros2_ws/install/robot_description/lib/python3.12/site-packages'
[20.481s] Level 1:colcon.colcon_core.environment:checking '/mnt/c/Users/nanda/Downloads/ros2_ws/install/robot_description/bin'
[20.505s] INFO:colcon.colcon_core.shell:Creating package script '/mnt/c/Users/nanda/Downloads/ros2_ws/install/robot_description/share/robot_description/package.ps1'
[20.682s] INFO:colcon.colcon_core.shell:Creating package descriptor '/mnt/c/Users/nanda/Downloads/ros2_ws/install/robot_description/share/robot_description/package.dsv'
[20.855s] INFO:colcon.colcon_core.shell:Creating package script '/mnt/c/Users/nanda/Downloads/ros2_ws/install/robot_description/share/robot_description/package.sh'
[20.353s] INFO:colcon.colcon_core.shell:Creating package script '/mnt/c/Users/nanda/Downloads/ros2_ws/install/robot_description/share/robot_description/package.bash'
[20.545s] INFO:colcon.colcon_core.shell:Creating package script '/mnt/c/Users/nanda/Downloads/ros2_ws/install/robot_description/share/robot_description/package.zsh'
[19.508s] Level 1:colcon.colcon_core.environment:create_file_with_runtime_dependencies(/mnt/c/Users/nanda/Downloads/ros2_ws/install/robot_description/share/colcon-core/packages/robot_description)
[19.877s] Level 1:colcon.colcon_core.environment:create_environment_scripts_only(robot_description)
[19.882s] Level 1:colcon.colcon_core.environment:checking '/mnt/c/Users/nanda/Downloads/ros2_ws/install/robot_description' for CMake module files
[21.329s] Level 1:colcon.colcon_core.environment:checking '/mnt/c/Users/nanda/Downloads/ros2_ws/install/robot_description' for CMake config files
[22.969s] Level 1:colcon.colcon_core.shell:create_environment_hook('robot_description', 'cmake_prefix_path')
[22.978s] INFO:colcon.colcon_core.shell:Creating environment hook '/mnt/c/Users/nanda/Downloads/ros2_ws/install/robot_description/share/robot_description/hook/cmake_prefix_path.ps1'
[23.128s] INFO:colcon.colcon_core.shell:Creating environment descriptor '/mnt/c/Users/nanda/Downloads/ros2_ws/install/robot_description/share/robot_description/hook/cmake_prefix_path.dsv'
[23.309s] INFO:colcon.colcon_core.shell:Creating environment hook '/mnt/c/Users/nanda/Downloads/ros2_ws/install/robot_description/share/robot_description/hook/cmake_prefix_path.sh'
[23.564s] Level 1:colcon.colcon_core.environment:checking '/mnt/c/Users/nanda/Downloads/ros2_ws/install/robot_description/bin'
[23.578s] Level 1:colcon.colcon_core.environment:checking '/mnt/c/Users/nanda/Downloads/ros2_ws/install/robot_description/lib/pkgconfig/robot_description.pc'
[23.596s] Level 1:colcon.colcon_core.environment:checking '/mnt/c/Users/nanda/Downloads/ros2_ws/install/robot_description/lib/python3.12/site-packages'
[23.622s] Level 1:colcon.colcon_core.environment:checking '/mnt/c/Users/nanda/Downloads/ros2_ws/install/robot_description/bin'
[23.651s] INFO:colcon.colcon_core.shell:Creating package script '/mnt/c/Users/nanda/Downloads/ros2_ws/install/robot_description/share/robot_description/package.ps1'
[23.794s] INFO:colcon.colcon_core.shell:Creating package descriptor '/mnt/c/Users/nanda/Downloads/ros2_ws/install/robot_description/share/robot_description/package.dsv'
[23.964s] INFO:colcon.colcon_core.shell:Creating package script '/mnt/c/Users/nanda/Downloads/ros2_ws/install/robot_description/share/robot_description/package.sh'
[24.124s] INFO:colcon.colcon_core.shell:Creating package script '/mnt/c/Users/nanda/Downloads/ros2_ws/install/robot_description/share/robot_description/package.bash'
[24.281s] INFO:colcon.colcon_core.shell:Creating package script '/mnt/c/Users/nanda/Downloads/ros2_ws/install/robot_description/share/robot_description/package.zsh'
[24.401s] Level 1:colcon.colcon_core.environment:create_file_with_runtime_dependencies(/mnt/c/Users/nanda/Downloads/ros2_ws/install/robot_description/share/colcon-core/packages/robot_description)
[24.542s] Level 1:colcon.colcon_core.environment:create_environment_scripts_only(robot_navigation)
[24.559s] Level 1:colcon.colcon_core.environment:checking '/mnt/c/Users/nanda/Downloads/ros2_ws/install/robot_navigation' for CMake module files
[24.687s] DEBUG:colcon.colcon_core.event_handler.log_command:Invoked command in '/mnt/c/Users/nanda/Downloads/ros2_ws/build/robot_navigation' returned '0': CMAKE_PREFIX_PATH=${CMAKE_PREFIX_PATH}:/opt/ros/jazzy /usr/bin/cmake --install /mnt/c/Users/nanda/Downloads/ros2_ws/build/robot_navigation
[26.554s] Level 1:colcon.colcon_core.environment:checking '/mnt/c/Users/nanda/Downloads/ros2_ws/install/robot_navigation' for CMake config files
[28.100s] Level 1:colcon.colcon_core.shell:create_environment_hook('robot_navigation', 'cmake_prefix_path')
[28.105s] INFO:colcon.colcon_core.shell:Creating environment hook '/mnt/c/Users/nanda/Downloads/ros2_ws/install/robot_navigation/share/robot_navigation/hook/cmake_prefix_path.ps1'
[28.326s] INFO:colcon.colcon_core.shell:Creating environment descriptor '/mnt/c/Users/nanda/Downloads/ros2_ws/install/robot_navigation/share/robot_navigation/hook/cmake_prefix_path.dsv'
[28.850s] INFO:colcon.colcon_core.shell:Creating environment hook '/mnt/c/Users/nanda/Downloads/ros2_ws/install/robot_navigation/share/robot_navigation/hook/cmake_prefix_path.sh'
[29.099s] Level 1:colcon.colcon_core.environment:checking '/mnt/c/Users/nanda/Downloads/ros2_ws/install/robot_navigation/bin'
[29.127s] Level 1:colcon.colcon_core.environment:checking '/mnt/c/Users/nanda/Downloads/ros2_ws/install/robot_navigation/lib/pkgconfig/robot_navigation.pc'
[29.146s] Level 1:colcon.colcon_core.environment:checking '/mnt/c/Users/nanda/Downloads/ros2_ws/install/robot_navigation/lib/python3.12/site-packages'
[29.198s] Level 1:colcon.colcon_core.environment:checking '/mnt/c/Users/nanda/Downloads/ros2_ws/install/robot_navigation/bin'
[29.222s] INFO:colcon.colcon_core.shell:Creating package script '/mnt/c/Users/nanda/Downloads/ros2_ws/install/robot_navigation/share/robot_navigation/package.ps1'
[29.391s] INFO:colcon.colcon_core.shell:Creating package descriptor '/mnt/c/Users/nanda/Downloads/ros2_ws/install/robot_navigation/share/robot_navigation/package.dsv'
[29.507s] INFO:colcon.colcon_core.shell:Creating package script '/mnt/c/Users/nanda/Downloads/ros2_ws/install/robot_navigation/share/robot_navigation/package.sh'
[29.596s] INFO:colcon.colcon_core.shell:Creating package script '/mnt/c/Users/nanda/Downloads/ros2_ws/install/robot_navigation/share/robot_navigation/package.bash'
[29.695s] INFO:colcon.colcon_core.shell:Creating package script '/mnt/c/Users/nanda/Downloads/ros2_ws/install/robot_navigation/share/robot_navigation/package.zsh'
[29.831s] Level 1:colcon.colcon_core.environment:create_file_with_runtime_dependencies(/mnt/c/Users/nanda/Downloads/ros2_ws/install/robot_navigation/share/colcon-core/packages/robot_navigation)
[30.117s] Level 1:colcon.colcon_core.environment:create_environment_scripts_only(robot_navigation)
[30.121s] Level 1:colcon.colcon_core.environment:checking '/mnt/c/Users/nanda/Downloads/ros2_ws/install/robot_navigation' for CMake module files
[31.636s] Level 1:colcon.colcon_core.environment:checking '/mnt/c/Users/nanda/Downloads/ros2_ws/install/robot_navigation' for CMake config files
[33.191s] Level 1:colcon.colcon_core.shell:create_environment_hook('robot_navigation', 'cmake_prefix_path')
[33.201s] INFO:colcon.colcon_core.shell:Creating environment hook '/mnt/c/Users/nanda/Downloads/ros2_ws/install/robot_navigation/share/robot_navigation/hook/cmake_prefix_path.ps1'
[33.363s] INFO:colcon.colcon_core.shell:Creating environment descriptor '/mnt/c/Users/nanda/Downloads/ros2_ws/install/robot_navigation/share/robot_navigation/hook/cmake_prefix_path.dsv'
[33.567s] INFO:colcon.colcon_core.shell:Creating environment hook '/mnt/c/Users/nanda/Downloads/ros2_ws/install/robot_navigation/share/robot_navigation/hook/cmake_prefix_path.sh'
[33.782s] Level 1:colcon.colcon_core.environment:checking '/mnt/c/Users/nanda/Downloads/ros2_ws/install/robot_navigation/bin'
[33.788s] Level 1:colcon.colcon_core.environment:checking '/mnt/c/Users/nanda/Downloads/ros2_ws/install/robot_navigation/lib/pkgconfig/robot_navigation.pc'
[33.794s] Level 1:colcon.colcon_core.environment:checking '/mnt/c/Users/nanda/Downloads/ros2_ws/install/robot_navigation/lib/python3.12/site-packages'
[33.826s] Level 1:colcon.colcon_core.environment:checking '/mnt/c/Users/nanda/Downloads/ros2_ws/install/robot_navigation/bin'
[33.850s] INFO:colcon.colcon_core.shell:Creating package script '/mnt/c/Users/nanda/Downloads/ros2_ws/install/robot_navigation/share/robot_navigation/package.ps1'
[34.049s] INFO:colcon.colcon_core.shell:Creating package descriptor '/mnt/c/Users/nanda/Downloads/ros2_ws/install/robot_navigation/share/robot_navigation/package.dsv'
[34.201s] INFO:colcon.colcon_core.shell:Creating package script '/mnt/c/Users/nanda/Downloads/ros2_ws/install/robot_navigation/share/robot_navigation/package.sh'
[34.344s] INFO:colcon.colcon_core.shell:Creating package script '/mnt/c/Users/nanda/Downloads/ros2_ws/install/robot_navigation/share/robot_navigation/package.bash'
[34.520s] INFO:colcon.colcon_core.shell:Creating package script '/mnt/c/Users/nanda/Downloads/ros2_ws/install/robot_navigation/share/robot_navigation/package.zsh'
[34.714s] Level 1:colcon.colcon_core.environment:create_file_with_runtime_dependencies(/mnt/c/Users/nanda/Downloads/ros2_ws/install/robot_navigation/share/colcon-core/packages/robot_navigation)
[34.831s] INFO:colcon.colcon_ros.task.ament_cmake.build:Building ROS package in '/mnt/c/Users/nanda/Downloads/ros2_ws/src/robot_bringup' with build type 'ament_cmake'
[34.833s] INFO:colcon.colcon_cmake.task.cmake.build:Building CMake package in '/mnt/c/Users/nanda/Downloads/ros2_ws/src/robot_bringup'
[34.842s] INFO:colcon.colcon_core.shell:Skip shell extension 'powershell' for command environment: Not usable outside of PowerShell
[34.845s] DEBUG:colcon.colcon_core.shell:Skip shell extension 'dsv' for command environment
[37.604s] DEBUG:colcon.colcon_core.event_handler.log_command:Invoking command in '/mnt/c/Users/nanda/Downloads/ros2_ws/build/robot_bringup': AMENT_PREFIX_PATH=/mnt/c/Users/nanda/Downloads/ros2_ws/install/robot_navigation:/mnt/c/Users/nanda/Downloads/ros2_ws/install/robot_description:${AMENT_PREFIX_PATH} CMAKE_PREFIX_PATH=/mnt/c/Users/nanda/Downloads/ros2_ws/install/robot_navigation:/mnt/c/Users/nanda/Downloads/ros2_ws/install/robot_description:/opt/ros/jazzy/opt/gz_sim_vendor:/opt/ros/jazzy/opt/gz_sensors_vendor:/opt/ros/jazzy/opt/gz_physics_vendor:/opt/ros/jazzy/opt/sdformat_vendor:/opt/ros/jazzy/opt/gz_gui_vendor:/opt/ros/jazzy/opt/gz_transport_vendor:/opt/ros/jazzy/opt/gz_rendering_vendor:/opt/ros/jazzy/opt/gz_plugin_vendor:/opt/ros/jazzy/opt/gz_fuel_tools_vendor:/opt/ros/jazzy/opt/gz_msgs_vendor:/opt/ros/jazzy/opt/gz_common_vendor:/opt/ros/jazzy/opt/gz_math_vendor:/opt/ros/jazzy/opt/gz_utils_vendor:/opt/ros/jazzy/opt/gz_tools_vendor:/opt/ros/jazzy/opt/gz_ogre_next_vendor:/opt/ros/jazzy/opt/gz_dartsim_vendor:/opt/ros/jazzy/opt/gz_cmake_vendor:/opt/ros/jazzy /usr/bin/cmake --build /mnt/c/Users/nanda/Downloads/ros2_ws/build/robot_bringup -- -j12 -l12
[39.323s] DEBUG:colcon.colcon_core.event_handler.log_command:Invoked command in '/mnt/c/Users/nanda/Downloads/ros2_ws/build/robot_bringup' returned '0': AMENT_PREFIX_PATH=/mnt/c/Users/nanda/Downloads/ros2_ws/install/robot_navigation:/mnt/c/Users/nanda/Downloads/ros2_ws/install/robot_description:${AMENT_PREFIX_PATH} CMAKE_PREFIX_PATH=/mnt/c/Users/nanda/Downloads/ros2_ws/install/robot_navigation:/mnt/c/Users/nanda/Downloads/ros2_ws/install/robot_description:/opt/ros/jazzy/opt/gz_sim_vendor:/opt/ros/jazzy/opt/gz_sensors_vendor:/opt/ros/jazzy/opt/gz_physics_vendor:/opt/ros/jazzy/opt/sdformat_vendor:/opt/ros/jazzy/opt/gz_gui_vendor:/opt/ros/jazzy/opt/gz_transport_vendor:/opt/ros/jazzy/opt/gz_rendering_vendor:/opt/ros/jazzy/opt/gz_plugin_vendor:/opt/ros/jazzy/opt/gz_fuel_tools_vendor:/opt/ros/jazzy/opt/gz_msgs_vendor:/opt/ros/jazzy/opt/gz_common_vendor:/opt/ros/jazzy/opt/gz_math_vendor:/opt/ros/jazzy/opt/gz_utils_vendor:/opt/ros/jazzy/opt/gz_tools_vendor:/opt/ros/jazzy/opt/gz_ogre_next_vendor:/opt/ros/jazzy/opt/gz_dartsim_vendor:/opt/ros/jazzy/opt/gz_cmake_vendor:/opt/ros/jazzy /usr/bin/cmake --build /mnt/c/Users/nanda/Downloads/ros2_ws/build/robot_bringup -- -j12 -l12
[39.677s] DEBUG:colcon.colcon_core.event_handler.log_command:Invoking command in '/mnt/c/Users/nanda/Downloads/ros2_ws/build/robot_bringup': AMENT_PREFIX_PATH=/mnt/c/Users/nanda/Downloads/ros2_ws/install/robot_navigation:/mnt/c/Users/nanda/Downloads/ros2_ws/install/robot_description:${AMENT_PREFIX_PATH} CMAKE_PREFIX_PATH=/mnt/c/Users/nanda/Downloads/ros2_ws/install/robot_navigation:/mnt/c/Users/nanda/Downloads/ros2_ws/install/robot_description:/opt/ros/jazzy/opt/gz_sim_vendor:/opt/ros/jazzy/opt/gz_sensors_vendor:/opt/ros/jazzy/opt/gz_physics_vendor:/opt/ros/jazzy/opt/sdformat_vendor:/opt/ros/jazzy/opt/gz_gui_vendor:/opt/ros/jazzy/opt/gz_transport_vendor:/opt/ros/jazzy/opt/gz_rendering_vendor:/opt/ros/jazzy/opt/gz_plugin_vendor:/opt/ros/jazzy/opt/gz_fuel_tools_vendor:/opt/ros/jazzy/opt/gz_msgs_vendor:/opt/ros/jazzy/opt/gz_common_vendor:/opt/ros/jazzy/opt/gz_math_vendor:/opt/ros/jazzy/opt/gz_utils_vendor:/opt/ros/jazzy/opt/gz_tools_vendor:/opt/ros/jazzy/opt/gz_ogre_next_vendor:/opt/ros/jazzy/opt/gz_dartsim_vendor:/opt/ros/jazzy/opt/gz_cmake_vendor:/opt/ros/jazzy /usr/bin/cmake --install /mnt/c/Users/nanda/Downloads/ros2_ws/build/robot_bringup
[47.770s] Level 1:colcon.colcon_core.environment:create_environment_scripts_only(robot_bringup)
[47.781s] Level 1:colcon.colcon_core.environment:checking '/mnt/c/Users/nanda/Downloads/ros2_ws/install/robot_bringup' for CMake module files
[47.789s] DEBUG:colcon.colcon_core.event_handler.log_command:Invoked command in '/mnt/c/Users/nanda/Downloads/ros2_ws/build/robot_bringup' returned '0': AMENT_PREFIX_PATH=/mnt/c/Users/nanda/Downloads/ros2_ws/install/robot_navigation:/mnt/c/Users/nanda/Downloads/ros2_ws/install/robot_description:${AMENT_PREFIX_PATH} CMAKE_PREFIX_PATH=/mnt/c/Users/nanda/Downloads/ros2_ws/install/robot_navigation:/mnt/c/Users/nanda/Downloads/ros2_ws/install/robot_description:/opt/ros/jazzy/opt/gz_sim_vendor:/opt/ros/jazzy/opt/gz_sensors_vendor:/opt/ros/jazzy/opt/gz_physics_vendor:/opt/ros/jazzy/opt/sdformat_vendor:/opt/ros/jazzy/opt/gz_gui_vendor:/opt/ros/jazzy/opt/gz_transport_vendor:/opt/ros/jazzy/opt/gz_rendering_vendor:/opt/ros/jazzy/opt/gz_plugin_vendor:/opt/ros/jazzy/opt/gz_fuel_tools_vendor:/opt/ros/jazzy/opt/gz_msgs_vendor:/opt/ros/jazzy/opt/gz_common_vendor:/opt/ros/jazzy/opt/gz_math_vendor:/opt/ros/jazzy/opt/gz_utils_vendor:/opt/ros/jazzy/opt/gz_tools_vendor:/opt/ros/jazzy/opt/gz_ogre_next_vendor:/opt/ros/jazzy/opt/gz_dartsim_vendor:/opt/ros/jazzy/opt/gz_cmake_vendor:/opt/ros/jazzy /usr/bin/cmake --install /mnt/c/Users/nanda/Downloads/ros2_ws/build/robot_bringup
[47.890s] Level 1:colcon.colcon_core.environment:checking '/mnt/c/Users/nanda/Downloads/ros2_ws/install/robot_bringup' for CMake config files
[49.421s] Level 1:colcon.colcon_core.shell:create_environment_hook('robot_bringup', 'cmake_prefix_path')
[49.422s] INFO:colcon.colcon_core.shell:Creating environment hook '/mnt/c/Users/nanda/Downloads/ros2_ws/install/robot_bringup/share/robot_bringup/hook/cmake_prefix_path.ps1'
[49.637s] INFO:colcon.colcon_core.shell:Creating environment descriptor '/mnt/c/Users/nanda/Downloads/ros2_ws/install/robot_bringup/share/robot_bringup/hook/cmake_prefix_path.dsv'
[49.846s] INFO:colcon.colcon_core.shell:Creating environment hook '/mnt/c/Users/nanda/Downloads/ros2_ws/install/robot_bringup/share/robot_bringup/hook/cmake_prefix_path.sh'
[50.071s] Level 1:colcon.colcon_core.environment:checking '/mnt/c/Users/nanda/Downloads/ros2_ws/install/robot_bringup/lib'
[50.110s] Level 1:colcon.colcon_core.environment:checking '/mnt/c/Users/nanda/Downloads/ros2_ws/install/robot_bringup/bin'
[50.128s] Level 1:colcon.colcon_core.environment:checking '/mnt/c/Users/nanda/Downloads/ros2_ws/install/robot_bringup/lib/pkgconfig/robot_bringup.pc'
[50.154s] Level 1:colcon.colcon_core.environment:checking '/mnt/c/Users/nanda/Downloads/ros2_ws/install/robot_bringup/lib/python3.12/site-packages'
[50.183s] Level 1:colcon.colcon_core.environment:checking '/mnt/c/Users/nanda/Downloads/ros2_ws/install/robot_bringup/bin'
[50.198s] INFO:colcon.colcon_core.shell:Creating package script '/mnt/c/Users/nanda/Downloads/ros2_ws/install/robot_bringup/share/robot_bringup/package.ps1'
[50.359s] INFO:colcon.colcon_core.shell:Creating package descriptor '/mnt/c/Users/nanda/Downloads/ros2_ws/install/robot_bringup/share/robot_bringup/package.dsv'
[50.539s] INFO:colcon.colcon_core.shell:Creating package script '/mnt/c/Users/nanda/Downloads/ros2_ws/install/robot_bringup/share/robot_bringup/package.sh'
[50.764s] INFO:colcon.colcon_core.shell:Creating package script '/mnt/c/Users/nanda/Downloads/ros2_ws/install/robot_bringup/share/robot_bringup/package.bash'
[51.005s] INFO:colcon.colcon_core.shell:Creating package script '/mnt/c/Users/nanda/Downloads/ros2_ws/install/robot_bringup/share/robot_bringup/package.zsh'
[51.267s] Level 1:colcon.colcon_core.environment:create_file_with_runtime_dependencies(/mnt/c/Users/nanda/Downloads/ros2_ws/install/robot_bringup/share/colcon-core/packages/robot_bringup)
[51.775s] Level 1:colcon.colcon_core.environment:create_environment_scripts_only(robot_bringup)
[51.777s] Level 1:colcon.colcon_core.environment:checking '/mnt/c/Users/nanda/Downloads/ros2_ws/install/robot_bringup' for CMake module files
[53.748s] Level 1:colcon.colcon_core.environment:checking '/mnt/c/Users/nanda/Downloads/ros2_ws/install/robot_bringup' for CMake config files
[55.584s] Level 1:colcon.colcon_core.shell:create_environment_hook('robot_bringup', 'cmake_prefix_path')
[55.590s] INFO:colcon.colcon_core.shell:Creating environment hook '/mnt/c/Users/nanda/Downloads/ros2_ws/install/robot_bringup/share/robot_bringup/hook/cmake_prefix_path.ps1'
[55.829s] INFO:colcon.colcon_core.shell:Creating environment descriptor '/mnt/c/Users/nanda/Downloads/ros2_ws/install/robot_bringup/share/robot_bringup/hook/cmake_prefix_path.dsv'
[55.987s] INFO:colcon.colcon_core.shell:Creating environment hook '/mnt/c/Users/nanda/Downloads/ros2_ws/install/robot_bringup/share/robot_bringup/hook/cmake_prefix_path.sh'
[56.220s] Level 1:colcon.colcon_core.environment:checking '/mnt/c/Users/nanda/Downloads/ros2_ws/install/robot_bringup/lib'
[56.257s] Level 1:colcon.colcon_core.environment:checking '/mnt/c/Users/nanda/Downloads/ros2_ws/install/robot_bringup/bin'
[56.276s] Level 1:colcon.colcon_core.environment:checking '/mnt/c/Users/nanda/Downloads/ros2_ws/install/robot_bringup/lib/pkgconfig/robot_bringup.pc'
[56.340s] Level 1:colcon.colcon_core.environment:checking '/mnt/c/Users/nanda/Downloads/ros2_ws/install/robot_bringup/lib/python3.12/site-packages'
[56.382s] Level 1:colcon.colcon_core.environment:checking '/mnt/c/Users/nanda/Downloads/ros2_ws/install/robot_bringup/bin'
[56.402s] INFO:colcon.colcon_core.shell:Creating package script '/mnt/c/Users/nanda/Downloads/ros2_ws/install/robot_bringup/share/robot_bringup/package.ps1'
[56.589s] INFO:colcon.colcon_core.shell:Creating package descriptor '/mnt/c/Users/nanda/Downloads/ros2_ws/install/robot_bringup/share/robot_bringup/package.dsv'
[56.870s] INFO:colcon.colcon_core.shell:Creating package script '/mnt/c/Users/nanda/Downloads/ros2_ws/install/robot_bringup/share/robot_bringup/package.sh'
[57.119s] INFO:colcon.colcon_core.shell:Creating package script '/mnt/c/Users/nanda/Downloads/ros2_ws/install/robot_bringup/share/robot_bringup/package.bash'
[57.308s] INFO:colcon.colcon_core.shell:Creating package script '/mnt/c/Users/nanda/Downloads/ros2_ws/install/robot_bringup/share/robot_bringup/package.zsh'
[57.582s] Level 1:colcon.colcon_core.environment:create_file_with_runtime_dependencies(/mnt/c/Users/nanda/Downloads/ros2_ws/install/robot_bringup/share/colcon-core/packages/robot_bringup)
[57.749s] DEBUG:colcon.colcon_parallel_executor.executor.parallel:closing loop
[57.753s] DEBUG:colcon.colcon_parallel_executor.executor.parallel:loop closed
[57.759s] DEBUG:colcon.colcon_parallel_executor.executor.parallel:run_until_complete finished with '0'
[57.763s] DEBUG:colcon.colcon_core.event_reactor:joining thread
[59.073s] INFO:colcon.colcon_core.plugin_system:Skipping extension 'colcon_notification.desktop_notification.notify_send': Could not find 'notify-send'
[59.075s] INFO:colcon.colcon_core.plugin_system:Skipping extension 'colcon_notification.desktop_notification.terminal_notifier': Not used on non-Darwin systems
[59.077s] INFO:colcon.colcon_core.plugin_system:Skipping extension 'colcon_notification.desktop_notification.win32': Not used on non-Windows systems
[59.078s] INFO:colcon.colcon_notification.desktop_notification:Sending desktop notification using 'notify2'
[59.083s] DEBUG:colcon.colcon_notification.desktop_notification.notify2:Failed to initialize notify2: org.freedesktop.DBus.Error.ServiceUnknown: The name org.freedesktop.Notifications was not provided by any .service files
[59.085s] DEBUG:colcon.colcon_core.event_reactor:joined thread
[59.090s] INFO:colcon.colcon_core.shell:Creating prefix script '/mnt/c/Users/nanda/Downloads/ros2_ws/install/local_setup.ps1'
[59.156s] INFO:colcon.colcon_core.shell:Creating prefix util module '/mnt/c/Users/nanda/Downloads/ros2_ws/install/_local_setup_util_ps1.py'
[59.200s] INFO:colcon.colcon_core.shell:Creating prefix chain script '/mnt/c/Users/nanda/Downloads/ros2_ws/install/setup.ps1'
[59.276s] INFO:colcon.colcon_core.shell:Creating prefix script '/mnt/c/Users/nanda/Downloads/ros2_ws/install/local_setup.sh'
[59.330s] INFO:colcon.colcon_core.shell:Creating prefix util module '/mnt/c/Users/nanda/Downloads/ros2_ws/install/_local_setup_util_sh.py'
[59.393s] INFO:colcon.colcon_core.shell:Creating prefix chain script '/mnt/c/Users/nanda/Downloads/ros2_ws/install/setup.sh'
[59.490s] INFO:colcon.colcon_core.shell:Creating prefix script '/mnt/c/Users/nanda/Downloads/ros2_ws/install/local_setup.bash'
[59.551s] INFO:colcon.colcon_core.shell:Creating prefix chain script '/mnt/c/Users/nanda/Downloads/ros2_ws/install/setup.bash'
[59.620s] INFO:colcon.colcon_core.shell:Creating prefix script '/mnt/c/Users/nanda/Downloads/ros2_ws/install/local_setup.zsh'
[59.674s] INFO:colcon.colcon_core.shell:Creating prefix chain script '/mnt/c/Users/nanda/Downloads/ros2_ws/install/setup.zsh'
